running develop
running egg_info
creating estimation_pkg.egg-info
writing estimation_pkg.egg-info/PKG-INFO
writing dependency_links to estimation_pkg.egg-info/dependency_links.txt
writing entry points to estimation_pkg.egg-info/entry_points.txt
writing requirements to estimation_pkg.egg-info/requires.txt
writing top-level names to estimation_pkg.egg-info/top_level.txt
writing manifest file 'estimation_pkg.egg-info/SOURCES.txt'
reading manifest file 'estimation_pkg.egg-info/SOURCES.txt'
writing manifest file 'estimation_pkg.egg-info/SOURCES.txt'
running build_ext
Creating /home/daeyun/LSTM-force-estimation/install/estimation_pkg/lib/python3.10/site-packages/estimation-pkg.egg-link (link to .)
Installing segment_angle_estimator script to /home/daeyun/LSTM-force-estimation/install/estimation_pkg/lib/estimation_pkg

Installed /home/daeyun/LSTM-force-estimation/build/estimation_pkg
running symlink_data
creating /home/daeyun/LSTM-force-estimation/install/estimation_pkg/share/ament_index
creating /home/daeyun/LSTM-force-estimation/install/estimation_pkg/share/ament_index/resource_index
creating /home/daeyun/LSTM-force-estimation/install/estimation_pkg/share/ament_index/resource_index/packages
symbolically linking /home/daeyun/LSTM-force-estimation/build/estimation_pkg/resource/estimation_pkg -> /home/daeyun/LSTM-force-estimation/install/estimation_pkg/share/ament_index/resource_index/packages
symbolically linking /home/daeyun/LSTM-force-estimation/build/estimation_pkg/package.xml -> /home/daeyun/LSTM-force-estimation/install/estimation_pkg/share/estimation_pkg
creating /home/daeyun/LSTM-force-estimation/install/estimation_pkg/share/estimation_pkg/launch
