[0.005s] Invoking command in '/home/daeyun/LSTM-force-estimation/build/custom_interfaces': CMAKE_PREFIX_PATH=${CMAKE_PREFIX_PATH}:/home/daeyun/LSTM-force-estimation/install/estimation_pkg:/opt/ros/humble PS1=(LSTM-FORCE-ESTIMATION-VENV) \[\e]0;\u@\h: \w\a\]${debian_chroot:+($debian_chroot)}\[\033[01;32m\]\u@\h\[\033[00m\]:\[\033[01;34m\]\w\[\033[00m\]\$ VIRTUAL_ENV_PROMPT=(LSTM-FORCE-ESTIMATION-VENV) /usr/bin/cmake --build /home/daeyun/LSTM-force-estimation/build/custom_interfaces -- -j24 -l24
[0.031s] [  1%] Built target custom_interfaces__cpp
[0.032s] [ 12%] Built target custom_interfaces__rosidl_generator_c
[0.035s] [ 12%] Built target ament_cmake_python_symlink_custom_interfaces
[0.043s] [ 35%] Built target custom_interfaces__rosidl_typesupport_c
[0.043s] [ 35%] Built target custom_interfaces__rosidl_typesupport_cpp
[0.044s] [ 46%] Built target custom_interfaces__rosidl_typesupport_introspection_cpp
[0.044s] [ 58%] Built target custom_interfaces__rosidl_typesupport_fastrtps_cpp
[0.044s] [ 69%] Built target custom_interfaces__rosidl_typesupport_introspection_c
[0.044s] [ 81%] Built target custom_interfaces__rosidl_typesupport_fastrtps_c
[0.054s] [ 81%] Built target custom_interfaces
[0.065s] [ 82%] Built target custom_interfaces__py
[0.077s] [ 92%] Built target custom_interfaces__rosidl_generator_py
[0.088s] [ 94%] Built target custom_interfaces__rosidl_typesupport_fastrtps_c__pyext
[0.088s] [ 97%] Built target custom_interfaces__rosidl_typesupport_c__pyext
[0.088s] [100%] Built target custom_interfaces__rosidl_typesupport_introspection_c__pyext
[0.160s] running egg_info
[0.161s] writing custom_interfaces.egg-info/PKG-INFO
[0.161s] writing dependency_links to custom_interfaces.egg-info/dependency_links.txt
[0.161s] writing top-level names to custom_interfaces.egg-info/top_level.txt
[0.162s] reading manifest file 'custom_interfaces.egg-info/SOURCES.txt'
[0.162s] writing manifest file 'custom_interfaces.egg-info/SOURCES.txt'
[0.175s] [100%] Built target ament_cmake_python_build_custom_interfaces_egg
[0.182s] Invoked command in '/home/daeyun/LSTM-force-estimation/build/custom_interfaces' returned '0': CMAKE_PREFIX_PATH=${CMAKE_PREFIX_PATH}:/home/daeyun/LSTM-force-estimation/install/estimation_pkg:/opt/ros/humble PS1=(LSTM-FORCE-ESTIMATION-VENV) \[\e]0;\u@\h: \w\a\]${debian_chroot:+($debian_chroot)}\[\033[01;32m\]\u@\h\[\033[00m\]:\[\033[01;34m\]\w\[\033[00m\]\$ VIRTUAL_ENV_PROMPT=(LSTM-FORCE-ESTIMATION-VENV) /usr/bin/cmake --build /home/daeyun/LSTM-force-estimation/build/custom_interfaces -- -j24 -l24
[0.267s] Invoking command in '/home/daeyun/LSTM-force-estimation/build/custom_interfaces': CMAKE_PREFIX_PATH=${CMAKE_PREFIX_PATH}:/home/daeyun/LSTM-force-estimation/install/estimation_pkg:/opt/ros/humble PS1=(LSTM-FORCE-ESTIMATION-VENV) \[\e]0;\u@\h: \w\a\]${debian_chroot:+($debian_chroot)}\[\033[01;32m\]\u@\h\[\033[00m\]:\[\033[01;34m\]\w\[\033[00m\]\$ VIRTUAL_ENV_PROMPT=(LSTM-FORCE-ESTIMATION-VENV) /usr/bin/cmake --install /home/daeyun/LSTM-force-estimation/build/custom_interfaces
[0.271s] -- Install configuration: ""
[0.272s] -- Execute custom install script
[0.272s] -- Up-to-date symlink: /home/daeyun/LSTM-force-estimation/install/custom_interfaces/share/ament_index/resource_index/rosidl_interfaces/custom_interfaces
[0.272s] -- Up-to-date symlink: /home/daeyun/LSTM-force-estimation/install/custom_interfaces/include/custom_interfaces/custom_interfaces/msg/data_filter_setting.h
[0.272s] -- Up-to-date symlink: /home/daeyun/LSTM-force-estimation/install/custom_interfaces/include/custom_interfaces/custom_interfaces/msg/detail/data_filter_setting__functions.h
[0.272s] -- Up-to-date symlink: /home/daeyun/LSTM-force-estimation/install/custom_interfaces/include/custom_interfaces/custom_interfaces/msg/detail/data_filter_setting__struct.h
[0.272s] -- Up-to-date symlink: /home/daeyun/LSTM-force-estimation/install/custom_interfaces/include/custom_interfaces/custom_interfaces/msg/detail/data_filter_setting__type_support.h
[0.272s] -- Up-to-date symlink: /home/daeyun/LSTM-force-estimation/install/custom_interfaces/include/custom_interfaces/custom_interfaces/msg/detail/loadcell_state__functions.h
[0.272s] -- Up-to-date symlink: /home/daeyun/LSTM-force-estimation/install/custom_interfaces/include/custom_interfaces/custom_interfaces/msg/detail/loadcell_state__struct.h
[0.272s] -- Up-to-date symlink: /home/daeyun/LSTM-force-estimation/install/custom_interfaces/include/custom_interfaces/custom_interfaces/msg/detail/loadcell_state__type_support.h
[0.272s] -- Up-to-date symlink: /home/daeyun/LSTM-force-estimation/install/custom_interfaces/include/custom_interfaces/custom_interfaces/msg/detail/motor_command__functions.h
[0.272s] -- Up-to-date symlink: /home/daeyun/LSTM-force-estimation/install/custom_interfaces/include/custom_interfaces/custom_interfaces/msg/detail/motor_command__struct.h
[0.272s] -- Up-to-date symlink: /home/daeyun/LSTM-force-estimation/install/custom_interfaces/include/custom_interfaces/custom_interfaces/msg/detail/motor_command__type_support.h
[0.272s] -- Up-to-date symlink: /home/daeyun/LSTM-force-estimation/install/custom_interfaces/include/custom_interfaces/custom_interfaces/msg/detail/motor_command_csv__functions.h
[0.272s] -- Up-to-date symlink: /home/daeyun/LSTM-force-estimation/install/custom_interfaces/include/custom_interfaces/custom_interfaces/msg/detail/motor_command_csv__struct.h
[0.273s] -- Up-to-date symlink: /home/daeyun/LSTM-force-estimation/install/custom_interfaces/include/custom_interfaces/custom_interfaces/msg/detail/motor_command_csv__type_support.h
[0.273s] -- Up-to-date symlink: /home/daeyun/LSTM-force-estimation/install/custom_interfaces/include/custom_interfaces/custom_interfaces/msg/detail/motor_state__functions.h
[0.273s] -- Up-to-date symlink: /home/daeyun/LSTM-force-estimation/install/custom_interfaces/include/custom_interfaces/custom_interfaces/msg/detail/motor_state__struct.h
[0.273s] -- Up-to-date symlink: /home/daeyun/LSTM-force-estimation/install/custom_interfaces/include/custom_interfaces/custom_interfaces/msg/detail/motor_state__type_support.h
[0.273s] -- Up-to-date symlink: /home/daeyun/LSTM-force-estimation/install/custom_interfaces/include/custom_interfaces/custom_interfaces/msg/loadcell_state.h
[0.273s] -- Up-to-date symlink: /home/daeyun/LSTM-force-estimation/install/custom_interfaces/include/custom_interfaces/custom_interfaces/msg/motor_command.h
[0.273s] -- Up-to-date symlink: /home/daeyun/LSTM-force-estimation/install/custom_interfaces/include/custom_interfaces/custom_interfaces/msg/motor_command_csv.h
[0.273s] -- Up-to-date symlink: /home/daeyun/LSTM-force-estimation/install/custom_interfaces/include/custom_interfaces/custom_interfaces/msg/motor_state.h
[0.273s] -- Up-to-date symlink: /home/daeyun/LSTM-force-estimation/install/custom_interfaces/include/custom_interfaces/custom_interfaces/msg/rosidl_generator_c__visibility_control.h
[0.273s] -- Up-to-date symlink: /home/daeyun/LSTM-force-estimation/install/custom_interfaces/include/custom_interfaces/custom_interfaces/srv/detail/move_motor_direct__functions.h
[0.273s] -- Up-to-date symlink: /home/daeyun/LSTM-force-estimation/install/custom_interfaces/include/custom_interfaces/custom_interfaces/srv/detail/move_motor_direct__struct.h
[0.273s] -- Up-to-date symlink: /home/daeyun/LSTM-force-estimation/install/custom_interfaces/include/custom_interfaces/custom_interfaces/srv/detail/move_motor_direct__type_support.h
[0.273s] -- Up-to-date symlink: /home/daeyun/LSTM-force-estimation/install/custom_interfaces/include/custom_interfaces/custom_interfaces/srv/detail/move_tool_angle__functions.h
[0.273s] -- Up-to-date symlink: /home/daeyun/LSTM-force-estimation/install/custom_interfaces/include/custom_interfaces/custom_interfaces/srv/detail/move_tool_angle__struct.h
[0.273s] -- Up-to-date symlink: /home/daeyun/LSTM-force-estimation/install/custom_interfaces/include/custom_interfaces/custom_interfaces/srv/detail/move_tool_angle__type_support.h
[0.273s] -- Up-to-date symlink: /home/daeyun/LSTM-force-estimation/install/custom_interfaces/include/custom_interfaces/custom_interfaces/srv/move_motor_direct.h
[0.273s] -- Up-to-date symlink: /home/daeyun/LSTM-force-estimation/install/custom_interfaces/include/custom_interfaces/custom_interfaces/srv/move_tool_angle.h
[0.273s] -- Up-to-date symlink: /home/daeyun/LSTM-force-estimation/install/custom_interfaces/share/custom_interfaces/environment/library_path.sh
[0.273s] -- Up-to-date symlink: /home/daeyun/LSTM-force-estimation/install/custom_interfaces/share/custom_interfaces/environment/library_path.dsv
[0.273s] -- Up-to-date symlink: /home/daeyun/LSTM-force-estimation/install/custom_interfaces/include/custom_interfaces/custom_interfaces/msg/detail/data_filter_setting__rosidl_typesupport_fastrtps_c.h
[0.274s] -- Up-to-date symlink: /home/daeyun/LSTM-force-estimation/install/custom_interfaces/include/custom_interfaces/custom_interfaces/msg/detail/loadcell_state__rosidl_typesupport_fastrtps_c.h
[0.274s] -- Up-to-date symlink: /home/daeyun/LSTM-force-estimation/install/custom_interfaces/include/custom_interfaces/custom_interfaces/msg/detail/motor_command__rosidl_typesupport_fastrtps_c.h
[0.274s] -- Up-to-date symlink: /home/daeyun/LSTM-force-estimation/install/custom_interfaces/include/custom_interfaces/custom_interfaces/msg/detail/motor_command_csv__rosidl_typesupport_fastrtps_c.h
[0.274s] -- Up-to-date symlink: /home/daeyun/LSTM-force-estimation/install/custom_interfaces/include/custom_interfaces/custom_interfaces/msg/detail/motor_state__rosidl_typesupport_fastrtps_c.h
[0.274s] -- Up-to-date symlink: /home/daeyun/LSTM-force-estimation/install/custom_interfaces/include/custom_interfaces/custom_interfaces/msg/rosidl_typesupport_fastrtps_c__visibility_control.h
[0.274s] -- Up-to-date symlink: /home/daeyun/LSTM-force-estimation/install/custom_interfaces/include/custom_interfaces/custom_interfaces/srv/detail/move_motor_direct__rosidl_typesupport_fastrtps_c.h
[0.274s] -- Up-to-date symlink: /home/daeyun/LSTM-force-estimation/install/custom_interfaces/include/custom_interfaces/custom_interfaces/srv/detail/move_tool_angle__rosidl_typesupport_fastrtps_c.h
[0.274s] -- Up-to-date symlink: /home/daeyun/LSTM-force-estimation/install/custom_interfaces/include/custom_interfaces/custom_interfaces/msg/data_filter_setting.hpp
[0.274s] -- Up-to-date symlink: /home/daeyun/LSTM-force-estimation/install/custom_interfaces/include/custom_interfaces/custom_interfaces/msg/detail/data_filter_setting__builder.hpp
[0.274s] -- Up-to-date symlink: /home/daeyun/LSTM-force-estimation/install/custom_interfaces/include/custom_interfaces/custom_interfaces/msg/detail/data_filter_setting__struct.hpp
[0.274s] -- Up-to-date symlink: /home/daeyun/LSTM-force-estimation/install/custom_interfaces/include/custom_interfaces/custom_interfaces/msg/detail/data_filter_setting__traits.hpp
[0.274s] -- Up-to-date symlink: /home/daeyun/LSTM-force-estimation/install/custom_interfaces/include/custom_interfaces/custom_interfaces/msg/detail/loadcell_state__builder.hpp
[0.274s] -- Up-to-date symlink: /home/daeyun/LSTM-force-estimation/install/custom_interfaces/include/custom_interfaces/custom_interfaces/msg/detail/loadcell_state__struct.hpp
[0.274s] -- Up-to-date symlink: /home/daeyun/LSTM-force-estimation/install/custom_interfaces/include/custom_interfaces/custom_interfaces/msg/detail/loadcell_state__traits.hpp
[0.274s] -- Up-to-date symlink: /home/daeyun/LSTM-force-estimation/install/custom_interfaces/include/custom_interfaces/custom_interfaces/msg/detail/motor_command__builder.hpp
[0.274s] -- Up-to-date symlink: /home/daeyun/LSTM-force-estimation/install/custom_interfaces/include/custom_interfaces/custom_interfaces/msg/detail/motor_command__struct.hpp
[0.274s] -- Up-to-date symlink: /home/daeyun/LSTM-force-estimation/install/custom_interfaces/include/custom_interfaces/custom_interfaces/msg/detail/motor_command__traits.hpp
[0.274s] -- Up-to-date symlink: /home/daeyun/LSTM-force-estimation/install/custom_interfaces/include/custom_interfaces/custom_interfaces/msg/detail/motor_command_csv__builder.hpp
[0.274s] -- Up-to-date symlink: /home/daeyun/LSTM-force-estimation/install/custom_interfaces/include/custom_interfaces/custom_interfaces/msg/detail/motor_command_csv__struct.hpp
[0.274s] -- Up-to-date symlink: /home/daeyun/LSTM-force-estimation/install/custom_interfaces/include/custom_interfaces/custom_interfaces/msg/detail/motor_command_csv__traits.hpp
[0.274s] -- Up-to-date symlink: /home/daeyun/LSTM-force-estimation/install/custom_interfaces/include/custom_interfaces/custom_interfaces/msg/detail/motor_state__builder.hpp
[0.275s] -- Up-to-date symlink: /home/daeyun/LSTM-force-estimation/install/custom_interfaces/include/custom_interfaces/custom_interfaces/msg/detail/motor_state__struct.hpp
[0.275s] -- Up-to-date symlink: /home/daeyun/LSTM-force-estimation/install/custom_interfaces/include/custom_interfaces/custom_interfaces/msg/detail/motor_state__traits.hpp
[0.275s] -- Up-to-date symlink: /home/daeyun/LSTM-force-estimation/install/custom_interfaces/include/custom_interfaces/custom_interfaces/msg/loadcell_state.hpp
[0.275s] -- Up-to-date symlink: /home/daeyun/LSTM-force-estimation/install/custom_interfaces/include/custom_interfaces/custom_interfaces/msg/motor_command.hpp
[0.275s] -- Up-to-date symlink: /home/daeyun/LSTM-force-estimation/install/custom_interfaces/include/custom_interfaces/custom_interfaces/msg/motor_command_csv.hpp
[0.275s] -- Up-to-date symlink: /home/daeyun/LSTM-force-estimation/install/custom_interfaces/include/custom_interfaces/custom_interfaces/msg/motor_state.hpp
[0.275s] -- Up-to-date symlink: /home/daeyun/LSTM-force-estimation/install/custom_interfaces/include/custom_interfaces/custom_interfaces/srv/detail/move_motor_direct__builder.hpp
[0.275s] -- Up-to-date symlink: /home/daeyun/LSTM-force-estimation/install/custom_interfaces/include/custom_interfaces/custom_interfaces/srv/detail/move_motor_direct__struct.hpp
[0.275s] -- Up-to-date symlink: /home/daeyun/LSTM-force-estimation/install/custom_interfaces/include/custom_interfaces/custom_interfaces/srv/detail/move_motor_direct__traits.hpp
[0.275s] -- Up-to-date symlink: /home/daeyun/LSTM-force-estimation/install/custom_interfaces/include/custom_interfaces/custom_interfaces/srv/detail/move_tool_angle__builder.hpp
[0.275s] -- Up-to-date symlink: /home/daeyun/LSTM-force-estimation/install/custom_interfaces/include/custom_interfaces/custom_interfaces/srv/detail/move_tool_angle__struct.hpp
[0.275s] -- Up-to-date symlink: /home/daeyun/LSTM-force-estimation/install/custom_interfaces/include/custom_interfaces/custom_interfaces/srv/detail/move_tool_angle__traits.hpp
[0.275s] -- Up-to-date symlink: /home/daeyun/LSTM-force-estimation/install/custom_interfaces/include/custom_interfaces/custom_interfaces/srv/move_motor_direct.hpp
[0.275s] -- Up-to-date symlink: /home/daeyun/LSTM-force-estimation/install/custom_interfaces/include/custom_interfaces/custom_interfaces/srv/move_tool_angle.hpp
[0.275s] -- Up-to-date symlink: /home/daeyun/LSTM-force-estimation/install/custom_interfaces/include/custom_interfaces/custom_interfaces/msg/detail/data_filter_setting__rosidl_typesupport_fastrtps_cpp.hpp
[0.275s] -- Up-to-date symlink: /home/daeyun/LSTM-force-estimation/install/custom_interfaces/include/custom_interfaces/custom_interfaces/msg/detail/loadcell_state__rosidl_typesupport_fastrtps_cpp.hpp
[0.275s] -- Up-to-date symlink: /home/daeyun/LSTM-force-estimation/install/custom_interfaces/include/custom_interfaces/custom_interfaces/msg/detail/motor_command__rosidl_typesupport_fastrtps_cpp.hpp
[0.275s] -- Up-to-date symlink: /home/daeyun/LSTM-force-estimation/install/custom_interfaces/include/custom_interfaces/custom_interfaces/msg/detail/motor_command_csv__rosidl_typesupport_fastrtps_cpp.hpp
[0.275s] -- Up-to-date symlink: /home/daeyun/LSTM-force-estimation/install/custom_interfaces/include/custom_interfaces/custom_interfaces/msg/detail/motor_state__rosidl_typesupport_fastrtps_cpp.hpp
[0.276s] -- Up-to-date symlink: /home/daeyun/LSTM-force-estimation/install/custom_interfaces/include/custom_interfaces/custom_interfaces/msg/rosidl_typesupport_fastrtps_cpp__visibility_control.h
[0.276s] -- Up-to-date symlink: /home/daeyun/LSTM-force-estimation/install/custom_interfaces/include/custom_interfaces/custom_interfaces/srv/detail/move_motor_direct__rosidl_typesupport_fastrtps_cpp.hpp
[0.276s] -- Up-to-date symlink: /home/daeyun/LSTM-force-estimation/install/custom_interfaces/include/custom_interfaces/custom_interfaces/srv/detail/move_tool_angle__rosidl_typesupport_fastrtps_cpp.hpp
[0.276s] -- Up-to-date symlink: /home/daeyun/LSTM-force-estimation/install/custom_interfaces/include/custom_interfaces/custom_interfaces/msg/detail/data_filter_setting__rosidl_typesupport_introspection_c.h
[0.276s] -- Up-to-date symlink: /home/daeyun/LSTM-force-estimation/install/custom_interfaces/include/custom_interfaces/custom_interfaces/msg/detail/loadcell_state__rosidl_typesupport_introspection_c.h
[0.276s] -- Up-to-date symlink: /home/daeyun/LSTM-force-estimation/install/custom_interfaces/include/custom_interfaces/custom_interfaces/msg/detail/motor_command__rosidl_typesupport_introspection_c.h
[0.276s] -- Up-to-date symlink: /home/daeyun/LSTM-force-estimation/install/custom_interfaces/include/custom_interfaces/custom_interfaces/msg/detail/motor_command_csv__rosidl_typesupport_introspection_c.h
[0.276s] -- Up-to-date symlink: /home/daeyun/LSTM-force-estimation/install/custom_interfaces/include/custom_interfaces/custom_interfaces/msg/detail/motor_state__rosidl_typesupport_introspection_c.h
[0.276s] -- Up-to-date symlink: /home/daeyun/LSTM-force-estimation/install/custom_interfaces/include/custom_interfaces/custom_interfaces/msg/rosidl_typesupport_introspection_c__visibility_control.h
[0.276s] -- Up-to-date symlink: /home/daeyun/LSTM-force-estimation/install/custom_interfaces/include/custom_interfaces/custom_interfaces/srv/detail/move_motor_direct__rosidl_typesupport_introspection_c.h
[0.276s] -- Up-to-date symlink: /home/daeyun/LSTM-force-estimation/install/custom_interfaces/include/custom_interfaces/custom_interfaces/srv/detail/move_tool_angle__rosidl_typesupport_introspection_c.h
[0.276s] -- Up-to-date symlink: /home/daeyun/LSTM-force-estimation/install/custom_interfaces/include/custom_interfaces/custom_interfaces/msg/detail/data_filter_setting__rosidl_typesupport_introspection_cpp.hpp
[0.276s] -- Up-to-date symlink: /home/daeyun/LSTM-force-estimation/install/custom_interfaces/include/custom_interfaces/custom_interfaces/msg/detail/loadcell_state__rosidl_typesupport_introspection_cpp.hpp
[0.276s] -- Up-to-date symlink: /home/daeyun/LSTM-force-estimation/install/custom_interfaces/include/custom_interfaces/custom_interfaces/msg/detail/motor_command__rosidl_typesupport_introspection_cpp.hpp
[0.276s] -- Up-to-date symlink: /home/daeyun/LSTM-force-estimation/install/custom_interfaces/include/custom_interfaces/custom_interfaces/msg/detail/motor_command_csv__rosidl_typesupport_introspection_cpp.hpp
[0.276s] -- Up-to-date symlink: /home/daeyun/LSTM-force-estimation/install/custom_interfaces/include/custom_interfaces/custom_interfaces/msg/detail/motor_state__rosidl_typesupport_introspection_cpp.hpp
[0.276s] -- Up-to-date symlink: /home/daeyun/LSTM-force-estimation/install/custom_interfaces/include/custom_interfaces/custom_interfaces/srv/detail/move_motor_direct__rosidl_typesupport_introspection_cpp.hpp
[0.276s] -- Up-to-date symlink: /home/daeyun/LSTM-force-estimation/install/custom_interfaces/include/custom_interfaces/custom_interfaces/srv/detail/move_tool_angle__rosidl_typesupport_introspection_cpp.hpp
[0.277s] -- Up-to-date symlink: /home/daeyun/LSTM-force-estimation/install/custom_interfaces/share/custom_interfaces/environment/pythonpath.sh
[0.277s] -- Up-to-date symlink: /home/daeyun/LSTM-force-estimation/install/custom_interfaces/share/custom_interfaces/environment/pythonpath.dsv
[0.277s] -- Up-to-date symlink: /home/daeyun/LSTM-force-estimation/install/custom_interfaces/lib/python3.10/site-packages/custom_interfaces-0.0.0-py3.10.egg-info/PKG-INFO
[0.277s] -- Up-to-date symlink: /home/daeyun/LSTM-force-estimation/install/custom_interfaces/lib/python3.10/site-packages/custom_interfaces-0.0.0-py3.10.egg-info/SOURCES.txt
[0.277s] -- Up-to-date symlink: /home/daeyun/LSTM-force-estimation/install/custom_interfaces/lib/python3.10/site-packages/custom_interfaces-0.0.0-py3.10.egg-info/dependency_links.txt
[0.277s] -- Up-to-date symlink: /home/daeyun/LSTM-force-estimation/install/custom_interfaces/lib/python3.10/site-packages/custom_interfaces-0.0.0-py3.10.egg-info/top_level.txt
[0.277s] -- Up-to-date symlink: /home/daeyun/LSTM-force-estimation/install/custom_interfaces/lib/python3.10/site-packages/custom_interfaces/__init__.py
[0.277s] -- Up-to-date symlink: /home/daeyun/LSTM-force-estimation/install/custom_interfaces/lib/python3.10/site-packages/custom_interfaces/_custom_interfaces_s.ep.rosidl_typesupport_c.c
[0.277s] -- Up-to-date symlink: /home/daeyun/LSTM-force-estimation/install/custom_interfaces/lib/python3.10/site-packages/custom_interfaces/_custom_interfaces_s.ep.rosidl_typesupport_fastrtps_c.c
[0.277s] -- Up-to-date symlink: /home/daeyun/LSTM-force-estimation/install/custom_interfaces/lib/python3.10/site-packages/custom_interfaces/_custom_interfaces_s.ep.rosidl_typesupport_introspection_c.c
[0.277s] -- Up-to-date symlink: /home/daeyun/LSTM-force-estimation/install/custom_interfaces/lib/python3.10/site-packages/custom_interfaces/custom_interfaces_s__rosidl_typesupport_c.cpython-310-x86_64-linux-gnu.so
[0.277s] -- Up-to-date symlink: /home/daeyun/LSTM-force-estimation/install/custom_interfaces/lib/python3.10/site-packages/custom_interfaces/custom_interfaces_s__rosidl_typesupport_fastrtps_c.cpython-310-x86_64-linux-gnu.so
[0.277s] -- Up-to-date symlink: /home/daeyun/LSTM-force-estimation/install/custom_interfaces/lib/python3.10/site-packages/custom_interfaces/custom_interfaces_s__rosidl_typesupport_introspection_c.cpython-310-x86_64-linux-gnu.so
[0.277s] -- Up-to-date symlink: /home/daeyun/LSTM-force-estimation/install/custom_interfaces/lib/python3.10/site-packages/custom_interfaces/libcustom_interfaces__rosidl_generator_py.so
[0.277s] -- Up-to-date symlink: /home/daeyun/LSTM-force-estimation/install/custom_interfaces/lib/python3.10/site-packages/custom_interfaces/msg/__init__.py
[0.277s] -- Up-to-date symlink: /home/daeyun/LSTM-force-estimation/install/custom_interfaces/lib/python3.10/site-packages/custom_interfaces/msg/_data_filter_setting.py
[0.277s] -- Up-to-date symlink: /home/daeyun/LSTM-force-estimation/install/custom_interfaces/lib/python3.10/site-packages/custom_interfaces/msg/_data_filter_setting_s.c
[0.278s] -- Up-to-date symlink: /home/daeyun/LSTM-force-estimation/install/custom_interfaces/lib/python3.10/site-packages/custom_interfaces/msg/_loadcell_state.py
[0.278s] -- Up-to-date symlink: /home/daeyun/LSTM-force-estimation/install/custom_interfaces/lib/python3.10/site-packages/custom_interfaces/msg/_loadcell_state_s.c
[0.278s] -- Up-to-date symlink: /home/daeyun/LSTM-force-estimation/install/custom_interfaces/lib/python3.10/site-packages/custom_interfaces/msg/_motor_command.py
[0.278s] -- Up-to-date symlink: /home/daeyun/LSTM-force-estimation/install/custom_interfaces/lib/python3.10/site-packages/custom_interfaces/msg/_motor_command_csv.py
[0.278s] -- Up-to-date symlink: /home/daeyun/LSTM-force-estimation/install/custom_interfaces/lib/python3.10/site-packages/custom_interfaces/msg/_motor_command_csv_s.c
[0.278s] -- Up-to-date symlink: /home/daeyun/LSTM-force-estimation/install/custom_interfaces/lib/python3.10/site-packages/custom_interfaces/msg/_motor_command_s.c
[0.278s] -- Up-to-date symlink: /home/daeyun/LSTM-force-estimation/install/custom_interfaces/lib/python3.10/site-packages/custom_interfaces/msg/_motor_state.py
[0.278s] -- Up-to-date symlink: /home/daeyun/LSTM-force-estimation/install/custom_interfaces/lib/python3.10/site-packages/custom_interfaces/msg/_motor_state_s.c
[0.278s] -- Up-to-date symlink: /home/daeyun/LSTM-force-estimation/install/custom_interfaces/lib/python3.10/site-packages/custom_interfaces/srv/__init__.py
[0.278s] -- Up-to-date symlink: /home/daeyun/LSTM-force-estimation/install/custom_interfaces/lib/python3.10/site-packages/custom_interfaces/srv/_move_motor_direct.py
[0.278s] -- Up-to-date symlink: /home/daeyun/LSTM-force-estimation/install/custom_interfaces/lib/python3.10/site-packages/custom_interfaces/srv/_move_motor_direct_s.c
[0.278s] -- Up-to-date symlink: /home/daeyun/LSTM-force-estimation/install/custom_interfaces/lib/python3.10/site-packages/custom_interfaces/srv/_move_tool_angle.py
[0.278s] -- Up-to-date symlink: /home/daeyun/LSTM-force-estimation/install/custom_interfaces/lib/python3.10/site-packages/custom_interfaces/srv/_move_tool_angle_s.c
[0.278s] -- Up-to-date symlink: /home/daeyun/LSTM-force-estimation/install/custom_interfaces/lib/python3.10/site-packages/custom_interfaces/custom_interfaces_s__rosidl_typesupport_fastrtps_c.cpython-310-x86_64-linux-gnu.so
[0.278s] -- Up-to-date symlink: /home/daeyun/LSTM-force-estimation/install/custom_interfaces/lib/python3.10/site-packages/custom_interfaces/custom_interfaces_s__rosidl_typesupport_introspection_c.cpython-310-x86_64-linux-gnu.so
[0.278s] -- Up-to-date symlink: /home/daeyun/LSTM-force-estimation/install/custom_interfaces/lib/python3.10/site-packages/custom_interfaces/custom_interfaces_s__rosidl_typesupport_c.cpython-310-x86_64-linux-gnu.so
[0.278s] -- Up-to-date symlink: /home/daeyun/LSTM-force-estimation/install/custom_interfaces/share/custom_interfaces/msg/MotorState.idl
[0.278s] -- Up-to-date symlink: /home/daeyun/LSTM-force-estimation/install/custom_interfaces/share/custom_interfaces/msg/MotorCommand.idl
[0.278s] -- Up-to-date symlink: /home/daeyun/LSTM-force-estimation/install/custom_interfaces/share/custom_interfaces/msg/MotorCommandCSV.idl
[0.279s] -- Up-to-date symlink: /home/daeyun/LSTM-force-estimation/install/custom_interfaces/share/custom_interfaces/msg/LoadcellState.idl
[0.279s] -- Up-to-date symlink: /home/daeyun/LSTM-force-estimation/install/custom_interfaces/share/custom_interfaces/msg/DataFilterSetting.idl
[0.279s] -- Up-to-date symlink: /home/daeyun/LSTM-force-estimation/install/custom_interfaces/share/custom_interfaces/srv/MoveMotorDirect.idl
[0.279s] -- Up-to-date symlink: /home/daeyun/LSTM-force-estimation/install/custom_interfaces/share/custom_interfaces/srv/MoveToolAngle.idl
[0.279s] -- Up-to-date symlink: /home/daeyun/LSTM-force-estimation/install/custom_interfaces/share/custom_interfaces/msg/MotorState.msg
[0.279s] -- Up-to-date symlink: /home/daeyun/LSTM-force-estimation/install/custom_interfaces/share/custom_interfaces/msg/MotorCommand.msg
[0.279s] -- Up-to-date symlink: /home/daeyun/LSTM-force-estimation/install/custom_interfaces/share/custom_interfaces/msg/MotorCommandCSV.msg
[0.279s] -- Up-to-date symlink: /home/daeyun/LSTM-force-estimation/install/custom_interfaces/share/custom_interfaces/msg/LoadcellState.msg
[0.279s] -- Up-to-date symlink: /home/daeyun/LSTM-force-estimation/install/custom_interfaces/share/custom_interfaces/msg/DataFilterSetting.msg
[0.279s] -- Up-to-date symlink: /home/daeyun/LSTM-force-estimation/install/custom_interfaces/share/custom_interfaces/surgicaltool/MoveMotorDirect.srv
[0.279s] -- Up-to-date symlink: /home/daeyun/LSTM-force-estimation/install/custom_interfaces/share/custom_interfaces/surgicaltool/MoveMotorDirect_Request.msg
[0.279s] -- Up-to-date symlink: /home/daeyun/LSTM-force-estimation/install/custom_interfaces/share/custom_interfaces/surgicaltool/MoveMotorDirect_Response.msg
[0.279s] -- Up-to-date symlink: /home/daeyun/LSTM-force-estimation/install/custom_interfaces/share/custom_interfaces/surgicaltool/MoveToolAngle.srv
[0.279s] -- Up-to-date symlink: /home/daeyun/LSTM-force-estimation/install/custom_interfaces/share/custom_interfaces/surgicaltool/MoveToolAngle_Request.msg
[0.279s] -- Up-to-date symlink: /home/daeyun/LSTM-force-estimation/install/custom_interfaces/share/custom_interfaces/surgicaltool/MoveToolAngle_Response.msg
[0.279s] -- Up-to-date symlink: /home/daeyun/LSTM-force-estimation/install/custom_interfaces/share/ament_index/resource_index/package_run_dependencies/custom_interfaces
[0.279s] -- Up-to-date symlink: /home/daeyun/LSTM-force-estimation/install/custom_interfaces/share/ament_index/resource_index/parent_prefix_path/custom_interfaces
[0.280s] -- Up-to-date symlink: /home/daeyun/LSTM-force-estimation/install/custom_interfaces/share/custom_interfaces/environment/ament_prefix_path.sh
[0.280s] -- Up-to-date symlink: /home/daeyun/LSTM-force-estimation/install/custom_interfaces/share/custom_interfaces/environment/ament_prefix_path.dsv
[0.280s] -- Up-to-date symlink: /home/daeyun/LSTM-force-estimation/install/custom_interfaces/share/custom_interfaces/environment/path.sh
[0.280s] -- Up-to-date symlink: /home/daeyun/LSTM-force-estimation/install/custom_interfaces/share/custom_interfaces/environment/path.dsv
[0.280s] -- Up-to-date symlink: /home/daeyun/LSTM-force-estimation/install/custom_interfaces/share/custom_interfaces/local_setup.bash
[0.280s] -- Up-to-date symlink: /home/daeyun/LSTM-force-estimation/install/custom_interfaces/share/custom_interfaces/local_setup.sh
[0.280s] -- Up-to-date symlink: /home/daeyun/LSTM-force-estimation/install/custom_interfaces/share/custom_interfaces/local_setup.zsh
[0.280s] -- Up-to-date symlink: /home/daeyun/LSTM-force-estimation/install/custom_interfaces/share/custom_interfaces/local_setup.dsv
[0.280s] -- Symlinking: /home/daeyun/LSTM-force-estimation/install/custom_interfaces/share/custom_interfaces/package.dsv
[0.284s] -- Up-to-date symlink: /home/daeyun/LSTM-force-estimation/install/custom_interfaces/share/ament_index/resource_index/packages/custom_interfaces
[0.284s] -- Up-to-date symlink: /home/daeyun/LSTM-force-estimation/install/custom_interfaces/share/custom_interfaces/cmake/rosidl_cmake-extras.cmake
[0.284s] -- Up-to-date symlink: /home/daeyun/LSTM-force-estimation/install/custom_interfaces/share/custom_interfaces/cmake/ament_cmake_export_dependencies-extras.cmake
[0.284s] -- Up-to-date symlink: /home/daeyun/LSTM-force-estimation/install/custom_interfaces/share/custom_interfaces/cmake/ament_cmake_export_include_directories-extras.cmake
[0.285s] -- Up-to-date symlink: /home/daeyun/LSTM-force-estimation/install/custom_interfaces/share/custom_interfaces/cmake/ament_cmake_export_libraries-extras.cmake
[0.285s] -- Up-to-date symlink: /home/daeyun/LSTM-force-estimation/install/custom_interfaces/share/custom_interfaces/cmake/ament_cmake_export_targets-extras.cmake
[0.285s] -- Up-to-date symlink: /home/daeyun/LSTM-force-estimation/install/custom_interfaces/share/custom_interfaces/cmake/rosidl_cmake_export_typesupport_targets-extras.cmake
[0.285s] -- Up-to-date symlink: /home/daeyun/LSTM-force-estimation/install/custom_interfaces/share/custom_interfaces/cmake/rosidl_cmake_export_typesupport_libraries-extras.cmake
[0.285s] -- Up-to-date symlink: /home/daeyun/LSTM-force-estimation/install/custom_interfaces/share/custom_interfaces/cmake/custom_interfacesConfig.cmake
[0.285s] -- Up-to-date symlink: /home/daeyun/LSTM-force-estimation/install/custom_interfaces/share/custom_interfaces/cmake/custom_interfacesConfig-version.cmake
[0.285s] -- Up-to-date symlink: /home/daeyun/LSTM-force-estimation/install/custom_interfaces/share/custom_interfaces/package.xml
[0.285s] -- Up-to-date: /home/daeyun/LSTM-force-estimation/install/custom_interfaces/lib/libcustom_interfaces__rosidl_generator_c.so
[0.285s] -- Up-to-date: /home/daeyun/LSTM-force-estimation/install/custom_interfaces/lib/libcustom_interfaces__rosidl_typesupport_fastrtps_c.so
[0.285s] -- Up-to-date: /home/daeyun/LSTM-force-estimation/install/custom_interfaces/lib/libcustom_interfaces__rosidl_typesupport_fastrtps_cpp.so
[0.285s] -- Up-to-date: /home/daeyun/LSTM-force-estimation/install/custom_interfaces/lib/libcustom_interfaces__rosidl_typesupport_introspection_c.so
[0.285s] -- Up-to-date: /home/daeyun/LSTM-force-estimation/install/custom_interfaces/lib/libcustom_interfaces__rosidl_typesupport_c.so
[0.285s] -- Up-to-date: /home/daeyun/LSTM-force-estimation/install/custom_interfaces/lib/libcustom_interfaces__rosidl_typesupport_introspection_cpp.so
[0.286s] -- Up-to-date: /home/daeyun/LSTM-force-estimation/install/custom_interfaces/lib/libcustom_interfaces__rosidl_typesupport_cpp.so
[0.302s] Listing '/home/daeyun/LSTM-force-estimation/install/custom_interfaces/lib/python3.10/site-packages/custom_interfaces'...
[0.302s] Listing '/home/daeyun/LSTM-force-estimation/install/custom_interfaces/lib/python3.10/site-packages/custom_interfaces/msg'...
[0.302s] Listing '/home/daeyun/LSTM-force-estimation/install/custom_interfaces/lib/python3.10/site-packages/custom_interfaces/srv'...
[0.304s] -- Up-to-date: /home/daeyun/LSTM-force-estimation/install/custom_interfaces/lib/libcustom_interfaces__rosidl_generator_py.so
[0.304s] -- Up-to-date: /home/daeyun/LSTM-force-estimation/install/custom_interfaces/share/custom_interfaces/cmake/export_custom_interfaces__rosidl_generator_cExport.cmake
[0.304s] -- Up-to-date: /home/daeyun/LSTM-force-estimation/install/custom_interfaces/share/custom_interfaces/cmake/export_custom_interfaces__rosidl_generator_cExport-noconfig.cmake
[0.304s] -- Up-to-date: /home/daeyun/LSTM-force-estimation/install/custom_interfaces/share/custom_interfaces/cmake/export_custom_interfaces__rosidl_typesupport_fastrtps_cExport.cmake
[0.304s] -- Up-to-date: /home/daeyun/LSTM-force-estimation/install/custom_interfaces/share/custom_interfaces/cmake/export_custom_interfaces__rosidl_typesupport_fastrtps_cExport-noconfig.cmake
[0.304s] -- Up-to-date: /home/daeyun/LSTM-force-estimation/install/custom_interfaces/share/custom_interfaces/cmake/export_custom_interfaces__rosidl_generator_cppExport.cmake
[0.305s] -- Up-to-date: /home/daeyun/LSTM-force-estimation/install/custom_interfaces/share/custom_interfaces/cmake/export_custom_interfaces__rosidl_typesupport_fastrtps_cppExport.cmake
[0.305s] -- Up-to-date: /home/daeyun/LSTM-force-estimation/install/custom_interfaces/share/custom_interfaces/cmake/export_custom_interfaces__rosidl_typesupport_fastrtps_cppExport-noconfig.cmake
[0.305s] -- Up-to-date: /home/daeyun/LSTM-force-estimation/install/custom_interfaces/share/custom_interfaces/cmake/custom_interfaces__rosidl_typesupport_introspection_cExport.cmake
[0.305s] -- Up-to-date: /home/daeyun/LSTM-force-estimation/install/custom_interfaces/share/custom_interfaces/cmake/custom_interfaces__rosidl_typesupport_introspection_cExport-noconfig.cmake
[0.305s] -- Up-to-date: /home/daeyun/LSTM-force-estimation/install/custom_interfaces/share/custom_interfaces/cmake/custom_interfaces__rosidl_typesupport_cExport.cmake
[0.305s] -- Up-to-date: /home/daeyun/LSTM-force-estimation/install/custom_interfaces/share/custom_interfaces/cmake/custom_interfaces__rosidl_typesupport_cExport-noconfig.cmake
[0.305s] -- Up-to-date: /home/daeyun/LSTM-force-estimation/install/custom_interfaces/share/custom_interfaces/cmake/custom_interfaces__rosidl_typesupport_introspection_cppExport.cmake
[0.305s] -- Up-to-date: /home/daeyun/LSTM-force-estimation/install/custom_interfaces/share/custom_interfaces/cmake/custom_interfaces__rosidl_typesupport_introspection_cppExport-noconfig.cmake
[0.305s] -- Up-to-date: /home/daeyun/LSTM-force-estimation/install/custom_interfaces/share/custom_interfaces/cmake/custom_interfaces__rosidl_typesupport_cppExport.cmake
[0.305s] -- Up-to-date: /home/daeyun/LSTM-force-estimation/install/custom_interfaces/share/custom_interfaces/cmake/custom_interfaces__rosidl_typesupport_cppExport-noconfig.cmake
[0.305s] -- Up-to-date: /home/daeyun/LSTM-force-estimation/install/custom_interfaces/share/custom_interfaces/cmake/export_custom_interfaces__rosidl_generator_pyExport.cmake
[0.305s] -- Up-to-date: /home/daeyun/LSTM-force-estimation/install/custom_interfaces/share/custom_interfaces/cmake/export_custom_interfaces__rosidl_generator_pyExport-noconfig.cmake
[0.306s] Invoked command in '/home/daeyun/LSTM-force-estimation/build/custom_interfaces' returned '0': CMAKE_PREFIX_PATH=${CMAKE_PREFIX_PATH}:/home/daeyun/LSTM-force-estimation/install/estimation_pkg:/opt/ros/humble PS1=(LSTM-FORCE-ESTIMATION-VENV) \[\e]0;\u@\h: \w\a\]${debian_chroot:+($debian_chroot)}\[\033[01;32m\]\u@\h\[\033[00m\]:\[\033[01;34m\]\w\[\033[00m\]\$ VIRTUAL_ENV_PROMPT=(LSTM-FORCE-ESTIMATION-VENV) /usr/bin/cmake --install /home/daeyun/LSTM-force-estimation/build/custom_interfaces
