[  1%] Built target custom_interfaces__cpp
[ 12%] Built target custom_interfaces__rosidl_generator_c
[ 12%] Built target ament_cmake_python_symlink_custom_interfaces
[ 30%] Built target custom_interfaces__rosidl_typesupport_cpp
[ 70%] Built target custom_interfaces__rosidl_typesupport_fastrtps_cpp
[ 70%] Built target custom_interfaces__rosidl_typesupport_introspection_c
[ 70%] Built target custom_interfaces__rosidl_typesupport_c
[ 70%] Built target custom_interfaces__rosidl_typesupport_fastrtps_c
[ 81%] Built target custom_interfaces__rosidl_typesupport_introspection_cpp
[ 81%] Built target custom_interfaces
[ 82%] Built target custom_interfaces__py
[ 92%] Built target custom_interfaces__rosidl_generator_py
[100%] Built target custom_interfaces__rosidl_typesupport_c__pyext
[100%] Built target custom_interfaces__rosidl_typesupport_fastrtps_c__pyext
[100%] Built target custom_interfaces__rosidl_typesupport_introspection_c__pyext
running egg_info
writing custom_interfaces.egg-info/PKG-INFO
writing dependency_links to custom_interfaces.egg-info/dependency_links.txt
writing top-level names to custom_interfaces.egg-info/top_level.txt
reading manifest file 'custom_interfaces.egg-info/SOURCES.txt'
writing manifest file 'custom_interfaces.egg-info/SOURCES.txt'
[100%] Built target ament_cmake_python_build_custom_interfaces_egg
-- Install configuration: ""
-- Execute custom install script
-- Up-to-date symlink: /home/daeyun/LSTM-force-estimation/install/custom_interfaces/share/ament_index/resource_index/rosidl_interfaces/custom_interfaces
-- Up-to-date symlink: /home/daeyun/LSTM-force-estimation/install/custom_interfaces/include/custom_interfaces/custom_interfaces/msg/data_filter_setting.h
-- Up-to-date symlink: /home/daeyun/LSTM-force-estimation/install/custom_interfaces/include/custom_interfaces/custom_interfaces/msg/detail/data_filter_setting__functions.h
-- Up-to-date symlink: /home/daeyun/LSTM-force-estimation/install/custom_interfaces/include/custom_interfaces/custom_interfaces/msg/detail/data_filter_setting__struct.h
-- Up-to-date symlink: /home/daeyun/LSTM-force-estimation/install/custom_interfaces/include/custom_interfaces/custom_interfaces/msg/detail/data_filter_setting__type_support.h
-- Up-to-date symlink: /home/daeyun/LSTM-force-estimation/install/custom_interfaces/include/custom_interfaces/custom_interfaces/msg/detail/loadcell_state__functions.h
-- Up-to-date symlink: /home/daeyun/LSTM-force-estimation/install/custom_interfaces/include/custom_interfaces/custom_interfaces/msg/detail/loadcell_state__struct.h
-- Up-to-date symlink: /home/daeyun/LSTM-force-estimation/install/custom_interfaces/include/custom_interfaces/custom_interfaces/msg/detail/loadcell_state__type_support.h
-- Up-to-date symlink: /home/daeyun/LSTM-force-estimation/install/custom_interfaces/include/custom_interfaces/custom_interfaces/msg/detail/motor_command__functions.h
-- Up-to-date symlink: /home/daeyun/LSTM-force-estimation/install/custom_interfaces/include/custom_interfaces/custom_interfaces/msg/detail/motor_command__struct.h
-- Up-to-date symlink: /home/daeyun/LSTM-force-estimation/install/custom_interfaces/include/custom_interfaces/custom_interfaces/msg/detail/motor_command__type_support.h
-- Up-to-date symlink: /home/daeyun/LSTM-force-estimation/install/custom_interfaces/include/custom_interfaces/custom_interfaces/msg/detail/motor_command_csv__functions.h
-- Up-to-date symlink: /home/daeyun/LSTM-force-estimation/install/custom_interfaces/include/custom_interfaces/custom_interfaces/msg/detail/motor_command_csv__struct.h
-- Up-to-date symlink: /home/daeyun/LSTM-force-estimation/install/custom_interfaces/include/custom_interfaces/custom_interfaces/msg/detail/motor_command_csv__type_support.h
-- Up-to-date symlink: /home/daeyun/LSTM-force-estimation/install/custom_interfaces/include/custom_interfaces/custom_interfaces/msg/detail/motor_state__functions.h
-- Up-to-date symlink: /home/daeyun/LSTM-force-estimation/install/custom_interfaces/include/custom_interfaces/custom_interfaces/msg/detail/motor_state__struct.h
-- Up-to-date symlink: /home/daeyun/LSTM-force-estimation/install/custom_interfaces/include/custom_interfaces/custom_interfaces/msg/detail/motor_state__type_support.h
-- Up-to-date symlink: /home/daeyun/LSTM-force-estimation/install/custom_interfaces/include/custom_interfaces/custom_interfaces/msg/loadcell_state.h
-- Up-to-date symlink: /home/daeyun/LSTM-force-estimation/install/custom_interfaces/include/custom_interfaces/custom_interfaces/msg/motor_command.h
-- Up-to-date symlink: /home/daeyun/LSTM-force-estimation/install/custom_interfaces/include/custom_interfaces/custom_interfaces/msg/motor_command_csv.h
-- Up-to-date symlink: /home/daeyun/LSTM-force-estimation/install/custom_interfaces/include/custom_interfaces/custom_interfaces/msg/motor_state.h
-- Up-to-date symlink: /home/daeyun/LSTM-force-estimation/install/custom_interfaces/include/custom_interfaces/custom_interfaces/msg/rosidl_generator_c__visibility_control.h
-- Up-to-date symlink: /home/daeyun/LSTM-force-estimation/install/custom_interfaces/include/custom_interfaces/custom_interfaces/srv/detail/move_motor_direct__functions.h
-- Up-to-date symlink: /home/daeyun/LSTM-force-estimation/install/custom_interfaces/include/custom_interfaces/custom_interfaces/srv/detail/move_motor_direct__struct.h
-- Up-to-date symlink: /home/daeyun/LSTM-force-estimation/install/custom_interfaces/include/custom_interfaces/custom_interfaces/srv/detail/move_motor_direct__type_support.h
-- Up-to-date symlink: /home/daeyun/LSTM-force-estimation/install/custom_interfaces/include/custom_interfaces/custom_interfaces/srv/detail/move_tool_angle__functions.h
-- Up-to-date symlink: /home/daeyun/LSTM-force-estimation/install/custom_interfaces/include/custom_interfaces/custom_interfaces/srv/detail/move_tool_angle__struct.h
-- Up-to-date symlink: /home/daeyun/LSTM-force-estimation/install/custom_interfaces/include/custom_interfaces/custom_interfaces/srv/detail/move_tool_angle__type_support.h
-- Up-to-date symlink: /home/daeyun/LSTM-force-estimation/install/custom_interfaces/include/custom_interfaces/custom_interfaces/srv/move_motor_direct.h
-- Up-to-date symlink: /home/daeyun/LSTM-force-estimation/install/custom_interfaces/include/custom_interfaces/custom_interfaces/srv/move_tool_angle.h
-- Up-to-date symlink: /home/daeyun/LSTM-force-estimation/install/custom_interfaces/share/custom_interfaces/environment/library_path.sh
-- Up-to-date symlink: /home/daeyun/LSTM-force-estimation/install/custom_interfaces/share/custom_interfaces/environment/library_path.dsv
-- Up-to-date symlink: /home/daeyun/LSTM-force-estimation/install/custom_interfaces/include/custom_interfaces/custom_interfaces/msg/detail/data_filter_setting__rosidl_typesupport_fastrtps_c.h
-- Up-to-date symlink: /home/daeyun/LSTM-force-estimation/install/custom_interfaces/include/custom_interfaces/custom_interfaces/msg/detail/loadcell_state__rosidl_typesupport_fastrtps_c.h
-- Up-to-date symlink: /home/daeyun/LSTM-force-estimation/install/custom_interfaces/include/custom_interfaces/custom_interfaces/msg/detail/motor_command__rosidl_typesupport_fastrtps_c.h
-- Up-to-date symlink: /home/daeyun/LSTM-force-estimation/install/custom_interfaces/include/custom_interfaces/custom_interfaces/msg/detail/motor_command_csv__rosidl_typesupport_fastrtps_c.h
-- Up-to-date symlink: /home/daeyun/LSTM-force-estimation/install/custom_interfaces/include/custom_interfaces/custom_interfaces/msg/detail/motor_state__rosidl_typesupport_fastrtps_c.h
-- Up-to-date symlink: /home/daeyun/LSTM-force-estimation/install/custom_interfaces/include/custom_interfaces/custom_interfaces/msg/rosidl_typesupport_fastrtps_c__visibility_control.h
-- Up-to-date symlink: /home/daeyun/LSTM-force-estimation/install/custom_interfaces/include/custom_interfaces/custom_interfaces/srv/detail/move_motor_direct__rosidl_typesupport_fastrtps_c.h
-- Up-to-date symlink: /home/daeyun/LSTM-force-estimation/install/custom_interfaces/include/custom_interfaces/custom_interfaces/srv/detail/move_tool_angle__rosidl_typesupport_fastrtps_c.h
-- Up-to-date symlink: /home/daeyun/LSTM-force-estimation/install/custom_interfaces/include/custom_interfaces/custom_interfaces/msg/data_filter_setting.hpp
-- Up-to-date symlink: /home/daeyun/LSTM-force-estimation/install/custom_interfaces/include/custom_interfaces/custom_interfaces/msg/detail/data_filter_setting__builder.hpp
-- Up-to-date symlink: /home/daeyun/LSTM-force-estimation/install/custom_interfaces/include/custom_interfaces/custom_interfaces/msg/detail/data_filter_setting__struct.hpp
-- Up-to-date symlink: /home/daeyun/LSTM-force-estimation/install/custom_interfaces/include/custom_interfaces/custom_interfaces/msg/detail/data_filter_setting__traits.hpp
-- Up-to-date symlink: /home/daeyun/LSTM-force-estimation/install/custom_interfaces/include/custom_interfaces/custom_interfaces/msg/detail/loadcell_state__builder.hpp
-- Up-to-date symlink: /home/daeyun/LSTM-force-estimation/install/custom_interfaces/include/custom_interfaces/custom_interfaces/msg/detail/loadcell_state__struct.hpp
-- Up-to-date symlink: /home/daeyun/LSTM-force-estimation/install/custom_interfaces/include/custom_interfaces/custom_interfaces/msg/detail/loadcell_state__traits.hpp
-- Up-to-date symlink: /home/daeyun/LSTM-force-estimation/install/custom_interfaces/include/custom_interfaces/custom_interfaces/msg/detail/motor_command__builder.hpp
-- Up-to-date symlink: /home/daeyun/LSTM-force-estimation/install/custom_interfaces/include/custom_interfaces/custom_interfaces/msg/detail/motor_command__struct.hpp
-- Up-to-date symlink: /home/daeyun/LSTM-force-estimation/install/custom_interfaces/include/custom_interfaces/custom_interfaces/msg/detail/motor_command__traits.hpp
-- Up-to-date symlink: /home/daeyun/LSTM-force-estimation/install/custom_interfaces/include/custom_interfaces/custom_interfaces/msg/detail/motor_command_csv__builder.hpp
-- Up-to-date symlink: /home/daeyun/LSTM-force-estimation/install/custom_interfaces/include/custom_interfaces/custom_interfaces/msg/detail/motor_command_csv__struct.hpp
-- Up-to-date symlink: /home/daeyun/LSTM-force-estimation/install/custom_interfaces/include/custom_interfaces/custom_interfaces/msg/detail/motor_command_csv__traits.hpp
-- Up-to-date symlink: /home/daeyun/LSTM-force-estimation/install/custom_interfaces/include/custom_interfaces/custom_interfaces/msg/detail/motor_state__builder.hpp
-- Up-to-date symlink: /home/daeyun/LSTM-force-estimation/install/custom_interfaces/include/custom_interfaces/custom_interfaces/msg/detail/motor_state__struct.hpp
-- Up-to-date symlink: /home/daeyun/LSTM-force-estimation/install/custom_interfaces/include/custom_interfaces/custom_interfaces/msg/detail/motor_state__traits.hpp
-- Up-to-date symlink: /home/daeyun/LSTM-force-estimation/install/custom_interfaces/include/custom_interfaces/custom_interfaces/msg/loadcell_state.hpp
-- Up-to-date symlink: /home/daeyun/LSTM-force-estimation/install/custom_interfaces/include/custom_interfaces/custom_interfaces/msg/motor_command.hpp
-- Up-to-date symlink: /home/daeyun/LSTM-force-estimation/install/custom_interfaces/include/custom_interfaces/custom_interfaces/msg/motor_command_csv.hpp
-- Up-to-date symlink: /home/daeyun/LSTM-force-estimation/install/custom_interfaces/include/custom_interfaces/custom_interfaces/msg/motor_state.hpp
-- Up-to-date symlink: /home/daeyun/LSTM-force-estimation/install/custom_interfaces/include/custom_interfaces/custom_interfaces/srv/detail/move_motor_direct__builder.hpp
-- Up-to-date symlink: /home/daeyun/LSTM-force-estimation/install/custom_interfaces/include/custom_interfaces/custom_interfaces/srv/detail/move_motor_direct__struct.hpp
-- Up-to-date symlink: /home/daeyun/LSTM-force-estimation/install/custom_interfaces/include/custom_interfaces/custom_interfaces/srv/detail/move_motor_direct__traits.hpp
-- Up-to-date symlink: /home/daeyun/LSTM-force-estimation/install/custom_interfaces/include/custom_interfaces/custom_interfaces/srv/detail/move_tool_angle__builder.hpp
-- Up-to-date symlink: /home/daeyun/LSTM-force-estimation/install/custom_interfaces/include/custom_interfaces/custom_interfaces/srv/detail/move_tool_angle__struct.hpp
-- Up-to-date symlink: /home/daeyun/LSTM-force-estimation/install/custom_interfaces/include/custom_interfaces/custom_interfaces/srv/detail/move_tool_angle__traits.hpp
-- Up-to-date symlink: /home/daeyun/LSTM-force-estimation/install/custom_interfaces/include/custom_interfaces/custom_interfaces/srv/move_motor_direct.hpp
-- Up-to-date symlink: /home/daeyun/LSTM-force-estimation/install/custom_interfaces/include/custom_interfaces/custom_interfaces/srv/move_tool_angle.hpp
-- Up-to-date symlink: /home/daeyun/LSTM-force-estimation/install/custom_interfaces/include/custom_interfaces/custom_interfaces/msg/detail/data_filter_setting__rosidl_typesupport_fastrtps_cpp.hpp
-- Up-to-date symlink: /home/daeyun/LSTM-force-estimation/install/custom_interfaces/include/custom_interfaces/custom_interfaces/msg/detail/loadcell_state__rosidl_typesupport_fastrtps_cpp.hpp
-- Up-to-date symlink: /home/daeyun/LSTM-force-estimation/install/custom_interfaces/include/custom_interfaces/custom_interfaces/msg/detail/motor_command__rosidl_typesupport_fastrtps_cpp.hpp
-- Up-to-date symlink: /home/daeyun/LSTM-force-estimation/install/custom_interfaces/include/custom_interfaces/custom_interfaces/msg/detail/motor_command_csv__rosidl_typesupport_fastrtps_cpp.hpp
-- Up-to-date symlink: /home/daeyun/LSTM-force-estimation/install/custom_interfaces/include/custom_interfaces/custom_interfaces/msg/detail/motor_state__rosidl_typesupport_fastrtps_cpp.hpp
-- Up-to-date symlink: /home/daeyun/LSTM-force-estimation/install/custom_interfaces/include/custom_interfaces/custom_interfaces/msg/rosidl_typesupport_fastrtps_cpp__visibility_control.h
-- Up-to-date symlink: /home/daeyun/LSTM-force-estimation/install/custom_interfaces/include/custom_interfaces/custom_interfaces/srv/detail/move_motor_direct__rosidl_typesupport_fastrtps_cpp.hpp
-- Up-to-date symlink: /home/daeyun/LSTM-force-estimation/install/custom_interfaces/include/custom_interfaces/custom_interfaces/srv/detail/move_tool_angle__rosidl_typesupport_fastrtps_cpp.hpp
-- Up-to-date symlink: /home/daeyun/LSTM-force-estimation/install/custom_interfaces/include/custom_interfaces/custom_interfaces/msg/detail/data_filter_setting__rosidl_typesupport_introspection_c.h
-- Up-to-date symlink: /home/daeyun/LSTM-force-estimation/install/custom_interfaces/include/custom_interfaces/custom_interfaces/msg/detail/loadcell_state__rosidl_typesupport_introspection_c.h
-- Up-to-date symlink: /home/daeyun/LSTM-force-estimation/install/custom_interfaces/include/custom_interfaces/custom_interfaces/msg/detail/motor_command__rosidl_typesupport_introspection_c.h
-- Up-to-date symlink: /home/daeyun/LSTM-force-estimation/install/custom_interfaces/include/custom_interfaces/custom_interfaces/msg/detail/motor_command_csv__rosidl_typesupport_introspection_c.h
-- Up-to-date symlink: /home/daeyun/LSTM-force-estimation/install/custom_interfaces/include/custom_interfaces/custom_interfaces/msg/detail/motor_state__rosidl_typesupport_introspection_c.h
-- Up-to-date symlink: /home/daeyun/LSTM-force-estimation/install/custom_interfaces/include/custom_interfaces/custom_interfaces/msg/rosidl_typesupport_introspection_c__visibility_control.h
-- Up-to-date symlink: /home/daeyun/LSTM-force-estimation/install/custom_interfaces/include/custom_interfaces/custom_interfaces/srv/detail/move_motor_direct__rosidl_typesupport_introspection_c.h
-- Up-to-date symlink: /home/daeyun/LSTM-force-estimation/install/custom_interfaces/include/custom_interfaces/custom_interfaces/srv/detail/move_tool_angle__rosidl_typesupport_introspection_c.h
-- Up-to-date symlink: /home/daeyun/LSTM-force-estimation/install/custom_interfaces/include/custom_interfaces/custom_interfaces/msg/detail/data_filter_setting__rosidl_typesupport_introspection_cpp.hpp
-- Up-to-date symlink: /home/daeyun/LSTM-force-estimation/install/custom_interfaces/include/custom_interfaces/custom_interfaces/msg/detail/loadcell_state__rosidl_typesupport_introspection_cpp.hpp
-- Up-to-date symlink: /home/daeyun/LSTM-force-estimation/install/custom_interfaces/include/custom_interfaces/custom_interfaces/msg/detail/motor_command__rosidl_typesupport_introspection_cpp.hpp
-- Up-to-date symlink: /home/daeyun/LSTM-force-estimation/install/custom_interfaces/include/custom_interfaces/custom_interfaces/msg/detail/motor_command_csv__rosidl_typesupport_introspection_cpp.hpp
-- Up-to-date symlink: /home/daeyun/LSTM-force-estimation/install/custom_interfaces/include/custom_interfaces/custom_interfaces/msg/detail/motor_state__rosidl_typesupport_introspection_cpp.hpp
-- Up-to-date symlink: /home/daeyun/LSTM-force-estimation/install/custom_interfaces/include/custom_interfaces/custom_interfaces/srv/detail/move_motor_direct__rosidl_typesupport_introspection_cpp.hpp
-- Up-to-date symlink: /home/daeyun/LSTM-force-estimation/install/custom_interfaces/include/custom_interfaces/custom_interfaces/srv/detail/move_tool_angle__rosidl_typesupport_introspection_cpp.hpp
-- Up-to-date symlink: /home/daeyun/LSTM-force-estimation/install/custom_interfaces/share/custom_interfaces/environment/pythonpath.sh
-- Up-to-date symlink: /home/daeyun/LSTM-force-estimation/install/custom_interfaces/share/custom_interfaces/environment/pythonpath.dsv
-- Up-to-date symlink: /home/daeyun/LSTM-force-estimation/install/custom_interfaces/lib/python3.10/site-packages/custom_interfaces-0.0.0-py3.10.egg-info/PKG-INFO
-- Up-to-date symlink: /home/daeyun/LSTM-force-estimation/install/custom_interfaces/lib/python3.10/site-packages/custom_interfaces-0.0.0-py3.10.egg-info/SOURCES.txt
-- Up-to-date symlink: /home/daeyun/LSTM-force-estimation/install/custom_interfaces/lib/python3.10/site-packages/custom_interfaces-0.0.0-py3.10.egg-info/dependency_links.txt
-- Up-to-date symlink: /home/daeyun/LSTM-force-estimation/install/custom_interfaces/lib/python3.10/site-packages/custom_interfaces-0.0.0-py3.10.egg-info/top_level.txt
-- Up-to-date symlink: /home/daeyun/LSTM-force-estimation/install/custom_interfaces/lib/python3.10/site-packages/custom_interfaces/__init__.py
-- Up-to-date symlink: /home/daeyun/LSTM-force-estimation/install/custom_interfaces/lib/python3.10/site-packages/custom_interfaces/_custom_interfaces_s.ep.rosidl_typesupport_c.c
-- Up-to-date symlink: /home/daeyun/LSTM-force-estimation/install/custom_interfaces/lib/python3.10/site-packages/custom_interfaces/_custom_interfaces_s.ep.rosidl_typesupport_fastrtps_c.c
-- Up-to-date symlink: /home/daeyun/LSTM-force-estimation/install/custom_interfaces/lib/python3.10/site-packages/custom_interfaces/_custom_interfaces_s.ep.rosidl_typesupport_introspection_c.c
-- Up-to-date symlink: /home/daeyun/LSTM-force-estimation/install/custom_interfaces/lib/python3.10/site-packages/custom_interfaces/custom_interfaces_s__rosidl_typesupport_c.cpython-310-x86_64-linux-gnu.so
-- Up-to-date symlink: /home/daeyun/LSTM-force-estimation/install/custom_interfaces/lib/python3.10/site-packages/custom_interfaces/custom_interfaces_s__rosidl_typesupport_fastrtps_c.cpython-310-x86_64-linux-gnu.so
-- Up-to-date symlink: /home/daeyun/LSTM-force-estimation/install/custom_interfaces/lib/python3.10/site-packages/custom_interfaces/custom_interfaces_s__rosidl_typesupport_introspection_c.cpython-310-x86_64-linux-gnu.so
-- Up-to-date symlink: /home/daeyun/LSTM-force-estimation/install/custom_interfaces/lib/python3.10/site-packages/custom_interfaces/libcustom_interfaces__rosidl_generator_py.so
-- Up-to-date symlink: /home/daeyun/LSTM-force-estimation/install/custom_interfaces/lib/python3.10/site-packages/custom_interfaces/msg/__init__.py
-- Up-to-date symlink: /home/daeyun/LSTM-force-estimation/install/custom_interfaces/lib/python3.10/site-packages/custom_interfaces/msg/_data_filter_setting.py
-- Up-to-date symlink: /home/daeyun/LSTM-force-estimation/install/custom_interfaces/lib/python3.10/site-packages/custom_interfaces/msg/_data_filter_setting_s.c
-- Up-to-date symlink: /home/daeyun/LSTM-force-estimation/install/custom_interfaces/lib/python3.10/site-packages/custom_interfaces/msg/_loadcell_state.py
-- Up-to-date symlink: /home/daeyun/LSTM-force-estimation/install/custom_interfaces/lib/python3.10/site-packages/custom_interfaces/msg/_loadcell_state_s.c
-- Up-to-date symlink: /home/daeyun/LSTM-force-estimation/install/custom_interfaces/lib/python3.10/site-packages/custom_interfaces/msg/_motor_command.py
-- Up-to-date symlink: /home/daeyun/LSTM-force-estimation/install/custom_interfaces/lib/python3.10/site-packages/custom_interfaces/msg/_motor_command_csv.py
-- Up-to-date symlink: /home/daeyun/LSTM-force-estimation/install/custom_interfaces/lib/python3.10/site-packages/custom_interfaces/msg/_motor_command_csv_s.c
-- Up-to-date symlink: /home/daeyun/LSTM-force-estimation/install/custom_interfaces/lib/python3.10/site-packages/custom_interfaces/msg/_motor_command_s.c
-- Up-to-date symlink: /home/daeyun/LSTM-force-estimation/install/custom_interfaces/lib/python3.10/site-packages/custom_interfaces/msg/_motor_state.py
-- Up-to-date symlink: /home/daeyun/LSTM-force-estimation/install/custom_interfaces/lib/python3.10/site-packages/custom_interfaces/msg/_motor_state_s.c
-- Up-to-date symlink: /home/daeyun/LSTM-force-estimation/install/custom_interfaces/lib/python3.10/site-packages/custom_interfaces/srv/__init__.py
-- Up-to-date symlink: /home/daeyun/LSTM-force-estimation/install/custom_interfaces/lib/python3.10/site-packages/custom_interfaces/srv/_move_motor_direct.py
-- Up-to-date symlink: /home/daeyun/LSTM-force-estimation/install/custom_interfaces/lib/python3.10/site-packages/custom_interfaces/srv/_move_motor_direct_s.c
-- Up-to-date symlink: /home/daeyun/LSTM-force-estimation/install/custom_interfaces/lib/python3.10/site-packages/custom_interfaces/srv/_move_tool_angle.py
-- Up-to-date symlink: /home/daeyun/LSTM-force-estimation/install/custom_interfaces/lib/python3.10/site-packages/custom_interfaces/srv/_move_tool_angle_s.c
-- Up-to-date symlink: /home/daeyun/LSTM-force-estimation/install/custom_interfaces/lib/python3.10/site-packages/custom_interfaces/custom_interfaces_s__rosidl_typesupport_fastrtps_c.cpython-310-x86_64-linux-gnu.so
-- Up-to-date symlink: /home/daeyun/LSTM-force-estimation/install/custom_interfaces/lib/python3.10/site-packages/custom_interfaces/custom_interfaces_s__rosidl_typesupport_introspection_c.cpython-310-x86_64-linux-gnu.so
-- Up-to-date symlink: /home/daeyun/LSTM-force-estimation/install/custom_interfaces/lib/python3.10/site-packages/custom_interfaces/custom_interfaces_s__rosidl_typesupport_c.cpython-310-x86_64-linux-gnu.so
-- Up-to-date symlink: /home/daeyun/LSTM-force-estimation/install/custom_interfaces/share/custom_interfaces/msg/MotorState.idl
-- Up-to-date symlink: /home/daeyun/LSTM-force-estimation/install/custom_interfaces/share/custom_interfaces/msg/MotorCommand.idl
-- Up-to-date symlink: /home/daeyun/LSTM-force-estimation/install/custom_interfaces/share/custom_interfaces/msg/MotorCommandCSV.idl
-- Up-to-date symlink: /home/daeyun/LSTM-force-estimation/install/custom_interfaces/share/custom_interfaces/msg/LoadcellState.idl
-- Up-to-date symlink: /home/daeyun/LSTM-force-estimation/install/custom_interfaces/share/custom_interfaces/msg/DataFilterSetting.idl
-- Up-to-date symlink: /home/daeyun/LSTM-force-estimation/install/custom_interfaces/share/custom_interfaces/srv/MoveMotorDirect.idl
-- Up-to-date symlink: /home/daeyun/LSTM-force-estimation/install/custom_interfaces/share/custom_interfaces/srv/MoveToolAngle.idl
-- Up-to-date symlink: /home/daeyun/LSTM-force-estimation/install/custom_interfaces/share/custom_interfaces/msg/MotorState.msg
-- Up-to-date symlink: /home/daeyun/LSTM-force-estimation/install/custom_interfaces/share/custom_interfaces/msg/MotorCommand.msg
-- Up-to-date symlink: /home/daeyun/LSTM-force-estimation/install/custom_interfaces/share/custom_interfaces/msg/MotorCommandCSV.msg
-- Up-to-date symlink: /home/daeyun/LSTM-force-estimation/install/custom_interfaces/share/custom_interfaces/msg/LoadcellState.msg
-- Up-to-date symlink: /home/daeyun/LSTM-force-estimation/install/custom_interfaces/share/custom_interfaces/msg/DataFilterSetting.msg
-- Up-to-date symlink: /home/daeyun/LSTM-force-estimation/install/custom_interfaces/share/custom_interfaces/surgicaltool/MoveMotorDirect.srv
-- Up-to-date symlink: /home/daeyun/LSTM-force-estimation/install/custom_interfaces/share/custom_interfaces/surgicaltool/MoveMotorDirect_Request.msg
-- Up-to-date symlink: /home/daeyun/LSTM-force-estimation/install/custom_interfaces/share/custom_interfaces/surgicaltool/MoveMotorDirect_Response.msg
-- Up-to-date symlink: /home/daeyun/LSTM-force-estimation/install/custom_interfaces/share/custom_interfaces/surgicaltool/MoveToolAngle.srv
-- Up-to-date symlink: /home/daeyun/LSTM-force-estimation/install/custom_interfaces/share/custom_interfaces/surgicaltool/MoveToolAngle_Request.msg
-- Up-to-date symlink: /home/daeyun/LSTM-force-estimation/install/custom_interfaces/share/custom_interfaces/surgicaltool/MoveToolAngle_Response.msg
-- Up-to-date symlink: /home/daeyun/LSTM-force-estimation/install/custom_interfaces/share/ament_index/resource_index/package_run_dependencies/custom_interfaces
-- Up-to-date symlink: /home/daeyun/LSTM-force-estimation/install/custom_interfaces/share/ament_index/resource_index/parent_prefix_path/custom_interfaces
-- Up-to-date symlink: /home/daeyun/LSTM-force-estimation/install/custom_interfaces/share/custom_interfaces/environment/ament_prefix_path.sh
-- Up-to-date symlink: /home/daeyun/LSTM-force-estimation/install/custom_interfaces/share/custom_interfaces/environment/ament_prefix_path.dsv
-- Up-to-date symlink: /home/daeyun/LSTM-force-estimation/install/custom_interfaces/share/custom_interfaces/environment/path.sh
-- Up-to-date symlink: /home/daeyun/LSTM-force-estimation/install/custom_interfaces/share/custom_interfaces/environment/path.dsv
-- Up-to-date symlink: /home/daeyun/LSTM-force-estimation/install/custom_interfaces/share/custom_interfaces/local_setup.bash
-- Up-to-date symlink: /home/daeyun/LSTM-force-estimation/install/custom_interfaces/share/custom_interfaces/local_setup.sh
-- Up-to-date symlink: /home/daeyun/LSTM-force-estimation/install/custom_interfaces/share/custom_interfaces/local_setup.zsh
-- Up-to-date symlink: /home/daeyun/LSTM-force-estimation/install/custom_interfaces/share/custom_interfaces/local_setup.dsv
-- Symlinking: /home/daeyun/LSTM-force-estimation/install/custom_interfaces/share/custom_interfaces/package.dsv
-- Up-to-date symlink: /home/daeyun/LSTM-force-estimation/install/custom_interfaces/share/ament_index/resource_index/packages/custom_interfaces
-- Up-to-date symlink: /home/daeyun/LSTM-force-estimation/install/custom_interfaces/share/custom_interfaces/cmake/rosidl_cmake-extras.cmake
-- Up-to-date symlink: /home/daeyun/LSTM-force-estimation/install/custom_interfaces/share/custom_interfaces/cmake/ament_cmake_export_dependencies-extras.cmake
-- Up-to-date symlink: /home/daeyun/LSTM-force-estimation/install/custom_interfaces/share/custom_interfaces/cmake/ament_cmake_export_include_directories-extras.cmake
-- Up-to-date symlink: /home/daeyun/LSTM-force-estimation/install/custom_interfaces/share/custom_interfaces/cmake/ament_cmake_export_libraries-extras.cmake
-- Up-to-date symlink: /home/daeyun/LSTM-force-estimation/install/custom_interfaces/share/custom_interfaces/cmake/ament_cmake_export_targets-extras.cmake
-- Up-to-date symlink: /home/daeyun/LSTM-force-estimation/install/custom_interfaces/share/custom_interfaces/cmake/rosidl_cmake_export_typesupport_targets-extras.cmake
-- Up-to-date symlink: /home/daeyun/LSTM-force-estimation/install/custom_interfaces/share/custom_interfaces/cmake/rosidl_cmake_export_typesupport_libraries-extras.cmake
-- Up-to-date symlink: /home/daeyun/LSTM-force-estimation/install/custom_interfaces/share/custom_interfaces/cmake/custom_interfacesConfig.cmake
-- Up-to-date symlink: /home/daeyun/LSTM-force-estimation/install/custom_interfaces/share/custom_interfaces/cmake/custom_interfacesConfig-version.cmake
-- Up-to-date symlink: /home/daeyun/LSTM-force-estimation/install/custom_interfaces/share/custom_interfaces/package.xml
-- Up-to-date: /home/daeyun/LSTM-force-estimation/install/custom_interfaces/lib/libcustom_interfaces__rosidl_generator_c.so
-- Up-to-date: /home/daeyun/LSTM-force-estimation/install/custom_interfaces/lib/libcustom_interfaces__rosidl_typesupport_fastrtps_c.so
-- Up-to-date: /home/daeyun/LSTM-force-estimation/install/custom_interfaces/lib/libcustom_interfaces__rosidl_typesupport_fastrtps_cpp.so
-- Up-to-date: /home/daeyun/LSTM-force-estimation/install/custom_interfaces/lib/libcustom_interfaces__rosidl_typesupport_introspection_c.so
-- Up-to-date: /home/daeyun/LSTM-force-estimation/install/custom_interfaces/lib/libcustom_interfaces__rosidl_typesupport_c.so
-- Up-to-date: /home/daeyun/LSTM-force-estimation/install/custom_interfaces/lib/libcustom_interfaces__rosidl_typesupport_introspection_cpp.so
-- Up-to-date: /home/daeyun/LSTM-force-estimation/install/custom_interfaces/lib/libcustom_interfaces__rosidl_typesupport_cpp.so
Listing '/home/daeyun/LSTM-force-estimation/install/custom_interfaces/lib/python3.10/site-packages/custom_interfaces'...
Listing '/home/daeyun/LSTM-force-estimation/install/custom_interfaces/lib/python3.10/site-packages/custom_interfaces/msg'...
Listing '/home/daeyun/LSTM-force-estimation/install/custom_interfaces/lib/python3.10/site-packages/custom_interfaces/srv'...
-- Up-to-date: /home/daeyun/LSTM-force-estimation/install/custom_interfaces/lib/libcustom_interfaces__rosidl_generator_py.so
-- Up-to-date: /home/daeyun/LSTM-force-estimation/install/custom_interfaces/share/custom_interfaces/cmake/export_custom_interfaces__rosidl_generator_cExport.cmake
-- Up-to-date: /home/daeyun/LSTM-force-estimation/install/custom_interfaces/share/custom_interfaces/cmake/export_custom_interfaces__rosidl_generator_cExport-noconfig.cmake
-- Up-to-date: /home/daeyun/LSTM-force-estimation/install/custom_interfaces/share/custom_interfaces/cmake/export_custom_interfaces__rosidl_typesupport_fastrtps_cExport.cmake
-- Up-to-date: /home/daeyun/LSTM-force-estimation/install/custom_interfaces/share/custom_interfaces/cmake/export_custom_interfaces__rosidl_typesupport_fastrtps_cExport-noconfig.cmake
-- Up-to-date: /home/daeyun/LSTM-force-estimation/install/custom_interfaces/share/custom_interfaces/cmake/export_custom_interfaces__rosidl_generator_cppExport.cmake
-- Up-to-date: /home/daeyun/LSTM-force-estimation/install/custom_interfaces/share/custom_interfaces/cmake/export_custom_interfaces__rosidl_typesupport_fastrtps_cppExport.cmake
-- Up-to-date: /home/daeyun/LSTM-force-estimation/install/custom_interfaces/share/custom_interfaces/cmake/export_custom_interfaces__rosidl_typesupport_fastrtps_cppExport-noconfig.cmake
-- Up-to-date: /home/daeyun/LSTM-force-estimation/install/custom_interfaces/share/custom_interfaces/cmake/custom_interfaces__rosidl_typesupport_introspection_cExport.cmake
-- Up-to-date: /home/daeyun/LSTM-force-estimation/install/custom_interfaces/share/custom_interfaces/cmake/custom_interfaces__rosidl_typesupport_introspection_cExport-noconfig.cmake
-- Up-to-date: /home/daeyun/LSTM-force-estimation/install/custom_interfaces/share/custom_interfaces/cmake/custom_interfaces__rosidl_typesupport_cExport.cmake
-- Up-to-date: /home/daeyun/LSTM-force-estimation/install/custom_interfaces/share/custom_interfaces/cmake/custom_interfaces__rosidl_typesupport_cExport-noconfig.cmake
-- Up-to-date: /home/daeyun/LSTM-force-estimation/install/custom_interfaces/share/custom_interfaces/cmake/custom_interfaces__rosidl_typesupport_introspection_cppExport.cmake
-- Up-to-date: /home/daeyun/LSTM-force-estimation/install/custom_interfaces/share/custom_interfaces/cmake/custom_interfaces__rosidl_typesupport_introspection_cppExport-noconfig.cmake
-- Up-to-date: /home/daeyun/LSTM-force-estimation/install/custom_interfaces/share/custom_interfaces/cmake/custom_interfaces__rosidl_typesupport_cppExport.cmake
-- Up-to-date: /home/daeyun/LSTM-force-estimation/install/custom_interfaces/share/custom_interfaces/cmake/custom_interfaces__rosidl_typesupport_cppExport-noconfig.cmake
-- Up-to-date: /home/daeyun/LSTM-force-estimation/install/custom_interfaces/share/custom_interfaces/cmake/export_custom_interfaces__rosidl_generator_pyExport.cmake
-- Up-to-date: /home/daeyun/LSTM-force-estimation/install/custom_interfaces/share/custom_interfaces/cmake/export_custom_interfaces__rosidl_generator_pyExport-noconfig.cmake
