-- The C compiler identification is GNU 11.4.0
-- The CXX compiler identification is GNU 11.4.0
-- Detecting C compiler ABI info
-- Detecting C compiler ABI info - done
-- Check for working C compiler: /usr/bin/cc - skipped
-- Detecting C compile features
-- Detecting C compile features - done
-- Detecting CXX compiler ABI info
-- Detecting CXX compiler ABI info - done
-- Check for working CXX compiler: /usr/bin/c++ - skipped
-- Detecting CXX compile features
-- Detecting CXX compile features - done
-- Found ament_cmake: 1.3.9 (/opt/ros/humble/share/ament_cmake/cmake)
-- Found Python3: /home/daeyun/LSTM-FORCE-ESTIMATION-VENV/bin/python3 (found version "3.10.12") found components: Interpreter 
-- Override CMake install command with custom implementation using symlinks instead of copying resources
-- Found std_msgs: 4.2.4 (/opt/ros/humble/share/std_msgs/cmake)
-- Found rosidl_generator_c: 3.1.5 (/opt/ros/humble/share/rosidl_generator_c/cmake)
-- Found rosidl_adapter: 3.1.5 (/opt/ros/humble/share/rosidl_adapter/cmake)
-- Found rosidl_generator_cpp: 3.1.5 (/opt/ros/humble/share/rosidl_generator_cpp/cmake)
-- Using all available rosidl_typesupport_c: rosidl_typesupport_fastrtps_c;rosidl_typesupport_introspection_c
-- Using all available rosidl_typesupport_cpp: rosidl_typesupport_fastrtps_cpp;rosidl_typesupport_introspection_cpp
-- Found geometry_msgs: 4.2.4 (/opt/ros/humble/share/geometry_msgs/cmake)
-- Found sensor_msgs: 4.2.4 (/opt/ros/humble/share/sensor_msgs/cmake)
-- Found rosidl_default_generators: 1.2.0 (/opt/ros/humble/share/rosidl_default_generators/cmake)
-- Found ament_cmake_ros: 0.10.0 (/opt/ros/humble/share/ament_cmake_ros/cmake)
-- Using all available rosidl_typesupport_c: rosidl_typesupport_fastrtps_c;rosidl_typesupport_introspection_c
-- Using all available rosidl_typesupport_cpp: rosidl_typesupport_fastrtps_cpp;rosidl_typesupport_introspection_cpp
-- Found PythonInterp: /home/daeyun/LSTM-FORCE-ESTIMATION-VENV/bin/python3 (found suitable version "3.10.12", minimum required is "3.6") 
-- Found python_cmake_module: 0.10.0 (/opt/ros/humble/share/python_cmake_module/cmake)
-- Found PythonLibs: /usr/lib/x86_64-linux-gnu/libpython3.10.so (found suitable version "3.10.12", minimum required is "3.5") 
-- Using PYTHON_EXECUTABLE: /home/daeyun/LSTM-FORCE-ESTIMATION-VENV/bin/python3
-- Using PYTHON_INCLUDE_DIRS: /usr/include/python3.10
-- Using PYTHON_LIBRARIES: /usr/lib/x86_64-linux-gnu/libpython3.10.so
-- Found PythonExtra: .so  
-- Found ament_lint_auto: 0.12.11 (/opt/ros/humble/share/ament_lint_auto/cmake)
-- Added test 'lint_cmake' to check CMake code style
-- Added test 'xmllint' to check XML markup files
-- Configuring done
-- Generating done
-- Build files have been written to: /home/daeyun/LSTM-force-estimation/build/custom_interfaces
[  1%] [34m[1mGenerating C code for ROS interfaces[0m
[  2%] [34m[1mGenerating C++ code for ROS interfaces[0m
[  2%] Built target ament_cmake_python_symlink_custom_interfaces
running egg_info
creating custom_interfaces.egg-info
writing custom_interfaces.egg-info/PKG-INFO
writing dependency_links to custom_interfaces.egg-info/dependency_links.txt
writing top-level names to custom_interfaces.egg-info/top_level.txt
writing manifest file 'custom_interfaces.egg-info/SOURCES.txt'
reading manifest file 'custom_interfaces.egg-info/SOURCES.txt'
writing manifest file 'custom_interfaces.egg-info/SOURCES.txt'
[  2%] Built target ament_cmake_python_build_custom_interfaces_egg
[  2%] Built target custom_interfaces__cpp
[  3%] [34m[1mGenerating C++ type support for eProsima Fast-RTPS[0m
[  5%] [34m[1mGenerating C++ type support dispatch for ROS interfaces[0m
[  6%] [34m[1mGenerating C++ introspection for ROS interfaces[0m
[  7%] [32mBuilding C object CMakeFiles/custom_interfaces__rosidl_generator_c.dir/rosidl_generator_c/custom_interfaces/msg/detail/motor_state__functions.c.o[0m
[ 10%] [32mBuilding C object CMakeFiles/custom_interfaces__rosidl_generator_c.dir/rosidl_generator_c/custom_interfaces/msg/detail/motor_command_csv__functions.c.o[0m
[ 10%] [32mBuilding C object CMakeFiles/custom_interfaces__rosidl_generator_c.dir/rosidl_generator_c/custom_interfaces/msg/detail/motor_command__functions.c.o[0m
[ 11%] [32mBuilding C object CMakeFiles/custom_interfaces__rosidl_generator_c.dir/rosidl_generator_c/custom_interfaces/msg/detail/loadcell_state__functions.c.o[0m
[ 12%] [32mBuilding C object CMakeFiles/custom_interfaces__rosidl_generator_c.dir/rosidl_generator_c/custom_interfaces/srv/detail/move_motor_direct__functions.c.o[0m
[ 13%] [32mBuilding C object CMakeFiles/custom_interfaces__rosidl_generator_c.dir/rosidl_generator_c/custom_interfaces/srv/detail/move_tool_angle__functions.c.o[0m
[ 15%] [32mBuilding C object CMakeFiles/custom_interfaces__rosidl_generator_c.dir/rosidl_generator_c/custom_interfaces/msg/detail/data_filter_setting__functions.c.o[0m
[ 16%] [32m[1mLinking C shared library libcustom_interfaces__rosidl_generator_c.so[0m
[ 16%] Built target custom_interfaces__rosidl_generator_c
[ 17%] [34m[1mGenerating C type support for eProsima Fast-RTPS[0m
[ 18%] [34m[1mGenerating C introspection for ROS interfaces[0m
[ 20%] [34m[1mGenerating C type support dispatch for ROS interfaces[0m
[ 21%] [32mBuilding CXX object CMakeFiles/custom_interfaces__rosidl_typesupport_cpp.dir/rosidl_typesupport_cpp/custom_interfaces/msg/motor_state__type_support.cpp.o[0m
[ 22%] [32mBuilding CXX object CMakeFiles/custom_interfaces__rosidl_typesupport_cpp.dir/rosidl_typesupport_cpp/custom_interfaces/msg/motor_command__type_support.cpp.o[0m
[ 24%] [32mBuilding CXX object CMakeFiles/custom_interfaces__rosidl_typesupport_cpp.dir/rosidl_typesupport_cpp/custom_interfaces/msg/data_filter_setting__type_support.cpp.o[0m
[ 25%] [32mBuilding CXX object CMakeFiles/custom_interfaces__rosidl_typesupport_cpp.dir/rosidl_typesupport_cpp/custom_interfaces/msg/motor_command_csv__type_support.cpp.o[0m
[ 26%] [32mBuilding CXX object CMakeFiles/custom_interfaces__rosidl_typesupport_cpp.dir/rosidl_typesupport_cpp/custom_interfaces/msg/loadcell_state__type_support.cpp.o[0m
[ 27%] [32mBuilding CXX object CMakeFiles/custom_interfaces__rosidl_typesupport_cpp.dir/rosidl_typesupport_cpp/custom_interfaces/srv/move_motor_direct__type_support.cpp.o[0m
[ 29%] [32mBuilding CXX object CMakeFiles/custom_interfaces__rosidl_typesupport_cpp.dir/rosidl_typesupport_cpp/custom_interfaces/srv/move_tool_angle__type_support.cpp.o[0m
[ 31%] [32mBuilding CXX object CMakeFiles/custom_interfaces__rosidl_typesupport_introspection_cpp.dir/rosidl_typesupport_introspection_cpp/custom_interfaces/msg/detail/motor_command_csv__type_support.cpp.o[0m
[ 32%] [32mBuilding CXX object CMakeFiles/custom_interfaces__rosidl_typesupport_introspection_cpp.dir/rosidl_typesupport_introspection_cpp/custom_interfaces/msg/detail/motor_state__type_support.cpp.o[0m
[ 32%] [32mBuilding CXX object CMakeFiles/custom_interfaces__rosidl_typesupport_introspection_cpp.dir/rosidl_typesupport_introspection_cpp/custom_interfaces/msg/detail/loadcell_state__type_support.cpp.o[0m
[ 34%] [32mBuilding CXX object CMakeFiles/custom_interfaces__rosidl_typesupport_introspection_cpp.dir/rosidl_typesupport_introspection_cpp/custom_interfaces/msg/detail/motor_command__type_support.cpp.o[0m
[ 35%] [32mBuilding CXX object CMakeFiles/custom_interfaces__rosidl_typesupport_introspection_cpp.dir/rosidl_typesupport_introspection_cpp/custom_interfaces/msg/detail/data_filter_setting__type_support.cpp.o[0m
[ 36%] [32mBuilding CXX object CMakeFiles/custom_interfaces__rosidl_typesupport_introspection_cpp.dir/rosidl_typesupport_introspection_cpp/custom_interfaces/srv/detail/move_tool_angle__type_support.cpp.o[0m
[ 37%] [32mBuilding CXX object CMakeFiles/custom_interfaces__rosidl_typesupport_introspection_cpp.dir/rosidl_typesupport_introspection_cpp/custom_interfaces/srv/detail/move_motor_direct__type_support.cpp.o[0m
[ 45%] [32mBuilding CXX object CMakeFiles/custom_interfaces__rosidl_typesupport_c.dir/rosidl_typesupport_c/custom_interfaces/msg/loadcell_state__type_support.cpp.o[0m
[ 45%] [32mBuilding CXX object CMakeFiles/custom_interfaces__rosidl_typesupport_c.dir/rosidl_typesupport_c/custom_interfaces/srv/move_motor_direct__type_support.cpp.o[0m
[ 45%] [32mBuilding CXX object CMakeFiles/custom_interfaces__rosidl_typesupport_c.dir/rosidl_typesupport_c/custom_interfaces/msg/motor_command__type_support.cpp.o[0m
[ 45%] [32mBuilding CXX object CMakeFiles/custom_interfaces__rosidl_typesupport_c.dir/rosidl_typesupport_c/custom_interfaces/msg/data_filter_setting__type_support.cpp.o[0m
[ 45%] [32mBuilding CXX object CMakeFiles/custom_interfaces__rosidl_typesupport_c.dir/rosidl_typesupport_c/custom_interfaces/msg/motor_command_csv__type_support.cpp.o[0m
[ 45%] [32mBuilding CXX object CMakeFiles/custom_interfaces__rosidl_typesupport_c.dir/rosidl_typesupport_c/custom_interfaces/msg/motor_state__type_support.cpp.o[0m
[ 46%] [32mBuilding CXX object CMakeFiles/custom_interfaces__rosidl_typesupport_fastrtps_cpp.dir/rosidl_typesupport_fastrtps_cpp/custom_interfaces/msg/detail/dds_fastrtps/motor_state__type_support.cpp.o[0m
[ 48%] [32mBuilding CXX object CMakeFiles/custom_interfaces__rosidl_typesupport_c.dir/rosidl_typesupport_c/custom_interfaces/srv/move_tool_angle__type_support.cpp.o[0m
[ 54%] [32mBuilding CXX object CMakeFiles/custom_interfaces__rosidl_typesupport_fastrtps_cpp.dir/rosidl_typesupport_fastrtps_cpp/custom_interfaces/msg/detail/dds_fastrtps/loadcell_state__type_support.cpp.o[0m
[ 54%] [32mBuilding CXX object CMakeFiles/custom_interfaces__rosidl_typesupport_fastrtps_cpp.dir/rosidl_typesupport_fastrtps_cpp/custom_interfaces/srv/detail/dds_fastrtps/move_motor_direct__type_support.cpp.o[0m
[ 54%] [32mBuilding CXX object CMakeFiles/custom_interfaces__rosidl_typesupport_fastrtps_cpp.dir/rosidl_typesupport_fastrtps_cpp/custom_interfaces/msg/detail/dds_fastrtps/data_filter_setting__type_support.cpp.o[0m
[ 55%] [32mBuilding CXX object CMakeFiles/custom_interfaces__rosidl_typesupport_fastrtps_cpp.dir/rosidl_typesupport_fastrtps_cpp/custom_interfaces/msg/detail/dds_fastrtps/motor_command_csv__type_support.cpp.o[0m
[ 55%] [32mBuilding CXX object CMakeFiles/custom_interfaces__rosidl_typesupport_fastrtps_cpp.dir/rosidl_typesupport_fastrtps_cpp/custom_interfaces/srv/detail/dds_fastrtps/move_tool_angle__type_support.cpp.o[0m
[ 55%] [32mBuilding CXX object CMakeFiles/custom_interfaces__rosidl_typesupport_fastrtps_cpp.dir/rosidl_typesupport_fastrtps_cpp/custom_interfaces/msg/detail/dds_fastrtps/motor_command__type_support.cpp.o[0m
[ 56%] [32m[1mLinking CXX shared library libcustom_interfaces__rosidl_typesupport_c.so[0m
[ 56%] Built target custom_interfaces__rosidl_typesupport_c
[ 60%] [32mBuilding CXX object CMakeFiles/custom_interfaces__rosidl_typesupport_fastrtps_c.dir/rosidl_typesupport_fastrtps_c/custom_interfaces/msg/detail/motor_command__type_support_c.cpp.o[0m
[ 60%] [32mBuilding CXX object CMakeFiles/custom_interfaces__rosidl_typesupport_fastrtps_c.dir/rosidl_typesupport_fastrtps_c/custom_interfaces/msg/detail/motor_command_csv__type_support_c.cpp.o[0m
[ 60%] [32mBuilding CXX object CMakeFiles/custom_interfaces__rosidl_typesupport_fastrtps_c.dir/rosidl_typesupport_fastrtps_c/custom_interfaces/msg/detail/motor_state__type_support_c.cpp.o[0m
[ 62%] [32mBuilding CXX object CMakeFiles/custom_interfaces__rosidl_typesupport_fastrtps_c.dir/rosidl_typesupport_fastrtps_c/custom_interfaces/msg/detail/loadcell_state__type_support_c.cpp.o[0m
[ 63%] [32mBuilding CXX object CMakeFiles/custom_interfaces__rosidl_typesupport_fastrtps_c.dir/rosidl_typesupport_fastrtps_c/custom_interfaces/msg/detail/data_filter_setting__type_support_c.cpp.o[0m
[ 64%] [32mBuilding C object CMakeFiles/custom_interfaces__rosidl_typesupport_introspection_c.dir/rosidl_typesupport_introspection_c/custom_interfaces/msg/detail/motor_state__type_support.c.o[0m
[ 65%] [32mBuilding CXX object CMakeFiles/custom_interfaces__rosidl_typesupport_fastrtps_c.dir/rosidl_typesupport_fastrtps_c/custom_interfaces/srv/detail/move_motor_direct__type_support_c.cpp.o[0m
[ 67%] [32mBuilding CXX object CMakeFiles/custom_interfaces__rosidl_typesupport_fastrtps_c.dir/rosidl_typesupport_fastrtps_c/custom_interfaces/srv/detail/move_tool_angle__type_support_c.cpp.o[0m
[ 68%] [32mBuilding C object CMakeFiles/custom_interfaces__rosidl_typesupport_introspection_c.dir/rosidl_typesupport_introspection_c/custom_interfaces/msg/detail/motor_command__type_support.c.o[0m
[ 69%] [32m[1mLinking CXX shared library libcustom_interfaces__rosidl_typesupport_cpp.so[0m
[ 70%] [32mBuilding C object CMakeFiles/custom_interfaces__rosidl_typesupport_introspection_c.dir/rosidl_typesupport_introspection_c/custom_interfaces/msg/detail/motor_command_csv__type_support.c.o[0m
[ 72%] [32mBuilding C object CMakeFiles/custom_interfaces__rosidl_typesupport_introspection_c.dir/rosidl_typesupport_introspection_c/custom_interfaces/msg/detail/loadcell_state__type_support.c.o[0m
[ 73%] [32mBuilding C object CMakeFiles/custom_interfaces__rosidl_typesupport_introspection_c.dir/rosidl_typesupport_introspection_c/custom_interfaces/msg/detail/data_filter_setting__type_support.c.o[0m
[ 74%] [32mBuilding C object CMakeFiles/custom_interfaces__rosidl_typesupport_introspection_c.dir/rosidl_typesupport_introspection_c/custom_interfaces/srv/detail/move_motor_direct__type_support.c.o[0m
[ 75%] [32mBuilding C object CMakeFiles/custom_interfaces__rosidl_typesupport_introspection_c.dir/rosidl_typesupport_introspection_c/custom_interfaces/srv/detail/move_tool_angle__type_support.c.o[0m
[ 75%] Built target custom_interfaces__rosidl_typesupport_cpp
[ 77%] [32m[1mLinking C shared library libcustom_interfaces__rosidl_typesupport_introspection_c.so[0m
[ 77%] Built target custom_interfaces__rosidl_typesupport_introspection_c
[ 78%] [32m[1mLinking CXX shared library libcustom_interfaces__rosidl_typesupport_introspection_cpp.so[0m
[ 79%] [32m[1mLinking CXX shared library libcustom_interfaces__rosidl_typesupport_fastrtps_cpp.so[0m
[ 79%] Built target custom_interfaces__rosidl_typesupport_introspection_cpp
[ 81%] [32m[1mLinking CXX shared library libcustom_interfaces__rosidl_typesupport_fastrtps_c.so[0m
[ 81%] Built target custom_interfaces__rosidl_typesupport_fastrtps_cpp
[ 81%] Built target custom_interfaces__rosidl_typesupport_fastrtps_c
[ 81%] Built target custom_interfaces
[ 82%] [34m[1mGenerating Python code for ROS interfaces[0m
[ 82%] Built target custom_interfaces__py
[ 84%] [32mBuilding C object CMakeFiles/custom_interfaces__rosidl_generator_py.dir/rosidl_generator_py/custom_interfaces/msg/_motor_command_s.c.o[0m
[ 84%] [32mBuilding C object CMakeFiles/custom_interfaces__rosidl_generator_py.dir/rosidl_generator_py/custom_interfaces/msg/_motor_state_s.c.o[0m
[ 86%] [32mBuilding C object CMakeFiles/custom_interfaces__rosidl_generator_py.dir/rosidl_generator_py/custom_interfaces/msg/_motor_command_csv_s.c.o[0m
[ 87%] [32mBuilding C object CMakeFiles/custom_interfaces__rosidl_generator_py.dir/rosidl_generator_py/custom_interfaces/msg/_loadcell_state_s.c.o[0m
[ 88%] [32mBuilding C object CMakeFiles/custom_interfaces__rosidl_generator_py.dir/rosidl_generator_py/custom_interfaces/msg/_data_filter_setting_s.c.o[0m
[ 89%] [32mBuilding C object CMakeFiles/custom_interfaces__rosidl_generator_py.dir/rosidl_generator_py/custom_interfaces/srv/_move_motor_direct_s.c.o[0m
[ 91%] [32mBuilding C object CMakeFiles/custom_interfaces__rosidl_generator_py.dir/rosidl_generator_py/custom_interfaces/srv/_move_tool_angle_s.c.o[0m
[ 92%] [32m[1mLinking C shared library rosidl_generator_py/custom_interfaces/libcustom_interfaces__rosidl_generator_py.so[0m
[ 92%] Built target custom_interfaces__rosidl_generator_py
[ 93%] [32mBuilding C object CMakeFiles/custom_interfaces__rosidl_typesupport_fastrtps_c__pyext.dir/rosidl_generator_py/custom_interfaces/_custom_interfaces_s.ep.rosidl_typesupport_fastrtps_c.c.o[0m
[ 94%] [32mBuilding C object CMakeFiles/custom_interfaces__rosidl_typesupport_introspection_c__pyext.dir/rosidl_generator_py/custom_interfaces/_custom_interfaces_s.ep.rosidl_typesupport_introspection_c.c.o[0m
[ 96%] [32mBuilding C object CMakeFiles/custom_interfaces__rosidl_typesupport_c__pyext.dir/rosidl_generator_py/custom_interfaces/_custom_interfaces_s.ep.rosidl_typesupport_c.c.o[0m
[100%] [32m[1mLinking C shared library rosidl_generator_py/custom_interfaces/custom_interfaces_s__rosidl_typesupport_introspection_c.cpython-310-x86_64-linux-gnu.so[0m
[100%] [32m[1mLinking C shared library rosidl_generator_py/custom_interfaces/custom_interfaces_s__rosidl_typesupport_fastrtps_c.cpython-310-x86_64-linux-gnu.so[0m
[100%] [32m[1mLinking C shared library rosidl_generator_py/custom_interfaces/custom_interfaces_s__rosidl_typesupport_c.cpython-310-x86_64-linux-gnu.so[0m
[100%] Built target custom_interfaces__rosidl_typesupport_c__pyext
[100%] Built target custom_interfaces__rosidl_typesupport_introspection_c__pyext
[100%] Built target custom_interfaces__rosidl_typesupport_fastrtps_c__pyext
-- Install configuration: ""
-- Execute custom install script
-- Symlinking: /home/daeyun/LSTM-force-estimation/install/custom_interfaces/share/ament_index/resource_index/rosidl_interfaces/custom_interfaces
-- Symlinking: /home/daeyun/LSTM-force-estimation/install/custom_interfaces/include/custom_interfaces/custom_interfaces/msg/data_filter_setting.h
-- Symlinking: /home/daeyun/LSTM-force-estimation/install/custom_interfaces/include/custom_interfaces/custom_interfaces/msg/detail/data_filter_setting__functions.h
-- Symlinking: /home/daeyun/LSTM-force-estimation/install/custom_interfaces/include/custom_interfaces/custom_interfaces/msg/detail/data_filter_setting__struct.h
-- Symlinking: /home/daeyun/LSTM-force-estimation/install/custom_interfaces/include/custom_interfaces/custom_interfaces/msg/detail/data_filter_setting__type_support.h
-- Symlinking: /home/daeyun/LSTM-force-estimation/install/custom_interfaces/include/custom_interfaces/custom_interfaces/msg/detail/loadcell_state__functions.h
-- Symlinking: /home/daeyun/LSTM-force-estimation/install/custom_interfaces/include/custom_interfaces/custom_interfaces/msg/detail/loadcell_state__struct.h
-- Symlinking: /home/daeyun/LSTM-force-estimation/install/custom_interfaces/include/custom_interfaces/custom_interfaces/msg/detail/loadcell_state__type_support.h
-- Symlinking: /home/daeyun/LSTM-force-estimation/install/custom_interfaces/include/custom_interfaces/custom_interfaces/msg/detail/motor_command__functions.h
-- Symlinking: /home/daeyun/LSTM-force-estimation/install/custom_interfaces/include/custom_interfaces/custom_interfaces/msg/detail/motor_command__struct.h
-- Symlinking: /home/daeyun/LSTM-force-estimation/install/custom_interfaces/include/custom_interfaces/custom_interfaces/msg/detail/motor_command__type_support.h
-- Symlinking: /home/daeyun/LSTM-force-estimation/install/custom_interfaces/include/custom_interfaces/custom_interfaces/msg/detail/motor_command_csv__functions.h
-- Symlinking: /home/daeyun/LSTM-force-estimation/install/custom_interfaces/include/custom_interfaces/custom_interfaces/msg/detail/motor_command_csv__struct.h
-- Symlinking: /home/daeyun/LSTM-force-estimation/install/custom_interfaces/include/custom_interfaces/custom_interfaces/msg/detail/motor_command_csv__type_support.h
-- Symlinking: /home/daeyun/LSTM-force-estimation/install/custom_interfaces/include/custom_interfaces/custom_interfaces/msg/detail/motor_state__functions.h
-- Symlinking: /home/daeyun/LSTM-force-estimation/install/custom_interfaces/include/custom_interfaces/custom_interfaces/msg/detail/motor_state__struct.h
-- Symlinking: /home/daeyun/LSTM-force-estimation/install/custom_interfaces/include/custom_interfaces/custom_interfaces/msg/detail/motor_state__type_support.h
-- Symlinking: /home/daeyun/LSTM-force-estimation/install/custom_interfaces/include/custom_interfaces/custom_interfaces/msg/loadcell_state.h
-- Symlinking: /home/daeyun/LSTM-force-estimation/install/custom_interfaces/include/custom_interfaces/custom_interfaces/msg/motor_command.h
-- Symlinking: /home/daeyun/LSTM-force-estimation/install/custom_interfaces/include/custom_interfaces/custom_interfaces/msg/motor_command_csv.h
-- Symlinking: /home/daeyun/LSTM-force-estimation/install/custom_interfaces/include/custom_interfaces/custom_interfaces/msg/motor_state.h
-- Symlinking: /home/daeyun/LSTM-force-estimation/install/custom_interfaces/include/custom_interfaces/custom_interfaces/msg/rosidl_generator_c__visibility_control.h
-- Symlinking: /home/daeyun/LSTM-force-estimation/install/custom_interfaces/include/custom_interfaces/custom_interfaces/srv/detail/move_motor_direct__functions.h
-- Symlinking: /home/daeyun/LSTM-force-estimation/install/custom_interfaces/include/custom_interfaces/custom_interfaces/srv/detail/move_motor_direct__struct.h
-- Symlinking: /home/daeyun/LSTM-force-estimation/install/custom_interfaces/include/custom_interfaces/custom_interfaces/srv/detail/move_motor_direct__type_support.h
-- Symlinking: /home/daeyun/LSTM-force-estimation/install/custom_interfaces/include/custom_interfaces/custom_interfaces/srv/detail/move_tool_angle__functions.h
-- Symlinking: /home/daeyun/LSTM-force-estimation/install/custom_interfaces/include/custom_interfaces/custom_interfaces/srv/detail/move_tool_angle__struct.h
-- Symlinking: /home/daeyun/LSTM-force-estimation/install/custom_interfaces/include/custom_interfaces/custom_interfaces/srv/detail/move_tool_angle__type_support.h
-- Symlinking: /home/daeyun/LSTM-force-estimation/install/custom_interfaces/include/custom_interfaces/custom_interfaces/srv/move_motor_direct.h
-- Symlinking: /home/daeyun/LSTM-force-estimation/install/custom_interfaces/include/custom_interfaces/custom_interfaces/srv/move_tool_angle.h
-- Symlinking: /home/daeyun/LSTM-force-estimation/install/custom_interfaces/share/custom_interfaces/environment/library_path.sh
-- Symlinking: /home/daeyun/LSTM-force-estimation/install/custom_interfaces/share/custom_interfaces/environment/library_path.dsv
-- Symlinking: /home/daeyun/LSTM-force-estimation/install/custom_interfaces/include/custom_interfaces/custom_interfaces/msg/detail/data_filter_setting__rosidl_typesupport_fastrtps_c.h
-- Symlinking: /home/daeyun/LSTM-force-estimation/install/custom_interfaces/include/custom_interfaces/custom_interfaces/msg/detail/loadcell_state__rosidl_typesupport_fastrtps_c.h
-- Symlinking: /home/daeyun/LSTM-force-estimation/install/custom_interfaces/include/custom_interfaces/custom_interfaces/msg/detail/motor_command__rosidl_typesupport_fastrtps_c.h
-- Symlinking: /home/daeyun/LSTM-force-estimation/install/custom_interfaces/include/custom_interfaces/custom_interfaces/msg/detail/motor_command_csv__rosidl_typesupport_fastrtps_c.h
-- Symlinking: /home/daeyun/LSTM-force-estimation/install/custom_interfaces/include/custom_interfaces/custom_interfaces/msg/detail/motor_state__rosidl_typesupport_fastrtps_c.h
-- Symlinking: /home/daeyun/LSTM-force-estimation/install/custom_interfaces/include/custom_interfaces/custom_interfaces/msg/rosidl_typesupport_fastrtps_c__visibility_control.h
-- Symlinking: /home/daeyun/LSTM-force-estimation/install/custom_interfaces/include/custom_interfaces/custom_interfaces/srv/detail/move_motor_direct__rosidl_typesupport_fastrtps_c.h
-- Symlinking: /home/daeyun/LSTM-force-estimation/install/custom_interfaces/include/custom_interfaces/custom_interfaces/srv/detail/move_tool_angle__rosidl_typesupport_fastrtps_c.h
-- Symlinking: /home/daeyun/LSTM-force-estimation/install/custom_interfaces/include/custom_interfaces/custom_interfaces/msg/data_filter_setting.hpp
-- Symlinking: /home/daeyun/LSTM-force-estimation/install/custom_interfaces/include/custom_interfaces/custom_interfaces/msg/detail/data_filter_setting__builder.hpp
-- Symlinking: /home/daeyun/LSTM-force-estimation/install/custom_interfaces/include/custom_interfaces/custom_interfaces/msg/detail/data_filter_setting__struct.hpp
-- Symlinking: /home/daeyun/LSTM-force-estimation/install/custom_interfaces/include/custom_interfaces/custom_interfaces/msg/detail/data_filter_setting__traits.hpp
-- Symlinking: /home/daeyun/LSTM-force-estimation/install/custom_interfaces/include/custom_interfaces/custom_interfaces/msg/detail/loadcell_state__builder.hpp
-- Symlinking: /home/daeyun/LSTM-force-estimation/install/custom_interfaces/include/custom_interfaces/custom_interfaces/msg/detail/loadcell_state__struct.hpp
-- Symlinking: /home/daeyun/LSTM-force-estimation/install/custom_interfaces/include/custom_interfaces/custom_interfaces/msg/detail/loadcell_state__traits.hpp
-- Symlinking: /home/daeyun/LSTM-force-estimation/install/custom_interfaces/include/custom_interfaces/custom_interfaces/msg/detail/motor_command__builder.hpp
-- Symlinking: /home/daeyun/LSTM-force-estimation/install/custom_interfaces/include/custom_interfaces/custom_interfaces/msg/detail/motor_command__struct.hpp
-- Symlinking: /home/daeyun/LSTM-force-estimation/install/custom_interfaces/include/custom_interfaces/custom_interfaces/msg/detail/motor_command__traits.hpp
-- Symlinking: /home/daeyun/LSTM-force-estimation/install/custom_interfaces/include/custom_interfaces/custom_interfaces/msg/detail/motor_command_csv__builder.hpp
-- Symlinking: /home/daeyun/LSTM-force-estimation/install/custom_interfaces/include/custom_interfaces/custom_interfaces/msg/detail/motor_command_csv__struct.hpp
-- Symlinking: /home/daeyun/LSTM-force-estimation/install/custom_interfaces/include/custom_interfaces/custom_interfaces/msg/detail/motor_command_csv__traits.hpp
-- Symlinking: /home/daeyun/LSTM-force-estimation/install/custom_interfaces/include/custom_interfaces/custom_interfaces/msg/detail/motor_state__builder.hpp
-- Symlinking: /home/daeyun/LSTM-force-estimation/install/custom_interfaces/include/custom_interfaces/custom_interfaces/msg/detail/motor_state__struct.hpp
-- Symlinking: /home/daeyun/LSTM-force-estimation/install/custom_interfaces/include/custom_interfaces/custom_interfaces/msg/detail/motor_state__traits.hpp
-- Symlinking: /home/daeyun/LSTM-force-estimation/install/custom_interfaces/include/custom_interfaces/custom_interfaces/msg/loadcell_state.hpp
-- Symlinking: /home/daeyun/LSTM-force-estimation/install/custom_interfaces/include/custom_interfaces/custom_interfaces/msg/motor_command.hpp
-- Symlinking: /home/daeyun/LSTM-force-estimation/install/custom_interfaces/include/custom_interfaces/custom_interfaces/msg/motor_command_csv.hpp
-- Symlinking: /home/daeyun/LSTM-force-estimation/install/custom_interfaces/include/custom_interfaces/custom_interfaces/msg/motor_state.hpp
-- Symlinking: /home/daeyun/LSTM-force-estimation/install/custom_interfaces/include/custom_interfaces/custom_interfaces/srv/detail/move_motor_direct__builder.hpp
-- Symlinking: /home/daeyun/LSTM-force-estimation/install/custom_interfaces/include/custom_interfaces/custom_interfaces/srv/detail/move_motor_direct__struct.hpp
-- Symlinking: /home/daeyun/LSTM-force-estimation/install/custom_interfaces/include/custom_interfaces/custom_interfaces/srv/detail/move_motor_direct__traits.hpp
-- Symlinking: /home/daeyun/LSTM-force-estimation/install/custom_interfaces/include/custom_interfaces/custom_interfaces/srv/detail/move_tool_angle__builder.hpp
-- Symlinking: /home/daeyun/LSTM-force-estimation/install/custom_interfaces/include/custom_interfaces/custom_interfaces/srv/detail/move_tool_angle__struct.hpp
-- Symlinking: /home/daeyun/LSTM-force-estimation/install/custom_interfaces/include/custom_interfaces/custom_interfaces/srv/detail/move_tool_angle__traits.hpp
-- Symlinking: /home/daeyun/LSTM-force-estimation/install/custom_interfaces/include/custom_interfaces/custom_interfaces/srv/move_motor_direct.hpp
-- Symlinking: /home/daeyun/LSTM-force-estimation/install/custom_interfaces/include/custom_interfaces/custom_interfaces/srv/move_tool_angle.hpp
-- Symlinking: /home/daeyun/LSTM-force-estimation/install/custom_interfaces/include/custom_interfaces/custom_interfaces/msg/detail/data_filter_setting__rosidl_typesupport_fastrtps_cpp.hpp
-- Symlinking: /home/daeyun/LSTM-force-estimation/install/custom_interfaces/include/custom_interfaces/custom_interfaces/msg/detail/loadcell_state__rosidl_typesupport_fastrtps_cpp.hpp
-- Symlinking: /home/daeyun/LSTM-force-estimation/install/custom_interfaces/include/custom_interfaces/custom_interfaces/msg/detail/motor_command__rosidl_typesupport_fastrtps_cpp.hpp
-- Symlinking: /home/daeyun/LSTM-force-estimation/install/custom_interfaces/include/custom_interfaces/custom_interfaces/msg/detail/motor_command_csv__rosidl_typesupport_fastrtps_cpp.hpp
-- Symlinking: /home/daeyun/LSTM-force-estimation/install/custom_interfaces/include/custom_interfaces/custom_interfaces/msg/detail/motor_state__rosidl_typesupport_fastrtps_cpp.hpp
-- Symlinking: /home/daeyun/LSTM-force-estimation/install/custom_interfaces/include/custom_interfaces/custom_interfaces/msg/rosidl_typesupport_fastrtps_cpp__visibility_control.h
-- Symlinking: /home/daeyun/LSTM-force-estimation/install/custom_interfaces/include/custom_interfaces/custom_interfaces/srv/detail/move_motor_direct__rosidl_typesupport_fastrtps_cpp.hpp
-- Symlinking: /home/daeyun/LSTM-force-estimation/install/custom_interfaces/include/custom_interfaces/custom_interfaces/srv/detail/move_tool_angle__rosidl_typesupport_fastrtps_cpp.hpp
-- Symlinking: /home/daeyun/LSTM-force-estimation/install/custom_interfaces/include/custom_interfaces/custom_interfaces/msg/detail/data_filter_setting__rosidl_typesupport_introspection_c.h
-- Symlinking: /home/daeyun/LSTM-force-estimation/install/custom_interfaces/include/custom_interfaces/custom_interfaces/msg/detail/loadcell_state__rosidl_typesupport_introspection_c.h
-- Symlinking: /home/daeyun/LSTM-force-estimation/install/custom_interfaces/include/custom_interfaces/custom_interfaces/msg/detail/motor_command__rosidl_typesupport_introspection_c.h
-- Symlinking: /home/daeyun/LSTM-force-estimation/install/custom_interfaces/include/custom_interfaces/custom_interfaces/msg/detail/motor_command_csv__rosidl_typesupport_introspection_c.h
-- Symlinking: /home/daeyun/LSTM-force-estimation/install/custom_interfaces/include/custom_interfaces/custom_interfaces/msg/detail/motor_state__rosidl_typesupport_introspection_c.h
-- Symlinking: /home/daeyun/LSTM-force-estimation/install/custom_interfaces/include/custom_interfaces/custom_interfaces/msg/rosidl_typesupport_introspection_c__visibility_control.h
-- Symlinking: /home/daeyun/LSTM-force-estimation/install/custom_interfaces/include/custom_interfaces/custom_interfaces/srv/detail/move_motor_direct__rosidl_typesupport_introspection_c.h
-- Symlinking: /home/daeyun/LSTM-force-estimation/install/custom_interfaces/include/custom_interfaces/custom_interfaces/srv/detail/move_tool_angle__rosidl_typesupport_introspection_c.h
-- Symlinking: /home/daeyun/LSTM-force-estimation/install/custom_interfaces/include/custom_interfaces/custom_interfaces/msg/detail/data_filter_setting__rosidl_typesupport_introspection_cpp.hpp
-- Symlinking: /home/daeyun/LSTM-force-estimation/install/custom_interfaces/include/custom_interfaces/custom_interfaces/msg/detail/loadcell_state__rosidl_typesupport_introspection_cpp.hpp
-- Symlinking: /home/daeyun/LSTM-force-estimation/install/custom_interfaces/include/custom_interfaces/custom_interfaces/msg/detail/motor_command__rosidl_typesupport_introspection_cpp.hpp
-- Symlinking: /home/daeyun/LSTM-force-estimation/install/custom_interfaces/include/custom_interfaces/custom_interfaces/msg/detail/motor_command_csv__rosidl_typesupport_introspection_cpp.hpp
-- Symlinking: /home/daeyun/LSTM-force-estimation/install/custom_interfaces/include/custom_interfaces/custom_interfaces/msg/detail/motor_state__rosidl_typesupport_introspection_cpp.hpp
-- Symlinking: /home/daeyun/LSTM-force-estimation/install/custom_interfaces/include/custom_interfaces/custom_interfaces/srv/detail/move_motor_direct__rosidl_typesupport_introspection_cpp.hpp
-- Symlinking: /home/daeyun/LSTM-force-estimation/install/custom_interfaces/include/custom_interfaces/custom_interfaces/srv/detail/move_tool_angle__rosidl_typesupport_introspection_cpp.hpp
-- Symlinking: /home/daeyun/LSTM-force-estimation/install/custom_interfaces/share/custom_interfaces/environment/pythonpath.sh
-- Symlinking: /home/daeyun/LSTM-force-estimation/install/custom_interfaces/share/custom_interfaces/environment/pythonpath.dsv
-- Symlinking: /home/daeyun/LSTM-force-estimation/install/custom_interfaces/lib/python3.10/site-packages/custom_interfaces-0.0.0-py3.10.egg-info/PKG-INFO
-- Symlinking: /home/daeyun/LSTM-force-estimation/install/custom_interfaces/lib/python3.10/site-packages/custom_interfaces-0.0.0-py3.10.egg-info/SOURCES.txt
-- Symlinking: /home/daeyun/LSTM-force-estimation/install/custom_interfaces/lib/python3.10/site-packages/custom_interfaces-0.0.0-py3.10.egg-info/dependency_links.txt
-- Symlinking: /home/daeyun/LSTM-force-estimation/install/custom_interfaces/lib/python3.10/site-packages/custom_interfaces-0.0.0-py3.10.egg-info/top_level.txt
-- Symlinking: /home/daeyun/LSTM-force-estimation/install/custom_interfaces/lib/python3.10/site-packages/custom_interfaces/__init__.py
-- Symlinking: /home/daeyun/LSTM-force-estimation/install/custom_interfaces/lib/python3.10/site-packages/custom_interfaces/_custom_interfaces_s.ep.rosidl_typesupport_c.c
-- Symlinking: /home/daeyun/LSTM-force-estimation/install/custom_interfaces/lib/python3.10/site-packages/custom_interfaces/_custom_interfaces_s.ep.rosidl_typesupport_fastrtps_c.c
-- Symlinking: /home/daeyun/LSTM-force-estimation/install/custom_interfaces/lib/python3.10/site-packages/custom_interfaces/_custom_interfaces_s.ep.rosidl_typesupport_introspection_c.c
-- Symlinking: /home/daeyun/LSTM-force-estimation/install/custom_interfaces/lib/python3.10/site-packages/custom_interfaces/custom_interfaces_s__rosidl_typesupport_c.cpython-310-x86_64-linux-gnu.so
-- Symlinking: /home/daeyun/LSTM-force-estimation/install/custom_interfaces/lib/python3.10/site-packages/custom_interfaces/custom_interfaces_s__rosidl_typesupport_fastrtps_c.cpython-310-x86_64-linux-gnu.so
-- Symlinking: /home/daeyun/LSTM-force-estimation/install/custom_interfaces/lib/python3.10/site-packages/custom_interfaces/custom_interfaces_s__rosidl_typesupport_introspection_c.cpython-310-x86_64-linux-gnu.so
-- Symlinking: /home/daeyun/LSTM-force-estimation/install/custom_interfaces/lib/python3.10/site-packages/custom_interfaces/libcustom_interfaces__rosidl_generator_py.so
-- Symlinking: /home/daeyun/LSTM-force-estimation/install/custom_interfaces/lib/python3.10/site-packages/custom_interfaces/msg/__init__.py
-- Symlinking: /home/daeyun/LSTM-force-estimation/install/custom_interfaces/lib/python3.10/site-packages/custom_interfaces/msg/_data_filter_setting.py
-- Symlinking: /home/daeyun/LSTM-force-estimation/install/custom_interfaces/lib/python3.10/site-packages/custom_interfaces/msg/_data_filter_setting_s.c
-- Symlinking: /home/daeyun/LSTM-force-estimation/install/custom_interfaces/lib/python3.10/site-packages/custom_interfaces/msg/_loadcell_state.py
-- Symlinking: /home/daeyun/LSTM-force-estimation/install/custom_interfaces/lib/python3.10/site-packages/custom_interfaces/msg/_loadcell_state_s.c
-- Symlinking: /home/daeyun/LSTM-force-estimation/install/custom_interfaces/lib/python3.10/site-packages/custom_interfaces/msg/_motor_command.py
-- Symlinking: /home/daeyun/LSTM-force-estimation/install/custom_interfaces/lib/python3.10/site-packages/custom_interfaces/msg/_motor_command_csv.py
-- Symlinking: /home/daeyun/LSTM-force-estimation/install/custom_interfaces/lib/python3.10/site-packages/custom_interfaces/msg/_motor_command_csv_s.c
-- Symlinking: /home/daeyun/LSTM-force-estimation/install/custom_interfaces/lib/python3.10/site-packages/custom_interfaces/msg/_motor_command_s.c
-- Symlinking: /home/daeyun/LSTM-force-estimation/install/custom_interfaces/lib/python3.10/site-packages/custom_interfaces/msg/_motor_state.py
-- Symlinking: /home/daeyun/LSTM-force-estimation/install/custom_interfaces/lib/python3.10/site-packages/custom_interfaces/msg/_motor_state_s.c
-- Symlinking: /home/daeyun/LSTM-force-estimation/install/custom_interfaces/lib/python3.10/site-packages/custom_interfaces/srv/__init__.py
-- Symlinking: /home/daeyun/LSTM-force-estimation/install/custom_interfaces/lib/python3.10/site-packages/custom_interfaces/srv/_move_motor_direct.py
-- Symlinking: /home/daeyun/LSTM-force-estimation/install/custom_interfaces/lib/python3.10/site-packages/custom_interfaces/srv/_move_motor_direct_s.c
-- Symlinking: /home/daeyun/LSTM-force-estimation/install/custom_interfaces/lib/python3.10/site-packages/custom_interfaces/srv/_move_tool_angle.py
-- Symlinking: /home/daeyun/LSTM-force-estimation/install/custom_interfaces/lib/python3.10/site-packages/custom_interfaces/srv/_move_tool_angle_s.c
-- Up-to-date symlink: /home/daeyun/LSTM-force-estimation/install/custom_interfaces/lib/python3.10/site-packages/custom_interfaces/custom_interfaces_s__rosidl_typesupport_fastrtps_c.cpython-310-x86_64-linux-gnu.so
-- Up-to-date symlink: /home/daeyun/LSTM-force-estimation/install/custom_interfaces/lib/python3.10/site-packages/custom_interfaces/custom_interfaces_s__rosidl_typesupport_introspection_c.cpython-310-x86_64-linux-gnu.so
-- Up-to-date symlink: /home/daeyun/LSTM-force-estimation/install/custom_interfaces/lib/python3.10/site-packages/custom_interfaces/custom_interfaces_s__rosidl_typesupport_c.cpython-310-x86_64-linux-gnu.so
-- Symlinking: /home/daeyun/LSTM-force-estimation/install/custom_interfaces/share/custom_interfaces/msg/MotorState.idl
-- Symlinking: /home/daeyun/LSTM-force-estimation/install/custom_interfaces/share/custom_interfaces/msg/MotorCommand.idl
-- Symlinking: /home/daeyun/LSTM-force-estimation/install/custom_interfaces/share/custom_interfaces/msg/MotorCommandCSV.idl
-- Symlinking: /home/daeyun/LSTM-force-estimation/install/custom_interfaces/share/custom_interfaces/msg/LoadcellState.idl
-- Symlinking: /home/daeyun/LSTM-force-estimation/install/custom_interfaces/share/custom_interfaces/msg/DataFilterSetting.idl
-- Symlinking: /home/daeyun/LSTM-force-estimation/install/custom_interfaces/share/custom_interfaces/srv/MoveMotorDirect.idl
-- Symlinking: /home/daeyun/LSTM-force-estimation/install/custom_interfaces/share/custom_interfaces/srv/MoveToolAngle.idl
-- Symlinking: /home/daeyun/LSTM-force-estimation/install/custom_interfaces/share/custom_interfaces/msg/MotorState.msg
-- Symlinking: /home/daeyun/LSTM-force-estimation/install/custom_interfaces/share/custom_interfaces/msg/MotorCommand.msg
-- Symlinking: /home/daeyun/LSTM-force-estimation/install/custom_interfaces/share/custom_interfaces/msg/MotorCommandCSV.msg
-- Symlinking: /home/daeyun/LSTM-force-estimation/install/custom_interfaces/share/custom_interfaces/msg/LoadcellState.msg
-- Symlinking: /home/daeyun/LSTM-force-estimation/install/custom_interfaces/share/custom_interfaces/msg/DataFilterSetting.msg
-- Symlinking: /home/daeyun/LSTM-force-estimation/install/custom_interfaces/share/custom_interfaces/surgicaltool/MoveMotorDirect.srv
-- Symlinking: /home/daeyun/LSTM-force-estimation/install/custom_interfaces/share/custom_interfaces/surgicaltool/MoveMotorDirect_Request.msg
-- Symlinking: /home/daeyun/LSTM-force-estimation/install/custom_interfaces/share/custom_interfaces/surgicaltool/MoveMotorDirect_Response.msg
-- Symlinking: /home/daeyun/LSTM-force-estimation/install/custom_interfaces/share/custom_interfaces/surgicaltool/MoveToolAngle.srv
-- Symlinking: /home/daeyun/LSTM-force-estimation/install/custom_interfaces/share/custom_interfaces/surgicaltool/MoveToolAngle_Request.msg
-- Symlinking: /home/daeyun/LSTM-force-estimation/install/custom_interfaces/share/custom_interfaces/surgicaltool/MoveToolAngle_Response.msg
-- Symlinking: /home/daeyun/LSTM-force-estimation/install/custom_interfaces/share/ament_index/resource_index/package_run_dependencies/custom_interfaces
-- Symlinking: /home/daeyun/LSTM-force-estimation/install/custom_interfaces/share/ament_index/resource_index/parent_prefix_path/custom_interfaces
-- Symlinking: /home/daeyun/LSTM-force-estimation/install/custom_interfaces/share/custom_interfaces/environment/ament_prefix_path.sh
-- Symlinking: /home/daeyun/LSTM-force-estimation/install/custom_interfaces/share/custom_interfaces/environment/ament_prefix_path.dsv
-- Symlinking: /home/daeyun/LSTM-force-estimation/install/custom_interfaces/share/custom_interfaces/environment/path.sh
-- Symlinking: /home/daeyun/LSTM-force-estimation/install/custom_interfaces/share/custom_interfaces/environment/path.dsv
-- Symlinking: /home/daeyun/LSTM-force-estimation/install/custom_interfaces/share/custom_interfaces/local_setup.bash
-- Symlinking: /home/daeyun/LSTM-force-estimation/install/custom_interfaces/share/custom_interfaces/local_setup.sh
-- Symlinking: /home/daeyun/LSTM-force-estimation/install/custom_interfaces/share/custom_interfaces/local_setup.zsh
-- Symlinking: /home/daeyun/LSTM-force-estimation/install/custom_interfaces/share/custom_interfaces/local_setup.dsv
-- Symlinking: /home/daeyun/LSTM-force-estimation/install/custom_interfaces/share/custom_interfaces/package.dsv
-- Symlinking: /home/daeyun/LSTM-force-estimation/install/custom_interfaces/share/ament_index/resource_index/packages/custom_interfaces
-- Symlinking: /home/daeyun/LSTM-force-estimation/install/custom_interfaces/share/custom_interfaces/cmake/rosidl_cmake-extras.cmake
-- Symlinking: /home/daeyun/LSTM-force-estimation/install/custom_interfaces/share/custom_interfaces/cmake/ament_cmake_export_dependencies-extras.cmake
-- Symlinking: /home/daeyun/LSTM-force-estimation/install/custom_interfaces/share/custom_interfaces/cmake/ament_cmake_export_include_directories-extras.cmake
-- Symlinking: /home/daeyun/LSTM-force-estimation/install/custom_interfaces/share/custom_interfaces/cmake/ament_cmake_export_libraries-extras.cmake
-- Symlinking: /home/daeyun/LSTM-force-estimation/install/custom_interfaces/share/custom_interfaces/cmake/ament_cmake_export_targets-extras.cmake
-- Symlinking: /home/daeyun/LSTM-force-estimation/install/custom_interfaces/share/custom_interfaces/cmake/rosidl_cmake_export_typesupport_targets-extras.cmake
-- Symlinking: /home/daeyun/LSTM-force-estimation/install/custom_interfaces/share/custom_interfaces/cmake/rosidl_cmake_export_typesupport_libraries-extras.cmake
-- Symlinking: /home/daeyun/LSTM-force-estimation/install/custom_interfaces/share/custom_interfaces/cmake/custom_interfacesConfig.cmake
-- Symlinking: /home/daeyun/LSTM-force-estimation/install/custom_interfaces/share/custom_interfaces/cmake/custom_interfacesConfig-version.cmake
-- Symlinking: /home/daeyun/LSTM-force-estimation/install/custom_interfaces/share/custom_interfaces/package.xml
-- Installing: /home/daeyun/LSTM-force-estimation/install/custom_interfaces/lib/libcustom_interfaces__rosidl_generator_c.so
-- Set runtime path of "/home/daeyun/LSTM-force-estimation/install/custom_interfaces/lib/libcustom_interfaces__rosidl_generator_c.so" to ""
-- Installing: /home/daeyun/LSTM-force-estimation/install/custom_interfaces/lib/libcustom_interfaces__rosidl_typesupport_fastrtps_c.so
-- Set runtime path of "/home/daeyun/LSTM-force-estimation/install/custom_interfaces/lib/libcustom_interfaces__rosidl_typesupport_fastrtps_c.so" to ""
-- Installing: /home/daeyun/LSTM-force-estimation/install/custom_interfaces/lib/libcustom_interfaces__rosidl_typesupport_fastrtps_cpp.so
-- Set runtime path of "/home/daeyun/LSTM-force-estimation/install/custom_interfaces/lib/libcustom_interfaces__rosidl_typesupport_fastrtps_cpp.so" to ""
-- Installing: /home/daeyun/LSTM-force-estimation/install/custom_interfaces/lib/libcustom_interfaces__rosidl_typesupport_introspection_c.so
-- Set runtime path of "/home/daeyun/LSTM-force-estimation/install/custom_interfaces/lib/libcustom_interfaces__rosidl_typesupport_introspection_c.so" to ""
-- Installing: /home/daeyun/LSTM-force-estimation/install/custom_interfaces/lib/libcustom_interfaces__rosidl_typesupport_c.so
-- Set runtime path of "/home/daeyun/LSTM-force-estimation/install/custom_interfaces/lib/libcustom_interfaces__rosidl_typesupport_c.so" to ""
-- Installing: /home/daeyun/LSTM-force-estimation/install/custom_interfaces/lib/libcustom_interfaces__rosidl_typesupport_introspection_cpp.so
-- Set runtime path of "/home/daeyun/LSTM-force-estimation/install/custom_interfaces/lib/libcustom_interfaces__rosidl_typesupport_introspection_cpp.so" to ""
-- Installing: /home/daeyun/LSTM-force-estimation/install/custom_interfaces/lib/libcustom_interfaces__rosidl_typesupport_cpp.so
-- Set runtime path of "/home/daeyun/LSTM-force-estimation/install/custom_interfaces/lib/libcustom_interfaces__rosidl_typesupport_cpp.so" to ""
Listing '/home/daeyun/LSTM-force-estimation/install/custom_interfaces/lib/python3.10/site-packages/custom_interfaces'...
Compiling '/home/daeyun/LSTM-force-estimation/install/custom_interfaces/lib/python3.10/site-packages/custom_interfaces/__init__.py'...
Listing '/home/daeyun/LSTM-force-estimation/install/custom_interfaces/lib/python3.10/site-packages/custom_interfaces/msg'...
Compiling '/home/daeyun/LSTM-force-estimation/install/custom_interfaces/lib/python3.10/site-packages/custom_interfaces/msg/__init__.py'...
Compiling '/home/daeyun/LSTM-force-estimation/install/custom_interfaces/lib/python3.10/site-packages/custom_interfaces/msg/_data_filter_setting.py'...
Compiling '/home/daeyun/LSTM-force-estimation/install/custom_interfaces/lib/python3.10/site-packages/custom_interfaces/msg/_loadcell_state.py'...
Compiling '/home/daeyun/LSTM-force-estimation/install/custom_interfaces/lib/python3.10/site-packages/custom_interfaces/msg/_motor_command.py'...
Compiling '/home/daeyun/LSTM-force-estimation/install/custom_interfaces/lib/python3.10/site-packages/custom_interfaces/msg/_motor_command_csv.py'...
Compiling '/home/daeyun/LSTM-force-estimation/install/custom_interfaces/lib/python3.10/site-packages/custom_interfaces/msg/_motor_state.py'...
Listing '/home/daeyun/LSTM-force-estimation/install/custom_interfaces/lib/python3.10/site-packages/custom_interfaces/srv'...
Compiling '/home/daeyun/LSTM-force-estimation/install/custom_interfaces/lib/python3.10/site-packages/custom_interfaces/srv/__init__.py'...
Compiling '/home/daeyun/LSTM-force-estimation/install/custom_interfaces/lib/python3.10/site-packages/custom_interfaces/srv/_move_motor_direct.py'...
Compiling '/home/daeyun/LSTM-force-estimation/install/custom_interfaces/lib/python3.10/site-packages/custom_interfaces/srv/_move_tool_angle.py'...
-- Installing: /home/daeyun/LSTM-force-estimation/install/custom_interfaces/lib/libcustom_interfaces__rosidl_generator_py.so
-- Set runtime path of "/home/daeyun/LSTM-force-estimation/install/custom_interfaces/lib/libcustom_interfaces__rosidl_generator_py.so" to ""
-- Installing: /home/daeyun/LSTM-force-estimation/install/custom_interfaces/share/custom_interfaces/cmake/export_custom_interfaces__rosidl_generator_cExport.cmake
-- Installing: /home/daeyun/LSTM-force-estimation/install/custom_interfaces/share/custom_interfaces/cmake/export_custom_interfaces__rosidl_generator_cExport-noconfig.cmake
-- Installing: /home/daeyun/LSTM-force-estimation/install/custom_interfaces/share/custom_interfaces/cmake/export_custom_interfaces__rosidl_typesupport_fastrtps_cExport.cmake
-- Installing: /home/daeyun/LSTM-force-estimation/install/custom_interfaces/share/custom_interfaces/cmake/export_custom_interfaces__rosidl_typesupport_fastrtps_cExport-noconfig.cmake
-- Installing: /home/daeyun/LSTM-force-estimation/install/custom_interfaces/share/custom_interfaces/cmake/export_custom_interfaces__rosidl_generator_cppExport.cmake
-- Installing: /home/daeyun/LSTM-force-estimation/install/custom_interfaces/share/custom_interfaces/cmake/export_custom_interfaces__rosidl_typesupport_fastrtps_cppExport.cmake
-- Installing: /home/daeyun/LSTM-force-estimation/install/custom_interfaces/share/custom_interfaces/cmake/export_custom_interfaces__rosidl_typesupport_fastrtps_cppExport-noconfig.cmake
-- Installing: /home/daeyun/LSTM-force-estimation/install/custom_interfaces/share/custom_interfaces/cmake/custom_interfaces__rosidl_typesupport_introspection_cExport.cmake
-- Installing: /home/daeyun/LSTM-force-estimation/install/custom_interfaces/share/custom_interfaces/cmake/custom_interfaces__rosidl_typesupport_introspection_cExport-noconfig.cmake
-- Installing: /home/daeyun/LSTM-force-estimation/install/custom_interfaces/share/custom_interfaces/cmake/custom_interfaces__rosidl_typesupport_cExport.cmake
-- Installing: /home/daeyun/LSTM-force-estimation/install/custom_interfaces/share/custom_interfaces/cmake/custom_interfaces__rosidl_typesupport_cExport-noconfig.cmake
-- Installing: /home/daeyun/LSTM-force-estimation/install/custom_interfaces/share/custom_interfaces/cmake/custom_interfaces__rosidl_typesupport_introspection_cppExport.cmake
-- Installing: /home/daeyun/LSTM-force-estimation/install/custom_interfaces/share/custom_interfaces/cmake/custom_interfaces__rosidl_typesupport_introspection_cppExport-noconfig.cmake
-- Installing: /home/daeyun/LSTM-force-estimation/install/custom_interfaces/share/custom_interfaces/cmake/custom_interfaces__rosidl_typesupport_cppExport.cmake
-- Installing: /home/daeyun/LSTM-force-estimation/install/custom_interfaces/share/custom_interfaces/cmake/custom_interfaces__rosidl_typesupport_cppExport-noconfig.cmake
-- Installing: /home/daeyun/LSTM-force-estimation/install/custom_interfaces/share/custom_interfaces/cmake/export_custom_interfaces__rosidl_generator_pyExport.cmake
-- Installing: /home/daeyun/LSTM-force-estimation/install/custom_interfaces/share/custom_interfaces/cmake/export_custom_interfaces__rosidl_generator_pyExport-noconfig.cmake
