[0.008s] Invoking command in '/home/daeyun/LSTM-force-estimation/build/custom_interfaces': CMAKE_PREFIX_PATH=/opt/ros/humble PS1=(LSTM-FORCE-ESTIMATION-VENV) \[\e]0;\u@\h: \w\a\]${debian_chroot:+($debian_chroot)}\[\033[01;32m\]\u@\h\[\033[00m\]:\[\033[01;34m\]\w\[\033[00m\]\$ VIRTUAL_ENV_PROMPT=(LSTM-FORCE-ESTIMATION-VENV) /usr/bin/cmake /home/daeyun/LSTM-force-estimation/src/custom_interfaces -DAMENT_CMAKE_SYMLINK_INSTALL=1 -DCMAKE_INSTALL_PREFIX=/home/daeyun/LSTM-force-estimation/install/custom_interfaces
[0.040s] -- The C compiler identification is GNU 11.4.0
[0.069s] -- The CXX compiler identification is GNU 11.4.0
[0.073s] -- Detecting C compiler ABI info
[0.108s] -- Detecting C compiler ABI info - done
[0.112s] -- Check for working C compiler: /usr/bin/cc - skipped
[0.112s] -- Detecting C compile features
[0.112s] -- Detecting C compile features - done
[0.114s] -- Detecting CXX compiler ABI info
[0.155s] -- Detecting CXX compiler ABI info - done
[0.158s] -- Check for working CXX compiler: /usr/bin/c++ - skipped
[0.159s] -- Detecting CXX compile features
[0.159s] -- Detecting CXX compile features - done
[0.160s] -- Found ament_cmake: 1.3.9 (/opt/ros/humble/share/ament_cmake/cmake)
[0.239s] -- Found Python3: /home/daeyun/LSTM-FORCE-ESTIMATION-VENV/bin/python3 (found version "3.10.12") found components: Interpreter 
[0.269s] -- Override CMake install command with custom implementation using symlinks instead of copying resources
[0.279s] -- Found std_msgs: 4.2.4 (/opt/ros/humble/share/std_msgs/cmake)
[0.294s] -- Found rosidl_generator_c: 3.1.5 (/opt/ros/humble/share/rosidl_generator_c/cmake)
[0.296s] -- Found rosidl_adapter: 3.1.5 (/opt/ros/humble/share/rosidl_adapter/cmake)
[0.300s] -- Found rosidl_generator_cpp: 3.1.5 (/opt/ros/humble/share/rosidl_generator_cpp/cmake)
[0.306s] -- Using all available rosidl_typesupport_c: rosidl_typesupport_fastrtps_c;rosidl_typesupport_introspection_c
[0.315s] -- Using all available rosidl_typesupport_cpp: rosidl_typesupport_fastrtps_cpp;rosidl_typesupport_introspection_cpp
[0.343s] -- Found geometry_msgs: 4.2.4 (/opt/ros/humble/share/geometry_msgs/cmake)
[0.364s] -- Found sensor_msgs: 4.2.4 (/opt/ros/humble/share/sensor_msgs/cmake)
[0.406s] -- Found rosidl_default_generators: 1.2.0 (/opt/ros/humble/share/rosidl_default_generators/cmake)
[0.597s] -- Found ament_cmake_ros: 0.10.0 (/opt/ros/humble/share/ament_cmake_ros/cmake)
[0.826s] -- Using all available rosidl_typesupport_c: rosidl_typesupport_fastrtps_c;rosidl_typesupport_introspection_c
[0.922s] -- Using all available rosidl_typesupport_cpp: rosidl_typesupport_fastrtps_cpp;rosidl_typesupport_introspection_cpp
[0.935s] -- Found PythonInterp: /home/daeyun/LSTM-FORCE-ESTIMATION-VENV/bin/python3 (found suitable version "3.10.12", minimum required is "3.6") 
[0.936s] -- Found python_cmake_module: 0.10.0 (/opt/ros/humble/share/python_cmake_module/cmake)
[0.950s] -- Found PythonLibs: /usr/lib/x86_64-linux-gnu/libpython3.10.so (found suitable version "3.10.12", minimum required is "3.5") 
[0.950s] -- Using PYTHON_EXECUTABLE: /home/daeyun/LSTM-FORCE-ESTIMATION-VENV/bin/python3
[0.950s] -- Using PYTHON_INCLUDE_DIRS: /usr/include/python3.10
[0.950s] -- Using PYTHON_LIBRARIES: /usr/lib/x86_64-linux-gnu/libpython3.10.so
[0.962s] -- Found PythonExtra: .so  
[1.001s] -- Found ament_lint_auto: 0.12.11 (/opt/ros/humble/share/ament_lint_auto/cmake)
[1.014s] -- Added test 'lint_cmake' to check CMake code style
[1.015s] -- Added test 'xmllint' to check XML markup files
[1.017s] -- Configuring done
[1.040s] -- Generating done
[1.041s] -- Build files have been written to: /home/daeyun/LSTM-force-estimation/build/custom_interfaces
[1.046s] Invoked command in '/home/daeyun/LSTM-force-estimation/build/custom_interfaces' returned '0': CMAKE_PREFIX_PATH=/opt/ros/humble PS1=(LSTM-FORCE-ESTIMATION-VENV) \[\e]0;\u@\h: \w\a\]${debian_chroot:+($debian_chroot)}\[\033[01;32m\]\u@\h\[\033[00m\]:\[\033[01;34m\]\w\[\033[00m\]\$ VIRTUAL_ENV_PROMPT=(LSTM-FORCE-ESTIMATION-VENV) /usr/bin/cmake /home/daeyun/LSTM-force-estimation/src/custom_interfaces -DAMENT_CMAKE_SYMLINK_INSTALL=1 -DCMAKE_INSTALL_PREFIX=/home/daeyun/LSTM-force-estimation/install/custom_interfaces
[1.048s] Invoking command in '/home/daeyun/LSTM-force-estimation/build/custom_interfaces': CMAKE_PREFIX_PATH=/opt/ros/humble PS1=(LSTM-FORCE-ESTIMATION-VENV) \[\e]0;\u@\h: \w\a\]${debian_chroot:+($debian_chroot)}\[\033[01;32m\]\u@\h\[\033[00m\]:\[\033[01;34m\]\w\[\033[00m\]\$ VIRTUAL_ENV_PROMPT=(LSTM-FORCE-ESTIMATION-VENV) /usr/bin/cmake --build /home/daeyun/LSTM-force-estimation/build/custom_interfaces -- -j24 -l24
[1.070s] [  1%] [34m[1mGenerating C code for ROS interfaces[0m
[1.075s] [  2%] [34m[1mGenerating C++ code for ROS interfaces[0m
[1.079s] [  2%] Built target ament_cmake_python_symlink_custom_interfaces
[1.214s] running egg_info
[1.215s] creating custom_interfaces.egg-info
[1.215s] writing custom_interfaces.egg-info/PKG-INFO
[1.215s] writing dependency_links to custom_interfaces.egg-info/dependency_links.txt
[1.215s] writing top-level names to custom_interfaces.egg-info/top_level.txt
[1.215s] writing manifest file 'custom_interfaces.egg-info/SOURCES.txt'
[1.216s] reading manifest file 'custom_interfaces.egg-info/SOURCES.txt'
[1.216s] writing manifest file 'custom_interfaces.egg-info/SOURCES.txt'
[1.230s] [  2%] Built target ament_cmake_python_build_custom_interfaces_egg
[1.401s] [  2%] Built target custom_interfaces__cpp
[1.408s] [  3%] [34m[1mGenerating C++ type support for eProsima Fast-RTPS[0m
[1.408s] [  5%] [34m[1mGenerating C++ type support dispatch for ROS interfaces[0m
[1.410s] [  6%] [34m[1mGenerating C++ introspection for ROS interfaces[0m
[1.420s] [  7%] [32mBuilding C object CMakeFiles/custom_interfaces__rosidl_generator_c.dir/rosidl_generator_c/custom_interfaces/msg/detail/motor_state__functions.c.o[0m
[1.420s] [ 10%] [32mBuilding C object CMakeFiles/custom_interfaces__rosidl_generator_c.dir/rosidl_generator_c/custom_interfaces/msg/detail/motor_command_csv__functions.c.o[0m
[1.420s] [ 10%] [32mBuilding C object CMakeFiles/custom_interfaces__rosidl_generator_c.dir/rosidl_generator_c/custom_interfaces/msg/detail/motor_command__functions.c.o[0m
[1.420s] [ 11%] [32mBuilding C object CMakeFiles/custom_interfaces__rosidl_generator_c.dir/rosidl_generator_c/custom_interfaces/msg/detail/loadcell_state__functions.c.o[0m
[1.420s] [ 12%] [32mBuilding C object CMakeFiles/custom_interfaces__rosidl_generator_c.dir/rosidl_generator_c/custom_interfaces/srv/detail/move_motor_direct__functions.c.o[0m
[1.420s] [ 13%] [32mBuilding C object CMakeFiles/custom_interfaces__rosidl_generator_c.dir/rosidl_generator_c/custom_interfaces/srv/detail/move_tool_angle__functions.c.o[0m
[1.422s] [ 15%] [32mBuilding C object CMakeFiles/custom_interfaces__rosidl_generator_c.dir/rosidl_generator_c/custom_interfaces/msg/detail/data_filter_setting__functions.c.o[0m
[1.458s] [ 16%] [32m[1mLinking C shared library libcustom_interfaces__rosidl_generator_c.so[0m
[1.479s] [ 16%] Built target custom_interfaces__rosidl_generator_c
[1.485s] [ 17%] [34m[1mGenerating C type support for eProsima Fast-RTPS[0m
[1.485s] [ 18%] [34m[1mGenerating C introspection for ROS interfaces[0m
[1.485s] [ 20%] [34m[1mGenerating C type support dispatch for ROS interfaces[0m
[1.654s] [ 21%] [32mBuilding CXX object CMakeFiles/custom_interfaces__rosidl_typesupport_cpp.dir/rosidl_typesupport_cpp/custom_interfaces/msg/motor_state__type_support.cpp.o[0m
[1.654s] [ 22%] [32mBuilding CXX object CMakeFiles/custom_interfaces__rosidl_typesupport_cpp.dir/rosidl_typesupport_cpp/custom_interfaces/msg/motor_command__type_support.cpp.o[0m
[1.655s] [ 24%] [32mBuilding CXX object CMakeFiles/custom_interfaces__rosidl_typesupport_cpp.dir/rosidl_typesupport_cpp/custom_interfaces/msg/data_filter_setting__type_support.cpp.o[0m
[1.656s] [ 25%] [32mBuilding CXX object CMakeFiles/custom_interfaces__rosidl_typesupport_cpp.dir/rosidl_typesupport_cpp/custom_interfaces/msg/motor_command_csv__type_support.cpp.o[0m
[1.657s] [ 26%] [32mBuilding CXX object CMakeFiles/custom_interfaces__rosidl_typesupport_cpp.dir/rosidl_typesupport_cpp/custom_interfaces/msg/loadcell_state__type_support.cpp.o[0m
[1.657s] [ 27%] [32mBuilding CXX object CMakeFiles/custom_interfaces__rosidl_typesupport_cpp.dir/rosidl_typesupport_cpp/custom_interfaces/srv/move_motor_direct__type_support.cpp.o[0m
[1.657s] [ 29%] [32mBuilding CXX object CMakeFiles/custom_interfaces__rosidl_typesupport_cpp.dir/rosidl_typesupport_cpp/custom_interfaces/srv/move_tool_angle__type_support.cpp.o[0m
[1.688s] [ 31%] [32mBuilding CXX object CMakeFiles/custom_interfaces__rosidl_typesupport_introspection_cpp.dir/rosidl_typesupport_introspection_cpp/custom_interfaces/msg/detail/motor_command_csv__type_support.cpp.o[0m
[1.688s] [ 32%] [32mBuilding CXX object CMakeFiles/custom_interfaces__rosidl_typesupport_introspection_cpp.dir/rosidl_typesupport_introspection_cpp/custom_interfaces/msg/detail/motor_state__type_support.cpp.o[0m
[1.688s] [ 32%] [32mBuilding CXX object CMakeFiles/custom_interfaces__rosidl_typesupport_introspection_cpp.dir/rosidl_typesupport_introspection_cpp/custom_interfaces/msg/detail/loadcell_state__type_support.cpp.o[0m
[1.688s] [ 34%] [32mBuilding CXX object CMakeFiles/custom_interfaces__rosidl_typesupport_introspection_cpp.dir/rosidl_typesupport_introspection_cpp/custom_interfaces/msg/detail/motor_command__type_support.cpp.o[0m
[1.689s] [ 35%] [32mBuilding CXX object CMakeFiles/custom_interfaces__rosidl_typesupport_introspection_cpp.dir/rosidl_typesupport_introspection_cpp/custom_interfaces/msg/detail/data_filter_setting__type_support.cpp.o[0m
[1.690s] [ 36%] [32mBuilding CXX object CMakeFiles/custom_interfaces__rosidl_typesupport_introspection_cpp.dir/rosidl_typesupport_introspection_cpp/custom_interfaces/srv/detail/move_tool_angle__type_support.cpp.o[0m
[1.690s] [ 37%] [32mBuilding CXX object CMakeFiles/custom_interfaces__rosidl_typesupport_introspection_cpp.dir/rosidl_typesupport_introspection_cpp/custom_interfaces/srv/detail/move_motor_direct__type_support.cpp.o[0m
[1.744s] [ 45%] [32mBuilding CXX object CMakeFiles/custom_interfaces__rosidl_typesupport_c.dir/rosidl_typesupport_c/custom_interfaces/msg/loadcell_state__type_support.cpp.o[0m
[1.744s] [ 45%] [32mBuilding CXX object CMakeFiles/custom_interfaces__rosidl_typesupport_c.dir/rosidl_typesupport_c/custom_interfaces/srv/move_motor_direct__type_support.cpp.o[0m
[1.744s] [ 45%] [32mBuilding CXX object CMakeFiles/custom_interfaces__rosidl_typesupport_c.dir/rosidl_typesupport_c/custom_interfaces/msg/motor_command__type_support.cpp.o[0m
[1.744s] [ 45%] [32mBuilding CXX object CMakeFiles/custom_interfaces__rosidl_typesupport_c.dir/rosidl_typesupport_c/custom_interfaces/msg/data_filter_setting__type_support.cpp.o[0m
[1.745s] [ 45%] [32mBuilding CXX object CMakeFiles/custom_interfaces__rosidl_typesupport_c.dir/rosidl_typesupport_c/custom_interfaces/msg/motor_command_csv__type_support.cpp.o[0m
[1.745s] [ 45%] [32mBuilding CXX object CMakeFiles/custom_interfaces__rosidl_typesupport_c.dir/rosidl_typesupport_c/custom_interfaces/msg/motor_state__type_support.cpp.o[0m
[1.746s] [ 46%] [32mBuilding CXX object CMakeFiles/custom_interfaces__rosidl_typesupport_fastrtps_cpp.dir/rosidl_typesupport_fastrtps_cpp/custom_interfaces/msg/detail/dds_fastrtps/motor_state__type_support.cpp.o[0m
[1.756s] [ 48%] [32mBuilding CXX object CMakeFiles/custom_interfaces__rosidl_typesupport_c.dir/rosidl_typesupport_c/custom_interfaces/srv/move_tool_angle__type_support.cpp.o[0m
[1.771s] [ 54%] [32mBuilding CXX object CMakeFiles/custom_interfaces__rosidl_typesupport_fastrtps_cpp.dir/rosidl_typesupport_fastrtps_cpp/custom_interfaces/msg/detail/dds_fastrtps/loadcell_state__type_support.cpp.o[0m
[1.771s] [ 54%] [32mBuilding CXX object CMakeFiles/custom_interfaces__rosidl_typesupport_fastrtps_cpp.dir/rosidl_typesupport_fastrtps_cpp/custom_interfaces/srv/detail/dds_fastrtps/move_motor_direct__type_support.cpp.o[0m
[1.771s] [ 54%] [32mBuilding CXX object CMakeFiles/custom_interfaces__rosidl_typesupport_fastrtps_cpp.dir/rosidl_typesupport_fastrtps_cpp/custom_interfaces/msg/detail/dds_fastrtps/data_filter_setting__type_support.cpp.o[0m
[1.771s] [ 55%] [32mBuilding CXX object CMakeFiles/custom_interfaces__rosidl_typesupport_fastrtps_cpp.dir/rosidl_typesupport_fastrtps_cpp/custom_interfaces/msg/detail/dds_fastrtps/motor_command_csv__type_support.cpp.o[0m
[1.771s] [ 55%] [32mBuilding CXX object CMakeFiles/custom_interfaces__rosidl_typesupport_fastrtps_cpp.dir/rosidl_typesupport_fastrtps_cpp/custom_interfaces/srv/detail/dds_fastrtps/move_tool_angle__type_support.cpp.o[0m
[1.771s] [ 55%] [32mBuilding CXX object CMakeFiles/custom_interfaces__rosidl_typesupport_fastrtps_cpp.dir/rosidl_typesupport_fastrtps_cpp/custom_interfaces/msg/detail/dds_fastrtps/motor_command__type_support.cpp.o[0m
[1.814s] [ 56%] [32m[1mLinking CXX shared library libcustom_interfaces__rosidl_typesupport_c.so[0m
[1.863s] [ 56%] Built target custom_interfaces__rosidl_typesupport_c
[1.893s] [ 60%] [32mBuilding CXX object CMakeFiles/custom_interfaces__rosidl_typesupport_fastrtps_c.dir/rosidl_typesupport_fastrtps_c/custom_interfaces/msg/detail/motor_command__type_support_c.cpp.o[0m
[1.893s] [ 60%] [32mBuilding CXX object CMakeFiles/custom_interfaces__rosidl_typesupport_fastrtps_c.dir/rosidl_typesupport_fastrtps_c/custom_interfaces/msg/detail/motor_command_csv__type_support_c.cpp.o[0m
[1.893s] [ 60%] [32mBuilding CXX object CMakeFiles/custom_interfaces__rosidl_typesupport_fastrtps_c.dir/rosidl_typesupport_fastrtps_c/custom_interfaces/msg/detail/motor_state__type_support_c.cpp.o[0m
[1.900s] [ 62%] [32mBuilding CXX object CMakeFiles/custom_interfaces__rosidl_typesupport_fastrtps_c.dir/rosidl_typesupport_fastrtps_c/custom_interfaces/msg/detail/loadcell_state__type_support_c.cpp.o[0m
[1.901s] [ 63%] [32mBuilding CXX object CMakeFiles/custom_interfaces__rosidl_typesupport_fastrtps_c.dir/rosidl_typesupport_fastrtps_c/custom_interfaces/msg/detail/data_filter_setting__type_support_c.cpp.o[0m
[1.914s] [ 64%] [32mBuilding C object CMakeFiles/custom_interfaces__rosidl_typesupport_introspection_c.dir/rosidl_typesupport_introspection_c/custom_interfaces/msg/detail/motor_state__type_support.c.o[0m
[1.916s] [ 65%] [32mBuilding CXX object CMakeFiles/custom_interfaces__rosidl_typesupport_fastrtps_c.dir/rosidl_typesupport_fastrtps_c/custom_interfaces/srv/detail/move_motor_direct__type_support_c.cpp.o[0m
[1.918s] [ 67%] [32mBuilding CXX object CMakeFiles/custom_interfaces__rosidl_typesupport_fastrtps_c.dir/rosidl_typesupport_fastrtps_c/custom_interfaces/srv/detail/move_tool_angle__type_support_c.cpp.o[0m
[1.924s] [ 68%] [32mBuilding C object CMakeFiles/custom_interfaces__rosidl_typesupport_introspection_c.dir/rosidl_typesupport_introspection_c/custom_interfaces/msg/detail/motor_command__type_support.c.o[0m
[1.926s] [ 69%] [32m[1mLinking CXX shared library libcustom_interfaces__rosidl_typesupport_cpp.so[0m
[1.952s] [ 70%] [32mBuilding C object CMakeFiles/custom_interfaces__rosidl_typesupport_introspection_c.dir/rosidl_typesupport_introspection_c/custom_interfaces/msg/detail/motor_command_csv__type_support.c.o[0m
[1.958s] [ 72%] [32mBuilding C object CMakeFiles/custom_interfaces__rosidl_typesupport_introspection_c.dir/rosidl_typesupport_introspection_c/custom_interfaces/msg/detail/loadcell_state__type_support.c.o[0m
[1.959s] [ 73%] [32mBuilding C object CMakeFiles/custom_interfaces__rosidl_typesupport_introspection_c.dir/rosidl_typesupport_introspection_c/custom_interfaces/msg/detail/data_filter_setting__type_support.c.o[0m
[1.986s] [ 74%] [32mBuilding C object CMakeFiles/custom_interfaces__rosidl_typesupport_introspection_c.dir/rosidl_typesupport_introspection_c/custom_interfaces/srv/detail/move_motor_direct__type_support.c.o[0m
[1.988s] [ 75%] [32mBuilding C object CMakeFiles/custom_interfaces__rosidl_typesupport_introspection_c.dir/rosidl_typesupport_introspection_c/custom_interfaces/srv/detail/move_tool_angle__type_support.c.o[0m
[2.007s] [ 75%] Built target custom_interfaces__rosidl_typesupport_cpp
[2.018s] [ 77%] [32m[1mLinking C shared library libcustom_interfaces__rosidl_typesupport_introspection_c.so[0m
[2.049s] [ 77%] Built target custom_interfaces__rosidl_typesupport_introspection_c
[2.087s] [ 78%] [32m[1mLinking CXX shared library libcustom_interfaces__rosidl_typesupport_introspection_cpp.so[0m
[2.133s] [ 79%] [32m[1mLinking CXX shared library libcustom_interfaces__rosidl_typesupport_fastrtps_cpp.so[0m
[2.133s] [ 79%] Built target custom_interfaces__rosidl_typesupport_introspection_cpp
[2.170s] [ 81%] [32m[1mLinking CXX shared library libcustom_interfaces__rosidl_typesupport_fastrtps_c.so[0m
[2.175s] [ 81%] Built target custom_interfaces__rosidl_typesupport_fastrtps_cpp
[2.209s] [ 81%] Built target custom_interfaces__rosidl_typesupport_fastrtps_c
[2.220s] [ 81%] Built target custom_interfaces
[2.230s] [ 82%] [34m[1mGenerating Python code for ROS interfaces[0m
[2.767s] [ 82%] Built target custom_interfaces__py
[2.777s] [ 84%] [32mBuilding C object CMakeFiles/custom_interfaces__rosidl_generator_py.dir/rosidl_generator_py/custom_interfaces/msg/_motor_command_s.c.o[0m
[2.777s] [ 84%] [32mBuilding C object CMakeFiles/custom_interfaces__rosidl_generator_py.dir/rosidl_generator_py/custom_interfaces/msg/_motor_state_s.c.o[0m
[2.777s] [ 86%] [32mBuilding C object CMakeFiles/custom_interfaces__rosidl_generator_py.dir/rosidl_generator_py/custom_interfaces/msg/_motor_command_csv_s.c.o[0m
[2.777s] [ 87%] [32mBuilding C object CMakeFiles/custom_interfaces__rosidl_generator_py.dir/rosidl_generator_py/custom_interfaces/msg/_loadcell_state_s.c.o[0m
[2.777s] [ 88%] [32mBuilding C object CMakeFiles/custom_interfaces__rosidl_generator_py.dir/rosidl_generator_py/custom_interfaces/msg/_data_filter_setting_s.c.o[0m
[2.777s] [ 89%] [32mBuilding C object CMakeFiles/custom_interfaces__rosidl_generator_py.dir/rosidl_generator_py/custom_interfaces/srv/_move_motor_direct_s.c.o[0m
[2.777s] [ 91%] [32mBuilding C object CMakeFiles/custom_interfaces__rosidl_generator_py.dir/rosidl_generator_py/custom_interfaces/srv/_move_tool_angle_s.c.o[0m
[2.851s] [ 92%] [32m[1mLinking C shared library rosidl_generator_py/custom_interfaces/libcustom_interfaces__rosidl_generator_py.so[0m
[2.874s] [ 92%] Built target custom_interfaces__rosidl_generator_py
[2.884s] [ 93%] [32mBuilding C object CMakeFiles/custom_interfaces__rosidl_typesupport_fastrtps_c__pyext.dir/rosidl_generator_py/custom_interfaces/_custom_interfaces_s.ep.rosidl_typesupport_fastrtps_c.c.o[0m
[2.885s] [ 94%] [32mBuilding C object CMakeFiles/custom_interfaces__rosidl_typesupport_introspection_c__pyext.dir/rosidl_generator_py/custom_interfaces/_custom_interfaces_s.ep.rosidl_typesupport_introspection_c.c.o[0m
[2.885s] [ 96%] [32mBuilding C object CMakeFiles/custom_interfaces__rosidl_typesupport_c__pyext.dir/rosidl_generator_py/custom_interfaces/_custom_interfaces_s.ep.rosidl_typesupport_c.c.o[0m
[2.944s] [100%] [32m[1mLinking C shared library rosidl_generator_py/custom_interfaces/custom_interfaces_s__rosidl_typesupport_introspection_c.cpython-310-x86_64-linux-gnu.so[0m
[2.944s] [100%] [32m[1mLinking C shared library rosidl_generator_py/custom_interfaces/custom_interfaces_s__rosidl_typesupport_fastrtps_c.cpython-310-x86_64-linux-gnu.so[0m
[2.944s] [100%] [32m[1mLinking C shared library rosidl_generator_py/custom_interfaces/custom_interfaces_s__rosidl_typesupport_c.cpython-310-x86_64-linux-gnu.so[0m
[2.965s] [100%] Built target custom_interfaces__rosidl_typesupport_c__pyext
[2.965s] [100%] Built target custom_interfaces__rosidl_typesupport_introspection_c__pyext
[2.965s] [100%] Built target custom_interfaces__rosidl_typesupport_fastrtps_c__pyext
[2.972s] Invoked command in '/home/daeyun/LSTM-force-estimation/build/custom_interfaces' returned '0': CMAKE_PREFIX_PATH=/opt/ros/humble PS1=(LSTM-FORCE-ESTIMATION-VENV) \[\e]0;\u@\h: \w\a\]${debian_chroot:+($debian_chroot)}\[\033[01;32m\]\u@\h\[\033[00m\]:\[\033[01;34m\]\w\[\033[00m\]\$ VIRTUAL_ENV_PROMPT=(LSTM-FORCE-ESTIMATION-VENV) /usr/bin/cmake --build /home/daeyun/LSTM-force-estimation/build/custom_interfaces -- -j24 -l24
[3.053s] Invoking command in '/home/daeyun/LSTM-force-estimation/build/custom_interfaces': CMAKE_PREFIX_PATH=/opt/ros/humble PS1=(LSTM-FORCE-ESTIMATION-VENV) \[\e]0;\u@\h: \w\a\]${debian_chroot:+($debian_chroot)}\[\033[01;32m\]\u@\h\[\033[00m\]:\[\033[01;34m\]\w\[\033[00m\]\$ VIRTUAL_ENV_PROMPT=(LSTM-FORCE-ESTIMATION-VENV) /usr/bin/cmake --install /home/daeyun/LSTM-force-estimation/build/custom_interfaces
[3.056s] -- Install configuration: ""
[3.056s] -- Execute custom install script
[3.057s] -- Symlinking: /home/daeyun/LSTM-force-estimation/install/custom_interfaces/share/ament_index/resource_index/rosidl_interfaces/custom_interfaces
[3.061s] -- Symlinking: /home/daeyun/LSTM-force-estimation/install/custom_interfaces/include/custom_interfaces/custom_interfaces/msg/data_filter_setting.h
[3.065s] -- Symlinking: /home/daeyun/LSTM-force-estimation/install/custom_interfaces/include/custom_interfaces/custom_interfaces/msg/detail/data_filter_setting__functions.h
[3.069s] -- Symlinking: /home/daeyun/LSTM-force-estimation/install/custom_interfaces/include/custom_interfaces/custom_interfaces/msg/detail/data_filter_setting__struct.h
[3.073s] -- Symlinking: /home/daeyun/LSTM-force-estimation/install/custom_interfaces/include/custom_interfaces/custom_interfaces/msg/detail/data_filter_setting__type_support.h
[3.076s] -- Symlinking: /home/daeyun/LSTM-force-estimation/install/custom_interfaces/include/custom_interfaces/custom_interfaces/msg/detail/loadcell_state__functions.h
[3.080s] -- Symlinking: /home/daeyun/LSTM-force-estimation/install/custom_interfaces/include/custom_interfaces/custom_interfaces/msg/detail/loadcell_state__struct.h
[3.084s] -- Symlinking: /home/daeyun/LSTM-force-estimation/install/custom_interfaces/include/custom_interfaces/custom_interfaces/msg/detail/loadcell_state__type_support.h
[3.088s] -- Symlinking: /home/daeyun/LSTM-force-estimation/install/custom_interfaces/include/custom_interfaces/custom_interfaces/msg/detail/motor_command__functions.h
[3.092s] -- Symlinking: /home/daeyun/LSTM-force-estimation/install/custom_interfaces/include/custom_interfaces/custom_interfaces/msg/detail/motor_command__struct.h
[3.096s] -- Symlinking: /home/daeyun/LSTM-force-estimation/install/custom_interfaces/include/custom_interfaces/custom_interfaces/msg/detail/motor_command__type_support.h
[3.100s] -- Symlinking: /home/daeyun/LSTM-force-estimation/install/custom_interfaces/include/custom_interfaces/custom_interfaces/msg/detail/motor_command_csv__functions.h
[3.104s] -- Symlinking: /home/daeyun/LSTM-force-estimation/install/custom_interfaces/include/custom_interfaces/custom_interfaces/msg/detail/motor_command_csv__struct.h
[3.108s] -- Symlinking: /home/daeyun/LSTM-force-estimation/install/custom_interfaces/include/custom_interfaces/custom_interfaces/msg/detail/motor_command_csv__type_support.h
[3.112s] -- Symlinking: /home/daeyun/LSTM-force-estimation/install/custom_interfaces/include/custom_interfaces/custom_interfaces/msg/detail/motor_state__functions.h
[3.116s] -- Symlinking: /home/daeyun/LSTM-force-estimation/install/custom_interfaces/include/custom_interfaces/custom_interfaces/msg/detail/motor_state__struct.h
[3.120s] -- Symlinking: /home/daeyun/LSTM-force-estimation/install/custom_interfaces/include/custom_interfaces/custom_interfaces/msg/detail/motor_state__type_support.h
[3.124s] -- Symlinking: /home/daeyun/LSTM-force-estimation/install/custom_interfaces/include/custom_interfaces/custom_interfaces/msg/loadcell_state.h
[3.128s] -- Symlinking: /home/daeyun/LSTM-force-estimation/install/custom_interfaces/include/custom_interfaces/custom_interfaces/msg/motor_command.h
[3.132s] -- Symlinking: /home/daeyun/LSTM-force-estimation/install/custom_interfaces/include/custom_interfaces/custom_interfaces/msg/motor_command_csv.h
[3.135s] -- Symlinking: /home/daeyun/LSTM-force-estimation/install/custom_interfaces/include/custom_interfaces/custom_interfaces/msg/motor_state.h
[3.139s] -- Symlinking: /home/daeyun/LSTM-force-estimation/install/custom_interfaces/include/custom_interfaces/custom_interfaces/msg/rosidl_generator_c__visibility_control.h
[3.143s] -- Symlinking: /home/daeyun/LSTM-force-estimation/install/custom_interfaces/include/custom_interfaces/custom_interfaces/srv/detail/move_motor_direct__functions.h
[3.147s] -- Symlinking: /home/daeyun/LSTM-force-estimation/install/custom_interfaces/include/custom_interfaces/custom_interfaces/srv/detail/move_motor_direct__struct.h
[3.151s] -- Symlinking: /home/daeyun/LSTM-force-estimation/install/custom_interfaces/include/custom_interfaces/custom_interfaces/srv/detail/move_motor_direct__type_support.h
[3.155s] -- Symlinking: /home/daeyun/LSTM-force-estimation/install/custom_interfaces/include/custom_interfaces/custom_interfaces/srv/detail/move_tool_angle__functions.h
[3.159s] -- Symlinking: /home/daeyun/LSTM-force-estimation/install/custom_interfaces/include/custom_interfaces/custom_interfaces/srv/detail/move_tool_angle__struct.h
[3.163s] -- Symlinking: /home/daeyun/LSTM-force-estimation/install/custom_interfaces/include/custom_interfaces/custom_interfaces/srv/detail/move_tool_angle__type_support.h
[3.167s] -- Symlinking: /home/daeyun/LSTM-force-estimation/install/custom_interfaces/include/custom_interfaces/custom_interfaces/srv/move_motor_direct.h
[3.170s] -- Symlinking: /home/daeyun/LSTM-force-estimation/install/custom_interfaces/include/custom_interfaces/custom_interfaces/srv/move_tool_angle.h
[3.174s] -- Symlinking: /home/daeyun/LSTM-force-estimation/install/custom_interfaces/share/custom_interfaces/environment/library_path.sh
[3.178s] -- Symlinking: /home/daeyun/LSTM-force-estimation/install/custom_interfaces/share/custom_interfaces/environment/library_path.dsv
[3.183s] -- Symlinking: /home/daeyun/LSTM-force-estimation/install/custom_interfaces/include/custom_interfaces/custom_interfaces/msg/detail/data_filter_setting__rosidl_typesupport_fastrtps_c.h
[3.186s] -- Symlinking: /home/daeyun/LSTM-force-estimation/install/custom_interfaces/include/custom_interfaces/custom_interfaces/msg/detail/loadcell_state__rosidl_typesupport_fastrtps_c.h
[3.191s] -- Symlinking: /home/daeyun/LSTM-force-estimation/install/custom_interfaces/include/custom_interfaces/custom_interfaces/msg/detail/motor_command__rosidl_typesupport_fastrtps_c.h
[3.195s] -- Symlinking: /home/daeyun/LSTM-force-estimation/install/custom_interfaces/include/custom_interfaces/custom_interfaces/msg/detail/motor_command_csv__rosidl_typesupport_fastrtps_c.h
[3.199s] -- Symlinking: /home/daeyun/LSTM-force-estimation/install/custom_interfaces/include/custom_interfaces/custom_interfaces/msg/detail/motor_state__rosidl_typesupport_fastrtps_c.h
[3.202s] -- Symlinking: /home/daeyun/LSTM-force-estimation/install/custom_interfaces/include/custom_interfaces/custom_interfaces/msg/rosidl_typesupport_fastrtps_c__visibility_control.h
[3.206s] -- Symlinking: /home/daeyun/LSTM-force-estimation/install/custom_interfaces/include/custom_interfaces/custom_interfaces/srv/detail/move_motor_direct__rosidl_typesupport_fastrtps_c.h
[3.210s] -- Symlinking: /home/daeyun/LSTM-force-estimation/install/custom_interfaces/include/custom_interfaces/custom_interfaces/srv/detail/move_tool_angle__rosidl_typesupport_fastrtps_c.h
[3.214s] -- Symlinking: /home/daeyun/LSTM-force-estimation/install/custom_interfaces/include/custom_interfaces/custom_interfaces/msg/data_filter_setting.hpp
[3.218s] -- Symlinking: /home/daeyun/LSTM-force-estimation/install/custom_interfaces/include/custom_interfaces/custom_interfaces/msg/detail/data_filter_setting__builder.hpp
[3.222s] -- Symlinking: /home/daeyun/LSTM-force-estimation/install/custom_interfaces/include/custom_interfaces/custom_interfaces/msg/detail/data_filter_setting__struct.hpp
[3.226s] -- Symlinking: /home/daeyun/LSTM-force-estimation/install/custom_interfaces/include/custom_interfaces/custom_interfaces/msg/detail/data_filter_setting__traits.hpp
[3.230s] -- Symlinking: /home/daeyun/LSTM-force-estimation/install/custom_interfaces/include/custom_interfaces/custom_interfaces/msg/detail/loadcell_state__builder.hpp
[3.233s] -- Symlinking: /home/daeyun/LSTM-force-estimation/install/custom_interfaces/include/custom_interfaces/custom_interfaces/msg/detail/loadcell_state__struct.hpp
[3.237s] -- Symlinking: /home/daeyun/LSTM-force-estimation/install/custom_interfaces/include/custom_interfaces/custom_interfaces/msg/detail/loadcell_state__traits.hpp
[3.241s] -- Symlinking: /home/daeyun/LSTM-force-estimation/install/custom_interfaces/include/custom_interfaces/custom_interfaces/msg/detail/motor_command__builder.hpp
[3.245s] -- Symlinking: /home/daeyun/LSTM-force-estimation/install/custom_interfaces/include/custom_interfaces/custom_interfaces/msg/detail/motor_command__struct.hpp
[3.249s] -- Symlinking: /home/daeyun/LSTM-force-estimation/install/custom_interfaces/include/custom_interfaces/custom_interfaces/msg/detail/motor_command__traits.hpp
[3.253s] -- Symlinking: /home/daeyun/LSTM-force-estimation/install/custom_interfaces/include/custom_interfaces/custom_interfaces/msg/detail/motor_command_csv__builder.hpp
[3.257s] -- Symlinking: /home/daeyun/LSTM-force-estimation/install/custom_interfaces/include/custom_interfaces/custom_interfaces/msg/detail/motor_command_csv__struct.hpp
[3.261s] -- Symlinking: /home/daeyun/LSTM-force-estimation/install/custom_interfaces/include/custom_interfaces/custom_interfaces/msg/detail/motor_command_csv__traits.hpp
[3.265s] -- Symlinking: /home/daeyun/LSTM-force-estimation/install/custom_interfaces/include/custom_interfaces/custom_interfaces/msg/detail/motor_state__builder.hpp
[3.269s] -- Symlinking: /home/daeyun/LSTM-force-estimation/install/custom_interfaces/include/custom_interfaces/custom_interfaces/msg/detail/motor_state__struct.hpp
[3.273s] -- Symlinking: /home/daeyun/LSTM-force-estimation/install/custom_interfaces/include/custom_interfaces/custom_interfaces/msg/detail/motor_state__traits.hpp
[3.277s] -- Symlinking: /home/daeyun/LSTM-force-estimation/install/custom_interfaces/include/custom_interfaces/custom_interfaces/msg/loadcell_state.hpp
[3.281s] -- Symlinking: /home/daeyun/LSTM-force-estimation/install/custom_interfaces/include/custom_interfaces/custom_interfaces/msg/motor_command.hpp
[3.285s] -- Symlinking: /home/daeyun/LSTM-force-estimation/install/custom_interfaces/include/custom_interfaces/custom_interfaces/msg/motor_command_csv.hpp
[3.289s] -- Symlinking: /home/daeyun/LSTM-force-estimation/install/custom_interfaces/include/custom_interfaces/custom_interfaces/msg/motor_state.hpp
[3.293s] -- Symlinking: /home/daeyun/LSTM-force-estimation/install/custom_interfaces/include/custom_interfaces/custom_interfaces/srv/detail/move_motor_direct__builder.hpp
[3.297s] -- Symlinking: /home/daeyun/LSTM-force-estimation/install/custom_interfaces/include/custom_interfaces/custom_interfaces/srv/detail/move_motor_direct__struct.hpp
[3.301s] -- Symlinking: /home/daeyun/LSTM-force-estimation/install/custom_interfaces/include/custom_interfaces/custom_interfaces/srv/detail/move_motor_direct__traits.hpp
[3.305s] -- Symlinking: /home/daeyun/LSTM-force-estimation/install/custom_interfaces/include/custom_interfaces/custom_interfaces/srv/detail/move_tool_angle__builder.hpp
[3.309s] -- Symlinking: /home/daeyun/LSTM-force-estimation/install/custom_interfaces/include/custom_interfaces/custom_interfaces/srv/detail/move_tool_angle__struct.hpp
[3.313s] -- Symlinking: /home/daeyun/LSTM-force-estimation/install/custom_interfaces/include/custom_interfaces/custom_interfaces/srv/detail/move_tool_angle__traits.hpp
[3.317s] -- Symlinking: /home/daeyun/LSTM-force-estimation/install/custom_interfaces/include/custom_interfaces/custom_interfaces/srv/move_motor_direct.hpp
[3.321s] -- Symlinking: /home/daeyun/LSTM-force-estimation/install/custom_interfaces/include/custom_interfaces/custom_interfaces/srv/move_tool_angle.hpp
[3.325s] -- Symlinking: /home/daeyun/LSTM-force-estimation/install/custom_interfaces/include/custom_interfaces/custom_interfaces/msg/detail/data_filter_setting__rosidl_typesupport_fastrtps_cpp.hpp
[3.329s] -- Symlinking: /home/daeyun/LSTM-force-estimation/install/custom_interfaces/include/custom_interfaces/custom_interfaces/msg/detail/loadcell_state__rosidl_typesupport_fastrtps_cpp.hpp
[3.333s] -- Symlinking: /home/daeyun/LSTM-force-estimation/install/custom_interfaces/include/custom_interfaces/custom_interfaces/msg/detail/motor_command__rosidl_typesupport_fastrtps_cpp.hpp
[3.337s] -- Symlinking: /home/daeyun/LSTM-force-estimation/install/custom_interfaces/include/custom_interfaces/custom_interfaces/msg/detail/motor_command_csv__rosidl_typesupport_fastrtps_cpp.hpp
[3.341s] -- Symlinking: /home/daeyun/LSTM-force-estimation/install/custom_interfaces/include/custom_interfaces/custom_interfaces/msg/detail/motor_state__rosidl_typesupport_fastrtps_cpp.hpp
[3.345s] -- Symlinking: /home/daeyun/LSTM-force-estimation/install/custom_interfaces/include/custom_interfaces/custom_interfaces/msg/rosidl_typesupport_fastrtps_cpp__visibility_control.h
[3.348s] -- Symlinking: /home/daeyun/LSTM-force-estimation/install/custom_interfaces/include/custom_interfaces/custom_interfaces/srv/detail/move_motor_direct__rosidl_typesupport_fastrtps_cpp.hpp
[3.352s] -- Symlinking: /home/daeyun/LSTM-force-estimation/install/custom_interfaces/include/custom_interfaces/custom_interfaces/srv/detail/move_tool_angle__rosidl_typesupport_fastrtps_cpp.hpp
[3.356s] -- Symlinking: /home/daeyun/LSTM-force-estimation/install/custom_interfaces/include/custom_interfaces/custom_interfaces/msg/detail/data_filter_setting__rosidl_typesupport_introspection_c.h
[3.360s] -- Symlinking: /home/daeyun/LSTM-force-estimation/install/custom_interfaces/include/custom_interfaces/custom_interfaces/msg/detail/loadcell_state__rosidl_typesupport_introspection_c.h
[3.364s] -- Symlinking: /home/daeyun/LSTM-force-estimation/install/custom_interfaces/include/custom_interfaces/custom_interfaces/msg/detail/motor_command__rosidl_typesupport_introspection_c.h
[3.368s] -- Symlinking: /home/daeyun/LSTM-force-estimation/install/custom_interfaces/include/custom_interfaces/custom_interfaces/msg/detail/motor_command_csv__rosidl_typesupport_introspection_c.h
[3.372s] -- Symlinking: /home/daeyun/LSTM-force-estimation/install/custom_interfaces/include/custom_interfaces/custom_interfaces/msg/detail/motor_state__rosidl_typesupport_introspection_c.h
[3.376s] -- Symlinking: /home/daeyun/LSTM-force-estimation/install/custom_interfaces/include/custom_interfaces/custom_interfaces/msg/rosidl_typesupport_introspection_c__visibility_control.h
[3.379s] -- Symlinking: /home/daeyun/LSTM-force-estimation/install/custom_interfaces/include/custom_interfaces/custom_interfaces/srv/detail/move_motor_direct__rosidl_typesupport_introspection_c.h
[3.383s] -- Symlinking: /home/daeyun/LSTM-force-estimation/install/custom_interfaces/include/custom_interfaces/custom_interfaces/srv/detail/move_tool_angle__rosidl_typesupport_introspection_c.h
[3.387s] -- Symlinking: /home/daeyun/LSTM-force-estimation/install/custom_interfaces/include/custom_interfaces/custom_interfaces/msg/detail/data_filter_setting__rosidl_typesupport_introspection_cpp.hpp
[3.391s] -- Symlinking: /home/daeyun/LSTM-force-estimation/install/custom_interfaces/include/custom_interfaces/custom_interfaces/msg/detail/loadcell_state__rosidl_typesupport_introspection_cpp.hpp
[3.395s] -- Symlinking: /home/daeyun/LSTM-force-estimation/install/custom_interfaces/include/custom_interfaces/custom_interfaces/msg/detail/motor_command__rosidl_typesupport_introspection_cpp.hpp
[3.399s] -- Symlinking: /home/daeyun/LSTM-force-estimation/install/custom_interfaces/include/custom_interfaces/custom_interfaces/msg/detail/motor_command_csv__rosidl_typesupport_introspection_cpp.hpp
[3.403s] -- Symlinking: /home/daeyun/LSTM-force-estimation/install/custom_interfaces/include/custom_interfaces/custom_interfaces/msg/detail/motor_state__rosidl_typesupport_introspection_cpp.hpp
[3.407s] -- Symlinking: /home/daeyun/LSTM-force-estimation/install/custom_interfaces/include/custom_interfaces/custom_interfaces/srv/detail/move_motor_direct__rosidl_typesupport_introspection_cpp.hpp
[3.411s] -- Symlinking: /home/daeyun/LSTM-force-estimation/install/custom_interfaces/include/custom_interfaces/custom_interfaces/srv/detail/move_tool_angle__rosidl_typesupport_introspection_cpp.hpp
[3.414s] -- Symlinking: /home/daeyun/LSTM-force-estimation/install/custom_interfaces/share/custom_interfaces/environment/pythonpath.sh
[3.418s] -- Symlinking: /home/daeyun/LSTM-force-estimation/install/custom_interfaces/share/custom_interfaces/environment/pythonpath.dsv
[3.422s] -- Symlinking: /home/daeyun/LSTM-force-estimation/install/custom_interfaces/lib/python3.10/site-packages/custom_interfaces-0.0.0-py3.10.egg-info/PKG-INFO
[3.426s] -- Symlinking: /home/daeyun/LSTM-force-estimation/install/custom_interfaces/lib/python3.10/site-packages/custom_interfaces-0.0.0-py3.10.egg-info/SOURCES.txt
[3.430s] -- Symlinking: /home/daeyun/LSTM-force-estimation/install/custom_interfaces/lib/python3.10/site-packages/custom_interfaces-0.0.0-py3.10.egg-info/dependency_links.txt
[3.434s] -- Symlinking: /home/daeyun/LSTM-force-estimation/install/custom_interfaces/lib/python3.10/site-packages/custom_interfaces-0.0.0-py3.10.egg-info/top_level.txt
[3.438s] -- Symlinking: /home/daeyun/LSTM-force-estimation/install/custom_interfaces/lib/python3.10/site-packages/custom_interfaces/__init__.py
[3.443s] -- Symlinking: /home/daeyun/LSTM-force-estimation/install/custom_interfaces/lib/python3.10/site-packages/custom_interfaces/_custom_interfaces_s.ep.rosidl_typesupport_c.c
[3.447s] -- Symlinking: /home/daeyun/LSTM-force-estimation/install/custom_interfaces/lib/python3.10/site-packages/custom_interfaces/_custom_interfaces_s.ep.rosidl_typesupport_fastrtps_c.c
[3.451s] -- Symlinking: /home/daeyun/LSTM-force-estimation/install/custom_interfaces/lib/python3.10/site-packages/custom_interfaces/_custom_interfaces_s.ep.rosidl_typesupport_introspection_c.c
[3.455s] -- Symlinking: /home/daeyun/LSTM-force-estimation/install/custom_interfaces/lib/python3.10/site-packages/custom_interfaces/custom_interfaces_s__rosidl_typesupport_c.cpython-310-x86_64-linux-gnu.so
[3.459s] -- Symlinking: /home/daeyun/LSTM-force-estimation/install/custom_interfaces/lib/python3.10/site-packages/custom_interfaces/custom_interfaces_s__rosidl_typesupport_fastrtps_c.cpython-310-x86_64-linux-gnu.so
[3.463s] -- Symlinking: /home/daeyun/LSTM-force-estimation/install/custom_interfaces/lib/python3.10/site-packages/custom_interfaces/custom_interfaces_s__rosidl_typesupport_introspection_c.cpython-310-x86_64-linux-gnu.so
[3.467s] -- Symlinking: /home/daeyun/LSTM-force-estimation/install/custom_interfaces/lib/python3.10/site-packages/custom_interfaces/libcustom_interfaces__rosidl_generator_py.so
[3.471s] -- Symlinking: /home/daeyun/LSTM-force-estimation/install/custom_interfaces/lib/python3.10/site-packages/custom_interfaces/msg/__init__.py
[3.475s] -- Symlinking: /home/daeyun/LSTM-force-estimation/install/custom_interfaces/lib/python3.10/site-packages/custom_interfaces/msg/_data_filter_setting.py
[3.479s] -- Symlinking: /home/daeyun/LSTM-force-estimation/install/custom_interfaces/lib/python3.10/site-packages/custom_interfaces/msg/_data_filter_setting_s.c
[3.483s] -- Symlinking: /home/daeyun/LSTM-force-estimation/install/custom_interfaces/lib/python3.10/site-packages/custom_interfaces/msg/_loadcell_state.py
[3.487s] -- Symlinking: /home/daeyun/LSTM-force-estimation/install/custom_interfaces/lib/python3.10/site-packages/custom_interfaces/msg/_loadcell_state_s.c
[3.490s] -- Symlinking: /home/daeyun/LSTM-force-estimation/install/custom_interfaces/lib/python3.10/site-packages/custom_interfaces/msg/_motor_command.py
[3.494s] -- Symlinking: /home/daeyun/LSTM-force-estimation/install/custom_interfaces/lib/python3.10/site-packages/custom_interfaces/msg/_motor_command_csv.py
[3.498s] -- Symlinking: /home/daeyun/LSTM-force-estimation/install/custom_interfaces/lib/python3.10/site-packages/custom_interfaces/msg/_motor_command_csv_s.c
[3.502s] -- Symlinking: /home/daeyun/LSTM-force-estimation/install/custom_interfaces/lib/python3.10/site-packages/custom_interfaces/msg/_motor_command_s.c
[3.506s] -- Symlinking: /home/daeyun/LSTM-force-estimation/install/custom_interfaces/lib/python3.10/site-packages/custom_interfaces/msg/_motor_state.py
[3.510s] -- Symlinking: /home/daeyun/LSTM-force-estimation/install/custom_interfaces/lib/python3.10/site-packages/custom_interfaces/msg/_motor_state_s.c
[3.514s] -- Symlinking: /home/daeyun/LSTM-force-estimation/install/custom_interfaces/lib/python3.10/site-packages/custom_interfaces/srv/__init__.py
[3.518s] -- Symlinking: /home/daeyun/LSTM-force-estimation/install/custom_interfaces/lib/python3.10/site-packages/custom_interfaces/srv/_move_motor_direct.py
[3.522s] -- Symlinking: /home/daeyun/LSTM-force-estimation/install/custom_interfaces/lib/python3.10/site-packages/custom_interfaces/srv/_move_motor_direct_s.c
[3.526s] -- Symlinking: /home/daeyun/LSTM-force-estimation/install/custom_interfaces/lib/python3.10/site-packages/custom_interfaces/srv/_move_tool_angle.py
[3.530s] -- Symlinking: /home/daeyun/LSTM-force-estimation/install/custom_interfaces/lib/python3.10/site-packages/custom_interfaces/srv/_move_tool_angle_s.c
[3.534s] -- Up-to-date symlink: /home/daeyun/LSTM-force-estimation/install/custom_interfaces/lib/python3.10/site-packages/custom_interfaces/custom_interfaces_s__rosidl_typesupport_fastrtps_c.cpython-310-x86_64-linux-gnu.so
[3.534s] -- Up-to-date symlink: /home/daeyun/LSTM-force-estimation/install/custom_interfaces/lib/python3.10/site-packages/custom_interfaces/custom_interfaces_s__rosidl_typesupport_introspection_c.cpython-310-x86_64-linux-gnu.so
[3.534s] -- Up-to-date symlink: /home/daeyun/LSTM-force-estimation/install/custom_interfaces/lib/python3.10/site-packages/custom_interfaces/custom_interfaces_s__rosidl_typesupport_c.cpython-310-x86_64-linux-gnu.so
[3.534s] -- Symlinking: /home/daeyun/LSTM-force-estimation/install/custom_interfaces/share/custom_interfaces/msg/MotorState.idl
[3.538s] -- Symlinking: /home/daeyun/LSTM-force-estimation/install/custom_interfaces/share/custom_interfaces/msg/MotorCommand.idl
[3.542s] -- Symlinking: /home/daeyun/LSTM-force-estimation/install/custom_interfaces/share/custom_interfaces/msg/MotorCommandCSV.idl
[3.546s] -- Symlinking: /home/daeyun/LSTM-force-estimation/install/custom_interfaces/share/custom_interfaces/msg/LoadcellState.idl
[3.550s] -- Symlinking: /home/daeyun/LSTM-force-estimation/install/custom_interfaces/share/custom_interfaces/msg/DataFilterSetting.idl
[3.554s] -- Symlinking: /home/daeyun/LSTM-force-estimation/install/custom_interfaces/share/custom_interfaces/srv/MoveMotorDirect.idl
[3.557s] -- Symlinking: /home/daeyun/LSTM-force-estimation/install/custom_interfaces/share/custom_interfaces/srv/MoveToolAngle.idl
[3.561s] -- Symlinking: /home/daeyun/LSTM-force-estimation/install/custom_interfaces/share/custom_interfaces/msg/MotorState.msg
[3.565s] -- Symlinking: /home/daeyun/LSTM-force-estimation/install/custom_interfaces/share/custom_interfaces/msg/MotorCommand.msg
[3.569s] -- Symlinking: /home/daeyun/LSTM-force-estimation/install/custom_interfaces/share/custom_interfaces/msg/MotorCommandCSV.msg
[3.572s] -- Symlinking: /home/daeyun/LSTM-force-estimation/install/custom_interfaces/share/custom_interfaces/msg/LoadcellState.msg
[3.576s] -- Symlinking: /home/daeyun/LSTM-force-estimation/install/custom_interfaces/share/custom_interfaces/msg/DataFilterSetting.msg
[3.580s] -- Symlinking: /home/daeyun/LSTM-force-estimation/install/custom_interfaces/share/custom_interfaces/surgicaltool/MoveMotorDirect.srv
[3.584s] -- Symlinking: /home/daeyun/LSTM-force-estimation/install/custom_interfaces/share/custom_interfaces/surgicaltool/MoveMotorDirect_Request.msg
[3.588s] -- Symlinking: /home/daeyun/LSTM-force-estimation/install/custom_interfaces/share/custom_interfaces/surgicaltool/MoveMotorDirect_Response.msg
[3.592s] -- Symlinking: /home/daeyun/LSTM-force-estimation/install/custom_interfaces/share/custom_interfaces/surgicaltool/MoveToolAngle.srv
[3.596s] -- Symlinking: /home/daeyun/LSTM-force-estimation/install/custom_interfaces/share/custom_interfaces/surgicaltool/MoveToolAngle_Request.msg
[3.600s] -- Symlinking: /home/daeyun/LSTM-force-estimation/install/custom_interfaces/share/custom_interfaces/surgicaltool/MoveToolAngle_Response.msg
[3.604s] -- Symlinking: /home/daeyun/LSTM-force-estimation/install/custom_interfaces/share/ament_index/resource_index/package_run_dependencies/custom_interfaces
[3.608s] -- Symlinking: /home/daeyun/LSTM-force-estimation/install/custom_interfaces/share/ament_index/resource_index/parent_prefix_path/custom_interfaces
[3.612s] -- Symlinking: /home/daeyun/LSTM-force-estimation/install/custom_interfaces/share/custom_interfaces/environment/ament_prefix_path.sh
[3.616s] -- Symlinking: /home/daeyun/LSTM-force-estimation/install/custom_interfaces/share/custom_interfaces/environment/ament_prefix_path.dsv
[3.620s] -- Symlinking: /home/daeyun/LSTM-force-estimation/install/custom_interfaces/share/custom_interfaces/environment/path.sh
[3.624s] -- Symlinking: /home/daeyun/LSTM-force-estimation/install/custom_interfaces/share/custom_interfaces/environment/path.dsv
[3.628s] -- Symlinking: /home/daeyun/LSTM-force-estimation/install/custom_interfaces/share/custom_interfaces/local_setup.bash
[3.632s] -- Symlinking: /home/daeyun/LSTM-force-estimation/install/custom_interfaces/share/custom_interfaces/local_setup.sh
[3.636s] -- Symlinking: /home/daeyun/LSTM-force-estimation/install/custom_interfaces/share/custom_interfaces/local_setup.zsh
[3.640s] -- Symlinking: /home/daeyun/LSTM-force-estimation/install/custom_interfaces/share/custom_interfaces/local_setup.dsv
[3.643s] -- Symlinking: /home/daeyun/LSTM-force-estimation/install/custom_interfaces/share/custom_interfaces/package.dsv
[3.647s] -- Symlinking: /home/daeyun/LSTM-force-estimation/install/custom_interfaces/share/ament_index/resource_index/packages/custom_interfaces
[3.651s] -- Symlinking: /home/daeyun/LSTM-force-estimation/install/custom_interfaces/share/custom_interfaces/cmake/rosidl_cmake-extras.cmake
[3.655s] -- Symlinking: /home/daeyun/LSTM-force-estimation/install/custom_interfaces/share/custom_interfaces/cmake/ament_cmake_export_dependencies-extras.cmake
[3.659s] -- Symlinking: /home/daeyun/LSTM-force-estimation/install/custom_interfaces/share/custom_interfaces/cmake/ament_cmake_export_include_directories-extras.cmake
[3.663s] -- Symlinking: /home/daeyun/LSTM-force-estimation/install/custom_interfaces/share/custom_interfaces/cmake/ament_cmake_export_libraries-extras.cmake
[3.667s] -- Symlinking: /home/daeyun/LSTM-force-estimation/install/custom_interfaces/share/custom_interfaces/cmake/ament_cmake_export_targets-extras.cmake
[3.671s] -- Symlinking: /home/daeyun/LSTM-force-estimation/install/custom_interfaces/share/custom_interfaces/cmake/rosidl_cmake_export_typesupport_targets-extras.cmake
[3.675s] -- Symlinking: /home/daeyun/LSTM-force-estimation/install/custom_interfaces/share/custom_interfaces/cmake/rosidl_cmake_export_typesupport_libraries-extras.cmake
[3.679s] -- Symlinking: /home/daeyun/LSTM-force-estimation/install/custom_interfaces/share/custom_interfaces/cmake/custom_interfacesConfig.cmake
[3.682s] -- Symlinking: /home/daeyun/LSTM-force-estimation/install/custom_interfaces/share/custom_interfaces/cmake/custom_interfacesConfig-version.cmake
[3.686s] -- Symlinking: /home/daeyun/LSTM-force-estimation/install/custom_interfaces/share/custom_interfaces/package.xml
[3.690s] -- Installing: /home/daeyun/LSTM-force-estimation/install/custom_interfaces/lib/libcustom_interfaces__rosidl_generator_c.so
[3.690s] -- Set runtime path of "/home/daeyun/LSTM-force-estimation/install/custom_interfaces/lib/libcustom_interfaces__rosidl_generator_c.so" to ""
[3.690s] -- Installing: /home/daeyun/LSTM-force-estimation/install/custom_interfaces/lib/libcustom_interfaces__rosidl_typesupport_fastrtps_c.so
[3.690s] -- Set runtime path of "/home/daeyun/LSTM-force-estimation/install/custom_interfaces/lib/libcustom_interfaces__rosidl_typesupport_fastrtps_c.so" to ""
[3.690s] -- Installing: /home/daeyun/LSTM-force-estimation/install/custom_interfaces/lib/libcustom_interfaces__rosidl_typesupport_fastrtps_cpp.so
[3.690s] -- Set runtime path of "/home/daeyun/LSTM-force-estimation/install/custom_interfaces/lib/libcustom_interfaces__rosidl_typesupport_fastrtps_cpp.so" to ""
[3.690s] -- Installing: /home/daeyun/LSTM-force-estimation/install/custom_interfaces/lib/libcustom_interfaces__rosidl_typesupport_introspection_c.so
[3.691s] -- Set runtime path of "/home/daeyun/LSTM-force-estimation/install/custom_interfaces/lib/libcustom_interfaces__rosidl_typesupport_introspection_c.so" to ""
[3.691s] -- Installing: /home/daeyun/LSTM-force-estimation/install/custom_interfaces/lib/libcustom_interfaces__rosidl_typesupport_c.so
[3.691s] -- Set runtime path of "/home/daeyun/LSTM-force-estimation/install/custom_interfaces/lib/libcustom_interfaces__rosidl_typesupport_c.so" to ""
[3.691s] -- Installing: /home/daeyun/LSTM-force-estimation/install/custom_interfaces/lib/libcustom_interfaces__rosidl_typesupport_introspection_cpp.so
[3.691s] -- Set runtime path of "/home/daeyun/LSTM-force-estimation/install/custom_interfaces/lib/libcustom_interfaces__rosidl_typesupport_introspection_cpp.so" to ""
[3.691s] -- Installing: /home/daeyun/LSTM-force-estimation/install/custom_interfaces/lib/libcustom_interfaces__rosidl_typesupport_cpp.so
[3.691s] -- Set runtime path of "/home/daeyun/LSTM-force-estimation/install/custom_interfaces/lib/libcustom_interfaces__rosidl_typesupport_cpp.so" to ""
[3.712s] Listing '/home/daeyun/LSTM-force-estimation/install/custom_interfaces/lib/python3.10/site-packages/custom_interfaces'...
[3.712s] Compiling '/home/daeyun/LSTM-force-estimation/install/custom_interfaces/lib/python3.10/site-packages/custom_interfaces/__init__.py'...
[3.712s] Listing '/home/daeyun/LSTM-force-estimation/install/custom_interfaces/lib/python3.10/site-packages/custom_interfaces/msg'...
[3.712s] Compiling '/home/daeyun/LSTM-force-estimation/install/custom_interfaces/lib/python3.10/site-packages/custom_interfaces/msg/__init__.py'...
[3.712s] Compiling '/home/daeyun/LSTM-force-estimation/install/custom_interfaces/lib/python3.10/site-packages/custom_interfaces/msg/_data_filter_setting.py'...
[3.712s] Compiling '/home/daeyun/LSTM-force-estimation/install/custom_interfaces/lib/python3.10/site-packages/custom_interfaces/msg/_loadcell_state.py'...
[3.712s] Compiling '/home/daeyun/LSTM-force-estimation/install/custom_interfaces/lib/python3.10/site-packages/custom_interfaces/msg/_motor_command.py'...
[3.712s] Compiling '/home/daeyun/LSTM-force-estimation/install/custom_interfaces/lib/python3.10/site-packages/custom_interfaces/msg/_motor_command_csv.py'...
[3.712s] Compiling '/home/daeyun/LSTM-force-estimation/install/custom_interfaces/lib/python3.10/site-packages/custom_interfaces/msg/_motor_state.py'...
[3.713s] Listing '/home/daeyun/LSTM-force-estimation/install/custom_interfaces/lib/python3.10/site-packages/custom_interfaces/srv'...
[3.713s] Compiling '/home/daeyun/LSTM-force-estimation/install/custom_interfaces/lib/python3.10/site-packages/custom_interfaces/srv/__init__.py'...
[3.713s] Compiling '/home/daeyun/LSTM-force-estimation/install/custom_interfaces/lib/python3.10/site-packages/custom_interfaces/srv/_move_motor_direct.py'...
[3.713s] Compiling '/home/daeyun/LSTM-force-estimation/install/custom_interfaces/lib/python3.10/site-packages/custom_interfaces/srv/_move_tool_angle.py'...
[3.715s] -- Installing: /home/daeyun/LSTM-force-estimation/install/custom_interfaces/lib/libcustom_interfaces__rosidl_generator_py.so
[3.715s] -- Set runtime path of "/home/daeyun/LSTM-force-estimation/install/custom_interfaces/lib/libcustom_interfaces__rosidl_generator_py.so" to ""
[3.715s] -- Installing: /home/daeyun/LSTM-force-estimation/install/custom_interfaces/share/custom_interfaces/cmake/export_custom_interfaces__rosidl_generator_cExport.cmake
[3.715s] -- Installing: /home/daeyun/LSTM-force-estimation/install/custom_interfaces/share/custom_interfaces/cmake/export_custom_interfaces__rosidl_generator_cExport-noconfig.cmake
[3.715s] -- Installing: /home/daeyun/LSTM-force-estimation/install/custom_interfaces/share/custom_interfaces/cmake/export_custom_interfaces__rosidl_typesupport_fastrtps_cExport.cmake
[3.715s] -- Installing: /home/daeyun/LSTM-force-estimation/install/custom_interfaces/share/custom_interfaces/cmake/export_custom_interfaces__rosidl_typesupport_fastrtps_cExport-noconfig.cmake
[3.715s] -- Installing: /home/daeyun/LSTM-force-estimation/install/custom_interfaces/share/custom_interfaces/cmake/export_custom_interfaces__rosidl_generator_cppExport.cmake
[3.715s] -- Installing: /home/daeyun/LSTM-force-estimation/install/custom_interfaces/share/custom_interfaces/cmake/export_custom_interfaces__rosidl_typesupport_fastrtps_cppExport.cmake
[3.715s] -- Installing: /home/daeyun/LSTM-force-estimation/install/custom_interfaces/share/custom_interfaces/cmake/export_custom_interfaces__rosidl_typesupport_fastrtps_cppExport-noconfig.cmake
[3.715s] -- Installing: /home/daeyun/LSTM-force-estimation/install/custom_interfaces/share/custom_interfaces/cmake/custom_interfaces__rosidl_typesupport_introspection_cExport.cmake
[3.715s] -- Installing: /home/daeyun/LSTM-force-estimation/install/custom_interfaces/share/custom_interfaces/cmake/custom_interfaces__rosidl_typesupport_introspection_cExport-noconfig.cmake
[3.715s] -- Installing: /home/daeyun/LSTM-force-estimation/install/custom_interfaces/share/custom_interfaces/cmake/custom_interfaces__rosidl_typesupport_cExport.cmake
[3.715s] -- Installing: /home/daeyun/LSTM-force-estimation/install/custom_interfaces/share/custom_interfaces/cmake/custom_interfaces__rosidl_typesupport_cExport-noconfig.cmake
[3.715s] -- Installing: /home/daeyun/LSTM-force-estimation/install/custom_interfaces/share/custom_interfaces/cmake/custom_interfaces__rosidl_typesupport_introspection_cppExport.cmake
[3.715s] -- Installing: /home/daeyun/LSTM-force-estimation/install/custom_interfaces/share/custom_interfaces/cmake/custom_interfaces__rosidl_typesupport_introspection_cppExport-noconfig.cmake
[3.715s] -- Installing: /home/daeyun/LSTM-force-estimation/install/custom_interfaces/share/custom_interfaces/cmake/custom_interfaces__rosidl_typesupport_cppExport.cmake
[3.715s] -- Installing: /home/daeyun/LSTM-force-estimation/install/custom_interfaces/share/custom_interfaces/cmake/custom_interfaces__rosidl_typesupport_cppExport-noconfig.cmake
[3.715s] -- Installing: /home/daeyun/LSTM-force-estimation/install/custom_interfaces/share/custom_interfaces/cmake/export_custom_interfaces__rosidl_generator_pyExport.cmake
[3.715s] -- Installing: /home/daeyun/LSTM-force-estimation/install/custom_interfaces/share/custom_interfaces/cmake/export_custom_interfaces__rosidl_generator_pyExport-noconfig.cmake
[3.717s] Invoked command in '/home/daeyun/LSTM-force-estimation/build/custom_interfaces' returned '0': CMAKE_PREFIX_PATH=/opt/ros/humble PS1=(LSTM-FORCE-ESTIMATION-VENV) \[\e]0;\u@\h: \w\a\]${debian_chroot:+($debian_chroot)}\[\033[01;32m\]\u@\h\[\033[00m\]:\[\033[01;34m\]\w\[\033[00m\]\$ VIRTUAL_ENV_PROMPT=(LSTM-FORCE-ESTIMATION-VENV) /usr/bin/cmake --install /home/daeyun/LSTM-force-estimation/build/custom_interfaces
